a:6:{s:3:"row";i:1;s:7:"message";s:27:"User imported successfully.";s:6:"status";b:1;s:10:"status_msg";s:7:"Success";s:7:"post_id";i:438;s:9:"post_link";a:2:{s:8:"edit_url";s:68:"http://localhost/sample-store-new/wp-admin/user-edit.php?user_id=438";s:5:"title";s:10:"adam.knoll";}}
a:6:{s:3:"row";i:2;s:7:"message";s:27:"User imported successfully.";s:6:"status";b:1;s:10:"status_msg";s:7:"Success";s:7:"post_id";i:439;s:9:"post_link";a:2:{s:8:"edit_url";s:68:"http://localhost/sample-store-new/wp-admin/user-edit.php?user_id=439";s:5:"title";s:13:"alicia.pappas";}}
a:6:{s:3:"row";i:3;s:7:"message";s:27:"User imported successfully.";s:6:"status";b:1;s:10:"status_msg";s:7:"Success";s:7:"post_id";i:440;s:9:"post_link";a:2:{s:8:"edit_url";s:68:"http://localhost/sample-store-new/wp-admin/user-edit.php?user_id=440";s:5:"title";s:29:"Amanda.lebow@thewinegroup.com";}}
a:6:{s:3:"row";i:4;s:7:"message";s:27:"User imported successfully.";s:6:"status";b:1;s:10:"status_msg";s:7:"Success";s:7:"post_id";i:441;s:9:"post_link";a:2:{s:8:"edit_url";s:68:"http://localhost/sample-store-new/wp-admin/user-edit.php?user_id=441";s:5:"title";s:11:"apiscitelli";}}
a:6:{s:3:"row";i:5;s:7:"message";s:27:"User imported successfully.";s:6:"status";b:1;s:10:"status_msg";s:7:"Success";s:7:"post_id";i:442;s:9:"post_link";a:2:{s:8:"edit_url";s:68:"http://localhost/sample-store-new/wp-admin/user-edit.php?user_id=442";s:5:"title";s:30:"Ashley.arnold@thewinegroup.com";}}
a:6:{s:3:"row";i:6;s:7:"message";s:27:"User imported successfully.";s:6:"status";b:1;s:10:"status_msg";s:7:"Success";s:7:"post_id";i:443;s:9:"post_link";a:2:{s:8:"edit_url";s:68:"http://localhost/sample-store-new/wp-admin/user-edit.php?user_id=443";s:5:"title";s:9:"Barbato16";}}
a:6:{s:3:"row";i:7;s:7:"message";s:27:"User imported successfully.";s:6:"status";b:1;s:10:"status_msg";s:7:"Success";s:7:"post_id";i:444;s:9:"post_link";a:2:{s:8:"edit_url";s:68:"http://localhost/sample-store-new/wp-admin/user-edit.php?user_id=444";s:5:"title";s:31:"caitlyn.walley@thewinegroup.com";}}
a:6:{s:3:"row";i:8;s:7:"message";s:27:"User imported successfully.";s:6:"status";b:1;s:10:"status_msg";s:7:"Success";s:7:"post_id";i:445;s:9:"post_link";a:2:{s:8:"edit_url";s:68:"http://localhost/sample-store-new/wp-admin/user-edit.php?user_id=445";s:5:"title";s:25:"correnas@thewinegroup.com";}}
a:6:{s:3:"row";i:9;s:7:"message";s:27:"User imported successfully.";s:6:"status";b:1;s:10:"status_msg";s:7:"Success";s:7:"post_id";i:446;s:9:"post_link";a:2:{s:8:"edit_url";s:68:"http://localhost/sample-store-new/wp-admin/user-edit.php?user_id=446";s:5:"title";s:10:"Dahlstrom1";}}
a:6:{s:3:"row";i:10;s:7:"message";s:27:"User imported successfully.";s:6:"status";b:1;s:10:"status_msg";s:7:"Success";s:7:"post_id";i:447;s:9:"post_link";a:2:{s:8:"edit_url";s:68:"http://localhost/sample-store-new/wp-admin/user-edit.php?user_id=447";s:5:"title";s:32:"danny.cappiello@thewinegroup.com";}}
a:6:{s:3:"row";i:11;s:7:"message";s:27:"User imported successfully.";s:6:"status";b:1;s:10:"status_msg";s:7:"Success";s:7:"post_id";i:448;s:9:"post_link";a:2:{s:8:"edit_url";s:68:"http://localhost/sample-store-new/wp-admin/user-edit.php?user_id=448";s:5:"title";s:7:"dbeaver";}}
a:6:{s:3:"row";i:12;s:7:"message";s:27:"User imported successfully.";s:6:"status";b:1;s:10:"status_msg";s:7:"Success";s:7:"post_id";i:449;s:9:"post_link";a:2:{s:8:"edit_url";s:68:"http://localhost/sample-store-new/wp-admin/user-edit.php?user_id=449";s:5:"title";s:5:"dcain";}}
a:6:{s:3:"row";i:13;s:7:"message";s:27:"User imported successfully.";s:6:"status";b:1;s:10:"status_msg";s:7:"Success";s:7:"post_id";i:450;s:9:"post_link";a:2:{s:8:"edit_url";s:68:"http://localhost/sample-store-new/wp-admin/user-edit.php?user_id=450";s:5:"title";s:30:"denielle.yost@thewinegroup.com";}}
a:6:{s:3:"row";i:14;s:7:"message";s:27:"User imported successfully.";s:6:"status";b:1;s:10:"status_msg";s:7:"Success";s:7:"post_id";i:451;s:9:"post_link";a:2:{s:8:"edit_url";s:68:"http://localhost/sample-store-new/wp-admin/user-edit.php?user_id=451";s:5:"title";s:13:"Deyaniraortiz";}}
a:6:{s:3:"row";i:15;s:7:"message";s:27:"User imported successfully.";s:6:"status";b:1;s:10:"status_msg";s:7:"Success";s:7:"post_id";i:452;s:9:"post_link";a:2:{s:8:"edit_url";s:68:"http://localhost/sample-store-new/wp-admin/user-edit.php?user_id=452";s:5:"title";s:11:"DHarrell311";}}
a:6:{s:3:"row";i:16;s:7:"message";s:27:"User imported successfully.";s:6:"status";b:1;s:10:"status_msg";s:7:"Success";s:7:"post_id";i:453;s:9:"post_link";a:2:{s:8:"edit_url";s:68:"http://localhost/sample-store-new/wp-admin/user-edit.php?user_id=453";s:5:"title";s:7:"dkhan01";}}
a:6:{s:3:"row";i:17;s:7:"message";s:27:"User imported successfully.";s:6:"status";b:1;s:10:"status_msg";s:7:"Success";s:7:"post_id";i:454;s:9:"post_link";a:2:{s:8:"edit_url";s:68:"http://localhost/sample-store-new/wp-admin/user-edit.php?user_id=454";s:5:"title";s:10:"ghorrocks1";}}
a:6:{s:3:"row";i:18;s:7:"message";s:27:"User imported successfully.";s:6:"status";b:1;s:10:"status_msg";s:7:"Success";s:7:"post_id";i:455;s:9:"post_link";a:2:{s:8:"edit_url";s:68:"http://localhost/sample-store-new/wp-admin/user-edit.php?user_id=455";s:5:"title";s:27:"greg.umlas@thewinegroup.com";}}
a:6:{s:3:"row";i:19;s:7:"message";s:27:"User imported successfully.";s:6:"status";b:1;s:10:"status_msg";s:7:"Success";s:7:"post_id";i:456;s:9:"post_link";a:2:{s:8:"edit_url";s:68:"http://localhost/sample-store-new/wp-admin/user-edit.php?user_id=456";s:5:"title";s:32:"hayley.jacobsen@thewinegroup.com";}}
a:6:{s:3:"row";i:20;s:7:"message";s:27:"User imported successfully.";s:6:"status";b:1;s:10:"status_msg";s:7:"Success";s:7:"post_id";i:457;s:9:"post_link";a:2:{s:8:"edit_url";s:68:"http://localhost/sample-store-new/wp-admin/user-edit.php?user_id=457";s:5:"title";s:27:"hella.zoet@thewinegroup.com";}}
a:6:{s:3:"row";i:21;s:7:"message";s:27:"User imported successfully.";s:6:"status";b:1;s:10:"status_msg";s:7:"Success";s:7:"post_id";i:458;s:9:"post_link";a:2:{s:8:"edit_url";s:68:"http://localhost/sample-store-new/wp-admin/user-edit.php?user_id=458";s:5:"title";s:9:"hjefferis";}}
a:6:{s:3:"row";i:22;s:7:"message";s:27:"User imported successfully.";s:6:"status";b:1;s:10:"status_msg";s:7:"Success";s:7:"post_id";i:459;s:9:"post_link";a:2:{s:8:"edit_url";s:68:"http://localhost/sample-store-new/wp-admin/user-edit.php?user_id=459";s:5:"title";s:12:"jbriestensky";}}
a:6:{s:3:"row";i:23;s:7:"message";s:27:"User imported successfully.";s:6:"status";b:1;s:10:"status_msg";s:7:"Success";s:7:"post_id";i:460;s:9:"post_link";a:2:{s:8:"edit_url";s:68:"http://localhost/sample-store-new/wp-admin/user-edit.php?user_id=460";s:5:"title";s:15:"jennifershipman";}}
a:6:{s:3:"row";i:24;s:7:"message";s:27:"User imported successfully.";s:6:"status";b:1;s:10:"status_msg";s:7:"Success";s:7:"post_id";i:461;s:9:"post_link";a:2:{s:8:"edit_url";s:68:"http://localhost/sample-store-new/wp-admin/user-edit.php?user_id=461";s:5:"title";s:12:"kawon.hunter";}}
a:6:{s:3:"row";i:25;s:7:"message";s:27:"User imported successfully.";s:6:"status";b:1;s:10:"status_msg";s:7:"Success";s:7:"post_id";i:462;s:9:"post_link";a:2:{s:8:"edit_url";s:68:"http://localhost/sample-store-new/wp-admin/user-edit.php?user_id=462";s:5:"title";s:13:"kellie.soohoo";}}
a:6:{s:3:"row";i:26;s:7:"message";s:27:"User imported successfully.";s:6:"status";b:1;s:10:"status_msg";s:7:"Success";s:7:"post_id";i:463;s:9:"post_link";a:2:{s:8:"edit_url";s:68:"http://localhost/sample-store-new/wp-admin/user-edit.php?user_id=463";s:5:"title";s:6:"KHoefs";}}
a:6:{s:3:"row";i:27;s:7:"message";s:27:"User imported successfully.";s:6:"status";b:1;s:10:"status_msg";s:7:"Success";s:7:"post_id";i:464;s:9:"post_link";a:2:{s:8:"edit_url";s:68:"http://localhost/sample-store-new/wp-admin/user-edit.php?user_id=464";s:5:"title";s:14:"kristen.flores";}}
a:6:{s:3:"row";i:28;s:7:"message";s:27:"User imported successfully.";s:6:"status";b:1;s:10:"status_msg";s:7:"Success";s:7:"post_id";i:465;s:9:"post_link";a:2:{s:8:"edit_url";s:68:"http://localhost/sample-store-new/wp-admin/user-edit.php?user_id=465";s:5:"title";s:8:"liz.boss";}}
a:6:{s:3:"row";i:29;s:7:"message";s:27:"User imported successfully.";s:6:"status";b:1;s:10:"status_msg";s:7:"Success";s:7:"post_id";i:466;s:9:"post_link";a:2:{s:8:"edit_url";s:68:"http://localhost/sample-store-new/wp-admin/user-edit.php?user_id=466";s:5:"title";s:29:"luke.ordogne@thewinegroup.com";}}
a:6:{s:3:"row";i:30;s:7:"message";s:27:"User imported successfully.";s:6:"status";b:1;s:10:"status_msg";s:7:"Success";s:7:"post_id";i:467;s:9:"post_link";a:2:{s:8:"edit_url";s:68:"http://localhost/sample-store-new/wp-admin/user-edit.php?user_id=467";s:5:"title";s:26:"mary.jump@thewinegroup.com";}}
a:6:{s:3:"row";i:31;s:7:"message";s:27:"User imported successfully.";s:6:"status";b:1;s:10:"status_msg";s:7:"Success";s:7:"post_id";i:468;s:9:"post_link";a:2:{s:8:"edit_url";s:68:"http://localhost/sample-store-new/wp-admin/user-edit.php?user_id=468";s:5:"title";s:29:"melissa.coto@thewinegroup.com";}}
a:6:{s:3:"row";i:32;s:7:"message";s:27:"User imported successfully.";s:6:"status";b:1;s:10:"status_msg";s:7:"Success";s:7:"post_id";i:469;s:9:"post_link";a:2:{s:8:"edit_url";s:68:"http://localhost/sample-store-new/wp-admin/user-edit.php?user_id=469";s:5:"title";s:36:"merridith.robertson@thewinegroup.com";}}
a:6:{s:3:"row";i:33;s:7:"message";s:27:"User imported successfully.";s:6:"status";b:1;s:10:"status_msg";s:7:"Success";s:7:"post_id";i:470;s:9:"post_link";a:2:{s:8:"edit_url";s:68:"http://localhost/sample-store-new/wp-admin/user-edit.php?user_id=470";s:5:"title";s:8:"miggy559";}}
a:6:{s:3:"row";i:34;s:7:"message";s:27:"User imported successfully.";s:6:"status";b:1;s:10:"status_msg";s:7:"Success";s:7:"post_id";i:471;s:9:"post_link";a:2:{s:8:"edit_url";s:68:"http://localhost/sample-store-new/wp-admin/user-edit.php?user_id=471";s:5:"title";s:9:"msisson78";}}
a:6:{s:3:"row";i:35;s:7:"message";s:27:"User imported successfully.";s:6:"status";b:1;s:10:"status_msg";s:7:"Success";s:7:"post_id";i:472;s:9:"post_link";a:2:{s:8:"edit_url";s:68:"http://localhost/sample-store-new/wp-admin/user-edit.php?user_id=472";s:5:"title";s:33:"rachelle.rudloff@thewinegroup.com";}}
a:6:{s:3:"row";i:36;s:7:"message";s:27:"User imported successfully.";s:6:"status";b:1;s:10:"status_msg";s:7:"Success";s:7:"post_id";i:473;s:9:"post_link";a:2:{s:8:"edit_url";s:68:"http://localhost/sample-store-new/wp-admin/user-edit.php?user_id=473";s:5:"title";s:26:"ryan.wise@thewinegroup.com";}}
a:6:{s:3:"row";i:37;s:7:"message";s:27:"User imported successfully.";s:6:"status";b:1;s:10:"status_msg";s:7:"Success";s:7:"post_id";i:474;s:9:"post_link";a:2:{s:8:"edit_url";s:68:"http://localhost/sample-store-new/wp-admin/user-edit.php?user_id=474";s:5:"title";s:30:"sarah.andrews@thewinegroup.com";}}
a:6:{s:3:"row";i:38;s:7:"message";s:27:"User imported successfully.";s:6:"status";b:1;s:10:"status_msg";s:7:"Success";s:7:"post_id";i:475;s:9:"post_link";a:2:{s:8:"edit_url";s:68:"http://localhost/sample-store-new/wp-admin/user-edit.php?user_id=475";s:5:"title";s:18:"scott.christiansen";}}
a:6:{s:3:"row";i:39;s:7:"message";s:27:"User imported successfully.";s:6:"status";b:1;s:10:"status_msg";s:7:"Success";s:7:"post_id";i:476;s:9:"post_link";a:2:{s:8:"edit_url";s:68:"http://localhost/sample-store-new/wp-admin/user-edit.php?user_id=476";s:5:"title";s:9:"SQualters";}}
a:6:{s:3:"row";i:40;s:7:"message";s:27:"User imported successfully.";s:6:"status";b:1;s:10:"status_msg";s:7:"Success";s:7:"post_id";i:477;s:9:"post_link";a:2:{s:8:"edit_url";s:68:"http://localhost/sample-store-new/wp-admin/user-edit.php?user_id=477";s:5:"title";s:33:"stacy.weisgerber@thewinegroup.com";}}
a:6:{s:3:"row";i:41;s:7:"message";s:27:"User imported successfully.";s:6:"status";b:1;s:10:"status_msg";s:7:"Success";s:7:"post_id";i:478;s:9:"post_link";a:2:{s:8:"edit_url";s:68:"http://localhost/sample-store-new/wp-admin/user-edit.php?user_id=478";s:5:"title";s:36:"stephanie.steinhoff@thewinegroup.com";}}
a:6:{s:3:"row";i:42;s:7:"message";s:27:"User imported successfully.";s:6:"status";b:1;s:10:"status_msg";s:7:"Success";s:7:"post_id";i:479;s:9:"post_link";a:2:{s:8:"edit_url";s:68:"http://localhost/sample-store-new/wp-admin/user-edit.php?user_id=479";s:5:"title";s:31:"tristram.groom@thewinegroup.com";}}
a:6:{s:3:"row";i:43;s:7:"message";s:27:"User imported successfully.";s:6:"status";b:1;s:10:"status_msg";s:7:"Success";s:7:"post_id";i:480;s:9:"post_link";a:2:{s:8:"edit_url";s:68:"http://localhost/sample-store-new/wp-admin/user-edit.php?user_id=480";s:5:"title";s:27:"turk.evans@thewinegroup.com";}}
