a:6:{s:3:"row";i:1;s:7:"message";s:27:"User imported successfully.";s:6:"status";b:1;s:10:"status_msg";s:7:"Success";s:7:"post_id";i:481;s:9:"post_link";a:2:{s:8:"edit_url";s:68:"http://localhost/sample-store-new/wp-admin/user-edit.php?user_id=481";s:5:"title";s:7:"abalboa";}}
a:6:{s:3:"row";i:2;s:7:"message";s:27:"User imported successfully.";s:6:"status";b:1;s:10:"status_msg";s:7:"Success";s:7:"post_id";i:482;s:9:"post_link";a:2:{s:8:"edit_url";s:68:"http://localhost/sample-store-new/wp-admin/user-edit.php?user_id=482";s:5:"title";s:5:"admin";}}
a:6:{s:3:"row";i:3;s:7:"message";s:27:"User imported successfully.";s:6:"status";b:1;s:10:"status_msg";s:7:"Success";s:7:"post_id";i:483;s:9:"post_link";a:2:{s:8:"edit_url";s:68:"http://localhost/sample-store-new/wp-admin/user-edit.php?user_id=483";s:5:"title";s:8:"agirard1";}}
a:6:{s:3:"row";i:4;s:7:"message";s:27:"User imported successfully.";s:6:"status";b:1;s:10:"status_msg";s:7:"Success";s:7:"post_id";i:484;s:9:"post_link";a:2:{s:8:"edit_url";s:68:"http://localhost/sample-store-new/wp-admin/user-edit.php?user_id=484";s:5:"title";s:28:"amit.saxena@thewinegroup.com";}}
a:6:{s:3:"row";i:5;s:7:"message";s:27:"User imported successfully.";s:6:"status";b:1;s:10:"status_msg";s:7:"Success";s:7:"post_id";i:485;s:9:"post_link";a:2:{s:8:"edit_url";s:68:"http://localhost/sample-store-new/wp-admin/user-edit.php?user_id=485";s:5:"title";s:31:"ashleigh.seppa@thewinegroup.com";}}
a:6:{s:3:"row";i:6;s:7:"message";s:27:"User imported successfully.";s:6:"status";b:1;s:10:"status_msg";s:7:"Success";s:7:"post_id";i:486;s:9:"post_link";a:2:{s:8:"edit_url";s:68:"http://localhost/sample-store-new/wp-admin/user-edit.php?user_id=486";s:5:"title";s:10:"carliesisk";}}
a:6:{s:3:"row";i:7;s:7:"message";s:27:"User imported successfully.";s:6:"status";b:1;s:10:"status_msg";s:7:"Success";s:7:"post_id";i:487;s:9:"post_link";a:2:{s:8:"edit_url";s:68:"http://localhost/sample-store-new/wp-admin/user-edit.php?user_id=487";s:5:"title";s:14:"chris.billings";}}
a:6:{s:3:"row";i:8;s:7:"message";s:27:"User imported successfully.";s:6:"status";b:1;s:10:"status_msg";s:7:"Success";s:7:"post_id";i:488;s:9:"post_link";a:2:{s:8:"edit_url";s:68:"http://localhost/sample-store-new/wp-admin/user-edit.php?user_id=488";s:5:"title";s:30:"collin.cooney@thewinegroup.com";}}
a:6:{s:3:"row";i:9;s:7:"message";s:27:"User imported successfully.";s:6:"status";b:1;s:10:"status_msg";s:7:"Success";s:7:"post_id";i:489;s:9:"post_link";a:2:{s:8:"edit_url";s:68:"http://localhost/sample-store-new/wp-admin/user-edit.php?user_id=489";s:5:"title";s:27:"dan.murray@thewinegroup.com";}}
a:6:{s:3:"row";i:10;s:7:"message";s:73:"User with same Email already exists. Email: dhiraj.kumar@thewinegroup.com";s:6:"status";b:0;s:10:"status_msg";s:14:"Failed/Skipped";s:7:"post_id";s:0:"";s:9:"post_link";a:2:{s:5:"title";s:8:"Untitled";s:8:"edit_url";b:0;}}
a:6:{s:3:"row";i:11;s:7:"message";s:27:"User imported successfully.";s:6:"status";b:1;s:10:"status_msg";s:7:"Success";s:7:"post_id";i:490;s:9:"post_link";a:2:{s:8:"edit_url";s:68:"http://localhost/sample-store-new/wp-admin/user-edit.php?user_id=490";s:5:"title";s:15:"emily.gallagher";}}
a:6:{s:3:"row";i:12;s:7:"message";s:27:"User imported successfully.";s:6:"status";b:1;s:10:"status_msg";s:7:"Success";s:7:"post_id";i:491;s:9:"post_link";a:2:{s:8:"edit_url";s:68:"http://localhost/sample-store-new/wp-admin/user-edit.php?user_id=491";s:5:"title";s:7:"ESREHAK";}}
a:6:{s:3:"row";i:13;s:7:"message";s:27:"User imported successfully.";s:6:"status";b:1;s:10:"status_msg";s:7:"Success";s:7:"post_id";i:492;s:9:"post_link";a:2:{s:8:"edit_url";s:68:"http://localhost/sample-store-new/wp-admin/user-edit.php?user_id=492";s:5:"title";s:11:"justinberry";}}
a:6:{s:3:"row";i:14;s:7:"message";s:27:"User imported successfully.";s:6:"status";b:1;s:10:"status_msg";s:7:"Success";s:7:"post_id";i:493;s:9:"post_link";a:2:{s:8:"edit_url";s:68:"http://localhost/sample-store-new/wp-admin/user-edit.php?user_id=493";s:5:"title";s:11:"k.balakrish";}}
a:6:{s:3:"row";i:15;s:7:"message";s:27:"User imported successfully.";s:6:"status";b:1;s:10:"status_msg";s:7:"Success";s:7:"post_id";i:494;s:9:"post_link";a:2:{s:8:"edit_url";s:68:"http://localhost/sample-store-new/wp-admin/user-edit.php?user_id=494";s:5:"title";s:15:"kanika.wadhawan";}}
a:6:{s:3:"row";i:16;s:7:"message";s:27:"User imported successfully.";s:6:"status";b:1;s:10:"status_msg";s:7:"Success";s:7:"post_id";i:495;s:9:"post_link";a:2:{s:8:"edit_url";s:68:"http://localhost/sample-store-new/wp-admin/user-edit.php?user_id=495";s:5:"title";s:11:"kaylamartin";}}
a:6:{s:3:"row";i:17;s:7:"message";s:27:"User imported successfully.";s:6:"status";b:1;s:10:"status_msg";s:7:"Success";s:7:"post_id";i:496;s:9:"post_link";a:2:{s:8:"edit_url";s:68:"http://localhost/sample-store-new/wp-admin/user-edit.php?user_id=496";s:5:"title";s:28:"kishor.ayer@thewinegroup.com";}}
a:6:{s:3:"row";i:18;s:7:"message";s:27:"User imported successfully.";s:6:"status";b:1;s:10:"status_msg";s:7:"Success";s:7:"post_id";i:497;s:9:"post_link";a:2:{s:8:"edit_url";s:68:"http://localhost/sample-store-new/wp-admin/user-edit.php?user_id=497";s:5:"title";s:12:"lauren.brown";}}
a:6:{s:3:"row";i:19;s:7:"message";s:27:"User imported successfully.";s:6:"status";b:1;s:10:"status_msg";s:7:"Success";s:7:"post_id";i:498;s:9:"post_link";a:2:{s:8:"edit_url";s:68:"http://localhost/sample-store-new/wp-admin/user-edit.php?user_id=498";s:5:"title";s:12:"lesafoxworth";}}
a:6:{s:3:"row";i:20;s:7:"message";s:27:"User imported successfully.";s:6:"status";b:1;s:10:"status_msg";s:7:"Success";s:7:"post_id";i:499;s:9:"post_link";a:2:{s:8:"edit_url";s:68:"http://localhost/sample-store-new/wp-admin/user-edit.php?user_id=499";s:5:"title";s:11:"matt.roemer";}}
a:6:{s:3:"row";i:21;s:7:"message";s:27:"User imported successfully.";s:6:"status";b:1;s:10:"status_msg";s:7:"Success";s:7:"post_id";i:500;s:9:"post_link";a:2:{s:8:"edit_url";s:68:"http://localhost/sample-store-new/wp-admin/user-edit.php?user_id=500";s:5:"title";s:31:"matthew.currin@thewinegroup.com";}}
a:6:{s:3:"row";i:22;s:7:"message";s:27:"User imported successfully.";s:6:"status";b:1;s:10:"status_msg";s:7:"Success";s:7:"post_id";i:501;s:9:"post_link";a:2:{s:8:"edit_url";s:68:"http://localhost/sample-store-new/wp-admin/user-edit.php?user_id=501";s:5:"title";s:32:"michelle.diemer@thewinegroup.com";}}
a:6:{s:3:"row";i:23;s:7:"message";s:27:"User imported successfully.";s:6:"status";b:1;s:10:"status_msg";s:7:"Success";s:7:"post_id";i:502;s:9:"post_link";a:2:{s:8:"edit_url";s:68:"http://localhost/sample-store-new/wp-admin/user-edit.php?user_id=502";s:5:"title";s:13:"monica.fineis";}}
a:6:{s:3:"row";i:24;s:7:"message";s:27:"User imported successfully.";s:6:"status";b:1;s:10:"status_msg";s:7:"Success";s:7:"post_id";i:503;s:9:"post_link";a:2:{s:8:"edit_url";s:68:"http://localhost/sample-store-new/wp-admin/user-edit.php?user_id=503";s:5:"title";s:31:"nathan.hidalgo@thewinegroup.com";}}
a:6:{s:3:"row";i:25;s:7:"message";s:27:"User imported successfully.";s:6:"status";b:1;s:10:"status_msg";s:7:"Success";s:7:"post_id";i:504;s:9:"post_link";a:2:{s:8:"edit_url";s:68:"http://localhost/sample-store-new/wp-admin/user-edit.php?user_id=504";s:5:"title";s:30:"peter.estremo@thewinegroup.com";}}
a:6:{s:3:"row";i:26;s:7:"message";s:27:"User imported successfully.";s:6:"status";b:1;s:10:"status_msg";s:7:"Success";s:7:"post_id";i:505;s:9:"post_link";a:2:{s:8:"edit_url";s:68:"http://localhost/sample-store-new/wp-admin/user-edit.php?user_id=505";s:5:"title";s:10:"pragya.twg";}}
a:6:{s:3:"row";i:27;s:7:"message";s:27:"User imported successfully.";s:6:"status";b:1;s:10:"status_msg";s:7:"Success";s:7:"post_id";i:506;s:9:"post_link";a:2:{s:8:"edit_url";s:68:"http://localhost/sample-store-new/wp-admin/user-edit.php?user_id=506";s:5:"title";s:32:"prashant.rokade@thewinegroup.com";}}
a:6:{s:3:"row";i:28;s:7:"message";s:27:"User imported successfully.";s:6:"status";b:1;s:10:"status_msg";s:7:"Success";s:7:"post_id";i:507;s:9:"post_link";a:2:{s:8:"edit_url";s:68:"http://localhost/sample-store-new/wp-admin/user-edit.php?user_id=507";s:5:"title";s:34:"shashank.mahamuni@thewinegroup.com";}}
a:6:{s:3:"row";i:29;s:7:"message";s:27:"User imported successfully.";s:6:"status";b:1;s:10:"status_msg";s:7:"Success";s:7:"post_id";i:508;s:9:"post_link";a:2:{s:8:"edit_url";s:68:"http://localhost/sample-store-new/wp-admin/user-edit.php?user_id=508";s:5:"title";s:10:"shelbygail";}}
a:6:{s:3:"row";i:30;s:7:"message";s:27:"User imported successfully.";s:6:"status";b:1;s:10:"status_msg";s:7:"Success";s:7:"post_id";i:509;s:9:"post_link";a:2:{s:8:"edit_url";s:68:"http://localhost/sample-store-new/wp-admin/user-edit.php?user_id=509";s:5:"title";s:32:"stephanie.haney@thewinegroup.com";}}
a:6:{s:3:"row";i:31;s:7:"message";s:27:"User imported successfully.";s:6:"status";b:1;s:10:"status_msg";s:7:"Success";s:7:"post_id";i:510;s:9:"post_link";a:2:{s:8:"edit_url";s:68:"http://localhost/sample-store-new/wp-admin/user-edit.php?user_id=510";s:5:"title";s:34:"stephanie.mallory@thewinegroup.com";}}
a:6:{s:3:"row";i:32;s:7:"message";s:27:"User imported successfully.";s:6:"status";b:1;s:10:"status_msg";s:7:"Success";s:7:"post_id";i:511;s:9:"post_link";a:2:{s:8:"edit_url";s:68:"http://localhost/sample-store-new/wp-admin/user-edit.php?user_id=511";s:5:"title";s:6:"sudhir";}}
a:6:{s:3:"row";i:33;s:7:"message";s:27:"User imported successfully.";s:6:"status";b:1;s:10:"status_msg";s:7:"Success";s:7:"post_id";i:512;s:9:"post_link";a:2:{s:8:"edit_url";s:68:"http://localhost/sample-store-new/wp-admin/user-edit.php?user_id=512";s:5:"title";s:29:"tastingpanel@thewinegroup.com";}}
a:6:{s:3:"row";i:34;s:7:"message";s:27:"User imported successfully.";s:6:"status";b:1;s:10:"status_msg";s:7:"Success";s:7:"post_id";i:513;s:9:"post_link";a:2:{s:8:"edit_url";s:68:"http://localhost/sample-store-new/wp-admin/user-edit.php?user_id=513";s:5:"title";s:30:"twgsharepoint@thewinegroup.com";}}
