a:6:{s:3:"row";i:1;s:7:"message";s:27:"User imported successfully.";s:6:"status";b:1;s:10:"status_msg";s:7:"Success";s:7:"post_id";i:2;s:9:"post_link";a:2:{s:8:"edit_url";s:66:"http://localhost/sample-store-new/wp-admin/user-edit.php?user_id=2";s:5:"title";s:5:"87150";}}
a:6:{s:3:"row";i:2;s:7:"message";s:27:"User imported successfully.";s:6:"status";b:1;s:10:"status_msg";s:7:"Success";s:7:"post_id";i:3;s:9:"post_link";a:2:{s:8:"edit_url";s:66:"http://localhost/sample-store-new/wp-admin/user-edit.php?user_id=3";s:5:"title";s:30:"Adam.demarais@thewinegroup.com";}}
a:6:{s:3:"row";i:3;s:7:"message";s:27:"User imported successfully.";s:6:"status";b:1;s:10:"status_msg";s:7:"Success";s:7:"post_id";i:4;s:9:"post_link";a:2:{s:8:"edit_url";s:66:"http://localhost/sample-store-new/wp-admin/user-edit.php?user_id=4";s:5:"title";s:9:"agrossman";}}
a:6:{s:3:"row";i:4;s:7:"message";s:27:"User imported successfully.";s:6:"status";b:1;s:10:"status_msg";s:7:"Success";s:7:"post_id";i:5;s:9:"post_link";a:2:{s:8:"edit_url";s:66:"http://localhost/sample-store-new/wp-admin/user-edit.php?user_id=5";s:5:"title";s:30:"Aj.mindermann@thewinegroup.com";}}
a:6:{s:3:"row";i:5;s:7:"message";s:27:"User imported successfully.";s:6:"status";b:1;s:10:"status_msg";s:7:"Success";s:7:"post_id";i:6;s:9:"post_link";a:2:{s:8:"edit_url";s:66:"http://localhost/sample-store-new/wp-admin/user-edit.php?user_id=6";s:5:"title";s:23:"akaris@double-forte.com";}}
a:6:{s:3:"row";i:6;s:7:"message";s:27:"User imported successfully.";s:6:"status";b:1;s:10:"status_msg";s:7:"Success";s:7:"post_id";i:7;s:9:"post_link";a:2:{s:8:"edit_url";s:66:"http://localhost/sample-store-new/wp-admin/user-edit.php?user_id=7";s:5:"title";s:30:"alyssa.barber@thewinegroup.com";}}
a:6:{s:3:"row";i:7;s:7:"message";s:27:"User imported successfully.";s:6:"status";b:1;s:10:"status_msg";s:7:"Success";s:7:"post_id";i:8;s:9:"post_link";a:2:{s:8:"edit_url";s:66:"http://localhost/sample-store-new/wp-admin/user-edit.php?user_id=8";s:5:"title";s:29:"amanda.young@thewinegroup.com";}}
a:6:{s:3:"row";i:8;s:7:"message";s:27:"User imported successfully.";s:6:"status";b:1;s:10:"status_msg";s:7:"Success";s:7:"post_id";i:9;s:9:"post_link";a:2:{s:8:"edit_url";s:66:"http://localhost/sample-store-new/wp-admin/user-edit.php?user_id=9";s:5:"title";s:26:"amy.navor@thewinegroup.com";}}
a:6:{s:3:"row";i:9;s:7:"message";s:27:"User imported successfully.";s:6:"status";b:1;s:10:"status_msg";s:7:"Success";s:7:"post_id";i:10;s:9:"post_link";a:2:{s:8:"edit_url";s:67:"http://localhost/sample-store-new/wp-admin/user-edit.php?user_id=10";s:5:"title";s:10:"Amyclancy1";}}
a:6:{s:3:"row";i:10;s:7:"message";s:27:"User imported successfully.";s:6:"status";b:1;s:10:"status_msg";s:7:"Success";s:7:"post_id";i:11;s:9:"post_link";a:2:{s:8:"edit_url";s:67:"http://localhost/sample-store-new/wp-admin/user-edit.php?user_id=11";s:5:"title";s:32:"andrea.brambila@thewinegroup.com";}}
a:6:{s:3:"row";i:11;s:7:"message";s:27:"User imported successfully.";s:6:"status";b:1;s:10:"status_msg";s:7:"Success";s:7:"post_id";i:12;s:9:"post_link";a:2:{s:8:"edit_url";s:67:"http://localhost/sample-store-new/wp-admin/user-edit.php?user_id=12";s:5:"title";s:29:"andrew.groom@thewinegroup.com";}}
a:6:{s:3:"row";i:12;s:7:"message";s:27:"User imported successfully.";s:6:"status";b:1;s:10:"status_msg";s:7:"Success";s:7:"post_id";i:13;s:9:"post_link";a:2:{s:8:"edit_url";s:67:"http://localhost/sample-store-new/wp-admin/user-edit.php?user_id=13";s:5:"title";s:32:"andrew.santiago@thewinegroup.com";}}
a:6:{s:3:"row";i:13;s:7:"message";s:27:"User imported successfully.";s:6:"status";b:1;s:10:"status_msg";s:7:"Success";s:7:"post_id";i:14;s:9:"post_link";a:2:{s:8:"edit_url";s:67:"http://localhost/sample-store-new/wp-admin/user-edit.php?user_id=14";s:5:"title";s:34:"AnneMarie.Beltran@thewinegroup.com";}}
a:6:{s:3:"row";i:14;s:7:"message";s:27:"User imported successfully.";s:6:"status";b:1;s:10:"status_msg";s:7:"Success";s:7:"post_id";i:15;s:9:"post_link";a:2:{s:8:"edit_url";s:67:"http://localhost/sample-store-new/wp-admin/user-edit.php?user_id=15";s:5:"title";s:27:"ayca.revaz@thewinegroup.com";}}
a:6:{s:3:"row";i:15;s:7:"message";s:27:"User imported successfully.";s:6:"status";b:1;s:10:"status_msg";s:7:"Success";s:7:"post_id";i:16;s:9:"post_link";a:2:{s:8:"edit_url";s:67:"http://localhost/sample-store-new/wp-admin/user-edit.php?user_id=16";s:5:"title";s:33:"belinda.harcombe@thewinegroup.com";}}
a:6:{s:3:"row";i:16;s:7:"message";s:27:"User imported successfully.";s:6:"status";b:1;s:10:"status_msg";s:7:"Success";s:7:"post_id";i:17;s:9:"post_link";a:2:{s:8:"edit_url";s:67:"http://localhost/sample-store-new/wp-admin/user-edit.php?user_id=17";s:5:"title";s:26:"ben.bowen@thewinegroup.com";}}
a:6:{s:3:"row";i:17;s:7:"message";s:27:"User imported successfully.";s:6:"status";b:1;s:10:"status_msg";s:7:"Success";s:7:"post_id";i:18;s:9:"post_link";a:2:{s:8:"edit_url";s:67:"http://localhost/sample-store-new/wp-admin/user-edit.php?user_id=18";s:5:"title";s:10:"benton9439";}}
a:6:{s:3:"row";i:18;s:7:"message";s:27:"User imported successfully.";s:6:"status";b:1;s:10:"status_msg";s:7:"Success";s:7:"post_id";i:19;s:9:"post_link";a:2:{s:8:"edit_url";s:67:"http://localhost/sample-store-new/wp-admin/user-edit.php?user_id=19";s:5:"title";s:6:"bfikse";}}
a:6:{s:3:"row";i:19;s:7:"message";s:27:"User imported successfully.";s:6:"status";b:1;s:10:"status_msg";s:7:"Success";s:7:"post_id";i:20;s:9:"post_link";a:2:{s:8:"edit_url";s:67:"http://localhost/sample-store-new/wp-admin/user-edit.php?user_id=20";s:5:"title";s:7:"biatawi";}}
a:6:{s:3:"row";i:20;s:7:"message";s:27:"User imported successfully.";s:6:"status";b:1;s:10:"status_msg";s:7:"Success";s:7:"post_id";i:21;s:9:"post_link";a:2:{s:8:"edit_url";s:67:"http://localhost/sample-store-new/wp-admin/user-edit.php?user_id=21";s:5:"title";s:34:"brandon.contreras@thewinegroup.com";}}
a:6:{s:3:"row";i:21;s:7:"message";s:27:"User imported successfully.";s:6:"status";b:1;s:10:"status_msg";s:7:"Success";s:7:"post_id";i:22;s:9:"post_link";a:2:{s:8:"edit_url";s:67:"http://localhost/sample-store-new/wp-admin/user-edit.php?user_id=22";s:5:"title";s:30:"brandon.eason@thewinegroup.com";}}
a:6:{s:3:"row";i:22;s:7:"message";s:27:"User imported successfully.";s:6:"status";b:1;s:10:"status_msg";s:7:"Success";s:7:"post_id";i:23;s:9:"post_link";a:2:{s:8:"edit_url";s:67:"http://localhost/sample-store-new/wp-admin/user-edit.php?user_id=23";s:5:"title";s:33:"brandon.mcdermott@thwinegroup.com";}}
a:6:{s:3:"row";i:23;s:7:"message";s:27:"User imported successfully.";s:6:"status";b:1;s:10:"status_msg";s:7:"Success";s:7:"post_id";i:24;s:9:"post_link";a:2:{s:8:"edit_url";s:67:"http://localhost/sample-store-new/wp-admin/user-edit.php?user_id=24";s:5:"title";s:28:"brandy.shaw@thewinegroup.com";}}
a:6:{s:3:"row";i:24;s:7:"message";s:27:"User imported successfully.";s:6:"status";b:1;s:10:"status_msg";s:7:"Success";s:7:"post_id";i:25;s:9:"post_link";a:2:{s:8:"edit_url";s:67:"http://localhost/sample-store-new/wp-admin/user-edit.php?user_id=25";s:5:"title";s:28:"brian.doyle@thewinegroup.com";}}
a:6:{s:3:"row";i:25;s:7:"message";s:27:"User imported successfully.";s:6:"status";b:1;s:10:"status_msg";s:7:"Success";s:7:"post_id";i:26;s:9:"post_link";a:2:{s:8:"edit_url";s:67:"http://localhost/sample-store-new/wp-admin/user-edit.php?user_id=26";s:5:"title";s:29:"brian.martin@thewinegroup.com";}}
a:6:{s:3:"row";i:26;s:7:"message";s:27:"User imported successfully.";s:6:"status";b:1;s:10:"status_msg";s:7:"Success";s:7:"post_id";i:27;s:9:"post_link";a:2:{s:8:"edit_url";s:67:"http://localhost/sample-store-new/wp-admin/user-edit.php?user_id=27";s:5:"title";s:30:"bridget.daley@thewinegroup.com";}}
a:6:{s:3:"row";i:27;s:7:"message";s:27:"User imported successfully.";s:6:"status";b:1;s:10:"status_msg";s:7:"Success";s:7:"post_id";i:28;s:9:"post_link";a:2:{s:8:"edit_url";s:67:"http://localhost/sample-store-new/wp-admin/user-edit.php?user_id=28";s:5:"title";s:32:"bridgette.berry@thewinegroup.com";}}
a:6:{s:3:"row";i:28;s:7:"message";s:27:"User imported successfully.";s:6:"status";b:1;s:10:"status_msg";s:7:"Success";s:7:"post_id";i:29;s:9:"post_link";a:2:{s:8:"edit_url";s:67:"http://localhost/sample-store-new/wp-admin/user-edit.php?user_id=29";s:5:"title";s:12:"Brott.Ritzel";}}
a:6:{s:3:"row";i:29;s:7:"message";s:27:"User imported successfully.";s:6:"status";b:1;s:10:"status_msg";s:7:"Success";s:7:"post_id";i:30;s:9:"post_link";a:2:{s:8:"edit_url";s:67:"http://localhost/sample-store-new/wp-admin/user-edit.php?user_id=30";s:5:"title";s:30:"bryan.skupien@thewinegroup.com";}}
a:6:{s:3:"row";i:30;s:7:"message";s:27:"User imported successfully.";s:6:"status";b:1;s:10:"status_msg";s:7:"Success";s:7:"post_id";i:31;s:9:"post_link";a:2:{s:8:"edit_url";s:67:"http://localhost/sample-store-new/wp-admin/user-edit.php?user_id=31";s:5:"title";s:8:"BSkupien";}}
a:6:{s:3:"row";i:31;s:7:"message";s:27:"User imported successfully.";s:6:"status";b:1;s:10:"status_msg";s:7:"Success";s:7:"post_id";i:32;s:9:"post_link";a:2:{s:8:"edit_url";s:67:"http://localhost/sample-store-new/wp-admin/user-edit.php?user_id=32";s:5:"title";s:6:"Bstraw";}}
a:6:{s:3:"row";i:32;s:7:"message";s:27:"User imported successfully.";s:6:"status";b:1;s:10:"status_msg";s:7:"Success";s:7:"post_id";i:33;s:9:"post_link";a:2:{s:8:"edit_url";s:67:"http://localhost/sample-store-new/wp-admin/user-edit.php?user_id=33";s:5:"title";s:8:"Caitlind";}}
a:6:{s:3:"row";i:33;s:7:"message";s:27:"User imported successfully.";s:6:"status";b:1;s:10:"status_msg";s:7:"Success";s:7:"post_id";i:34;s:9:"post_link";a:2:{s:8:"edit_url";s:67:"http://localhost/sample-store-new/wp-admin/user-edit.php?user_id=34";s:5:"title";s:25:"cam.duke@thewinegroup.com";}}
a:6:{s:3:"row";i:34;s:7:"message";s:27:"User imported successfully.";s:6:"status";b:1;s:10:"status_msg";s:7:"Success";s:7:"post_id";i:35;s:9:"post_link";a:2:{s:8:"edit_url";s:67:"http://localhost/sample-store-new/wp-admin/user-edit.php?user_id=35";s:5:"title";s:32:"carolyn.lescher@thewinegroup.com";}}
a:6:{s:3:"row";i:35;s:7:"message";s:27:"User imported successfully.";s:6:"status";b:1;s:10:"status_msg";s:7:"Success";s:7:"post_id";i:36;s:9:"post_link";a:2:{s:8:"edit_url";s:67:"http://localhost/sample-store-new/wp-admin/user-edit.php?user_id=36";s:5:"title";s:31:"carolyn.mclean@thewinegroup.com";}}
a:6:{s:3:"row";i:36;s:7:"message";s:27:"User imported successfully.";s:6:"status";b:1;s:10:"status_msg";s:7:"Success";s:7:"post_id";i:37;s:9:"post_link";a:2:{s:8:"edit_url";s:67:"http://localhost/sample-store-new/wp-admin/user-edit.php?user_id=37";s:5:"title";s:29:"cassie.gokey@thewinegroup.com";}}
a:6:{s:3:"row";i:37;s:7:"message";s:27:"User imported successfully.";s:6:"status";b:1;s:10:"status_msg";s:7:"Success";s:7:"post_id";i:38;s:9:"post_link";a:2:{s:8:"edit_url";s:67:"http://localhost/sample-store-new/wp-admin/user-edit.php?user_id=38";s:5:"title";s:9:"catehardy";}}
a:6:{s:3:"row";i:38;s:7:"message";s:27:"User imported successfully.";s:6:"status";b:1;s:10:"status_msg";s:7:"Success";s:7:"post_id";i:39;s:9:"post_link";a:2:{s:8:"edit_url";s:67:"http://localhost/sample-store-new/wp-admin/user-edit.php?user_id=39";s:5:"title";s:33:"cecilia.quinones@thewinegroup.com";}}
a:6:{s:3:"row";i:39;s:7:"message";s:27:"User imported successfully.";s:6:"status";b:1;s:10:"status_msg";s:7:"Success";s:7:"post_id";i:40;s:9:"post_link";a:2:{s:8:"edit_url";s:67:"http://localhost/sample-store-new/wp-admin/user-edit.php?user_id=40";s:5:"title";s:28:"chad.fisher@thewinegroup.com";}}
a:6:{s:3:"row";i:40;s:7:"message";s:27:"User imported successfully.";s:6:"status";b:1;s:10:"status_msg";s:7:"Success";s:7:"post_id";i:41;s:9:"post_link";a:2:{s:8:"edit_url";s:67:"http://localhost/sample-store-new/wp-admin/user-edit.php?user_id=41";s:5:"title";s:34:"charlotte.beriker@thewinegroup.com";}}
a:6:{s:3:"row";i:41;s:7:"message";s:27:"User imported successfully.";s:6:"status";b:1;s:10:"status_msg";s:7:"Success";s:7:"post_id";i:42;s:9:"post_link";a:2:{s:8:"edit_url";s:67:"http://localhost/sample-store-new/wp-admin/user-edit.php?user_id=42";s:5:"title";s:31:"chauncey.brown@thewinegroup.com";}}
a:6:{s:3:"row";i:42;s:7:"message";s:27:"User imported successfully.";s:6:"status";b:1;s:10:"status_msg";s:7:"Success";s:7:"post_id";i:43;s:9:"post_link";a:2:{s:8:"edit_url";s:67:"http://localhost/sample-store-new/wp-admin/user-edit.php?user_id=43";s:5:"title";s:30:"chelsea.ruddy@thewinegroup.com";}}
a:6:{s:3:"row";i:43;s:7:"message";s:27:"User imported successfully.";s:6:"status";b:1;s:10:"status_msg";s:7:"Success";s:7:"post_id";i:44;s:9:"post_link";a:2:{s:8:"edit_url";s:67:"http://localhost/sample-store-new/wp-admin/user-edit.php?user_id=44";s:5:"title";s:30:"chris.nodland@thewinegroup.com";}}
a:6:{s:3:"row";i:44;s:7:"message";s:27:"User imported successfully.";s:6:"status";b:1;s:10:"status_msg";s:7:"Success";s:7:"post_id";i:45;s:9:"post_link";a:2:{s:8:"edit_url";s:67:"http://localhost/sample-store-new/wp-admin/user-edit.php?user_id=45";s:5:"title";s:20:"chrisbz@benziger.com";}}
a:6:{s:3:"row";i:45;s:7:"message";s:27:"User imported successfully.";s:6:"status";b:1;s:10:"status_msg";s:7:"Success";s:7:"post_id";i:46;s:9:"post_link";a:2:{s:8:"edit_url";s:67:"http://localhost/sample-store-new/wp-admin/user-edit.php?user_id=46";s:5:"title";s:31:"crystal.somers@thewinegroup.com";}}
a:6:{s:3:"row";i:46;s:7:"message";s:27:"User imported successfully.";s:6:"status";b:1;s:10:"status_msg";s:7:"Success";s:7:"post_id";i:47;s:9:"post_link";a:2:{s:8:"edit_url";s:67:"http://localhost/sample-store-new/wp-admin/user-edit.php?user_id=47";s:5:"title";s:32:"crystal.weitzel@thewinegroup.com";}}
a:6:{s:3:"row";i:47;s:7:"message";s:27:"User imported successfully.";s:6:"status";b:1;s:10:"status_msg";s:7:"Success";s:7:"post_id";i:48;s:9:"post_link";a:2:{s:8:"edit_url";s:67:"http://localhost/sample-store-new/wp-admin/user-edit.php?user_id=48";s:5:"title";s:8:"csummers";}}
a:6:{s:3:"row";i:48;s:7:"message";s:27:"User imported successfully.";s:6:"status";b:1;s:10:"status_msg";s:7:"Success";s:7:"post_id";i:49;s:9:"post_link";a:2:{s:8:"edit_url";s:67:"http://localhost/sample-store-new/wp-admin/user-edit.php?user_id=49";s:5:"title";s:8:"customer";}}
a:6:{s:3:"row";i:49;s:7:"message";s:27:"User imported successfully.";s:6:"status";b:1;s:10:"status_msg";s:7:"Success";s:7:"post_id";i:50;s:9:"post_link";a:2:{s:8:"edit_url";s:67:"http://localhost/sample-store-new/wp-admin/user-edit.php?user_id=50";s:5:"title";s:31:"dalia.higareda@thewinegroup.com";}}
a:6:{s:3:"row";i:50;s:7:"message";s:27:"User imported successfully.";s:6:"status";b:1;s:10:"status_msg";s:7:"Success";s:7:"post_id";i:51;s:9:"post_link";a:2:{s:8:"edit_url";s:67:"http://localhost/sample-store-new/wp-admin/user-edit.php?user_id=51";s:5:"title";s:29:"damian.sawle@thewinegroup.com";}}
a:6:{s:3:"row";i:51;s:7:"message";s:27:"User imported successfully.";s:6:"status";b:1;s:10:"status_msg";s:7:"Success";s:7:"post_id";i:52;s:9:"post_link";a:2:{s:8:"edit_url";s:67:"http://localhost/sample-store-new/wp-admin/user-edit.php?user_id=52";s:5:"title";s:29:"david.bounds@thewinegroup.com";}}
a:6:{s:3:"row";i:52;s:7:"message";s:27:"User imported successfully.";s:6:"status";b:1;s:10:"status_msg";s:7:"Success";s:7:"post_id";i:53;s:9:"post_link";a:2:{s:8:"edit_url";s:67:"http://localhost/sample-store-new/wp-admin/user-edit.php?user_id=53";s:5:"title";s:34:"david.dzwonkowski@thewinegroup.com";}}
a:6:{s:3:"row";i:53;s:7:"message";s:27:"User imported successfully.";s:6:"status";b:1;s:10:"status_msg";s:7:"Success";s:7:"post_id";i:54;s:9:"post_link";a:2:{s:8:"edit_url";s:67:"http://localhost/sample-store-new/wp-admin/user-edit.php?user_id=54";s:5:"title";s:30:"david.labarre@thewinegroup.com";}}
a:6:{s:3:"row";i:54;s:7:"message";s:27:"User imported successfully.";s:6:"status";b:1;s:10:"status_msg";s:7:"Success";s:7:"post_id";i:55;s:9:"post_link";a:2:{s:8:"edit_url";s:67:"http://localhost/sample-store-new/wp-admin/user-edit.php?user_id=55";s:5:"title";s:31:"David.Weckerle@thewinegroup.com";}}
a:6:{s:3:"row";i:55;s:7:"message";s:27:"User imported successfully.";s:6:"status";b:1;s:10:"status_msg";s:7:"Success";s:7:"post_id";i:56;s:9:"post_link";a:2:{s:8:"edit_url";s:67:"http://localhost/sample-store-new/wp-admin/user-edit.php?user_id=56";s:5:"title";s:12:"davidrmcgraw";}}
a:6:{s:3:"row";i:56;s:7:"message";s:27:"User imported successfully.";s:6:"status";b:1;s:10:"status_msg";s:7:"Success";s:7:"post_id";i:57;s:9:"post_link";a:2:{s:8:"edit_url";s:67:"http://localhost/sample-store-new/wp-admin/user-edit.php?user_id=57";s:5:"title";s:27:"diana.long@thewinegroup.com";}}
a:6:{s:3:"row";i:57;s:7:"message";s:27:"User imported successfully.";s:6:"status";b:1;s:10:"status_msg";s:7:"Success";s:7:"post_id";i:58;s:9:"post_link";a:2:{s:8:"edit_url";s:67:"http://localhost/sample-store-new/wp-admin/user-edit.php?user_id=58";s:5:"title";s:29:"donna.armour@thewinegroup.com";}}
a:6:{s:3:"row";i:58;s:7:"message";s:27:"User imported successfully.";s:6:"status";b:1;s:10:"status_msg";s:7:"Success";s:7:"post_id";i:59;s:9:"post_link";a:2:{s:8:"edit_url";s:67:"http://localhost/sample-store-new/wp-admin/user-edit.php?user_id=59";s:5:"title";s:27:"doug.horne@thewinegroup.com";}}
a:6:{s:3:"row";i:59;s:7:"message";s:27:"User imported successfully.";s:6:"status";b:1;s:10:"status_msg";s:7:"Success";s:7:"post_id";i:60;s:9:"post_link";a:2:{s:8:"edit_url";s:67:"http://localhost/sample-store-new/wp-admin/user-edit.php?user_id=60";s:5:"title";s:30:"Elizabeth.Hawkins@Benziger.com";}}
a:6:{s:3:"row";i:60;s:7:"message";s:27:"User imported successfully.";s:6:"status";b:1;s:10:"status_msg";s:7:"Success";s:7:"post_id";i:61;s:9:"post_link";a:2:{s:8:"edit_url";s:67:"http://localhost/sample-store-new/wp-admin/user-edit.php?user_id=61";s:5:"title";s:7:"Eltanko";}}
a:6:{s:3:"row";i:61;s:7:"message";s:27:"User imported successfully.";s:6:"status";b:1;s:10:"status_msg";s:7:"Success";s:7:"post_id";i:62;s:9:"post_link";a:2:{s:8:"edit_url";s:67:"http://localhost/sample-store-new/wp-admin/user-edit.php?user_id=62";s:5:"title";s:15:"elysse.schwartz";}}
a:6:{s:3:"row";i:62;s:7:"message";s:27:"User imported successfully.";s:6:"status";b:1;s:10:"status_msg";s:7:"Success";s:7:"post_id";i:63;s:9:"post_link";a:2:{s:8:"edit_url";s:67:"http://localhost/sample-store-new/wp-admin/user-edit.php?user_id=63";s:5:"title";s:12:"emily.battle";}}
a:6:{s:3:"row";i:63;s:7:"message";s:27:"User imported successfully.";s:6:"status";b:1;s:10:"status_msg";s:7:"Success";s:7:"post_id";i:64;s:9:"post_link";a:2:{s:8:"edit_url";s:67:"http://localhost/sample-store-new/wp-admin/user-edit.php?user_id=64";s:5:"title";s:9:"erin.hunt";}}
a:6:{s:3:"row";i:64;s:7:"message";s:27:"User imported successfully.";s:6:"status";b:1;s:10:"status_msg";s:7:"Success";s:7:"post_id";i:65;s:9:"post_link";a:2:{s:8:"edit_url";s:67:"http://localhost/sample-store-new/wp-admin/user-edit.php?user_id=65";s:5:"title";s:10:"evan.field";}}
a:6:{s:3:"row";i:65;s:7:"message";s:27:"User imported successfully.";s:6:"status";b:1;s:10:"status_msg";s:7:"Success";s:7:"post_id";i:66;s:9:"post_link";a:2:{s:8:"edit_url";s:67:"http://localhost/sample-store-new/wp-admin/user-edit.php?user_id=66";s:5:"title";s:11:"Gerber50266";}}
a:6:{s:3:"row";i:66;s:7:"message";s:27:"User imported successfully.";s:6:"status";b:1;s:10:"status_msg";s:7:"Success";s:7:"post_id";i:67;s:9:"post_link";a:2:{s:8:"edit_url";s:67:"http://localhost/sample-store-new/wp-admin/user-edit.php?user_id=67";s:5:"title";s:23:"gmunoz@double-forte.com";}}
a:6:{s:3:"row";i:67;s:7:"message";s:27:"User imported successfully.";s:6:"status";b:1;s:10:"status_msg";s:7:"Success";s:7:"post_id";i:68;s:9:"post_link";a:2:{s:8:"edit_url";s:67:"http://localhost/sample-store-new/wp-admin/user-edit.php?user_id=68";s:5:"title";s:30:"gregg.gardner@thewinegroup.com";}}
a:6:{s:3:"row";i:68;s:7:"message";s:27:"User imported successfully.";s:6:"status";b:1;s:10:"status_msg";s:7:"Success";s:7:"post_id";i:69;s:9:"post_link";a:2:{s:8:"edit_url";s:67:"http://localhost/sample-store-new/wp-admin/user-edit.php?user_id=69";s:5:"title";s:25:"hailey.tyler@mekanism.com";}}
a:6:{s:3:"row";i:69;s:7:"message";s:27:"User imported successfully.";s:6:"status";b:1;s:10:"status_msg";s:7:"Success";s:7:"post_id";i:70;s:9:"post_link";a:2:{s:8:"edit_url";s:67:"http://localhost/sample-store-new/wp-admin/user-edit.php?user_id=70";s:5:"title";s:30:"hannah.menger@thewinegroup.com";}}
a:6:{s:3:"row";i:70;s:7:"message";s:27:"User imported successfully.";s:6:"status";b:1;s:10:"status_msg";s:7:"Success";s:7:"post_id";i:71;s:9:"post_link";a:2:{s:8:"edit_url";s:67:"http://localhost/sample-store-new/wp-admin/user-edit.php?user_id=71";s:5:"title";s:29:"harry.mckaig@thewinegroup.com";}}
a:6:{s:3:"row";i:71;s:7:"message";s:27:"User imported successfully.";s:6:"status";b:1;s:10:"status_msg";s:7:"Success";s:7:"post_id";i:72;s:9:"post_link";a:2:{s:8:"edit_url";s:67:"http://localhost/sample-store-new/wp-admin/user-edit.php?user_id=72";s:5:"title";s:23:"heidi.mika@mekanism.com";}}
a:6:{s:3:"row";i:72;s:7:"message";s:27:"User imported successfully.";s:6:"status";b:1;s:10:"status_msg";s:7:"Success";s:7:"post_id";i:73;s:9:"post_link";a:2:{s:8:"edit_url";s:67:"http://localhost/sample-store-new/wp-admin/user-edit.php?user_id=73";s:5:"title";s:32:"holley.browning@thewinegroup.com";}}
a:6:{s:3:"row";i:73;s:7:"message";s:27:"User imported successfully.";s:6:"status";b:1;s:10:"status_msg";s:7:"Success";s:7:"post_id";i:74;s:9:"post_link";a:2:{s:8:"edit_url";s:67:"http://localhost/sample-store-new/wp-admin/user-edit.php?user_id=74";s:5:"title";s:32:"Humberta.Avalos@thewinegroup.com";}}
a:6:{s:3:"row";i:74;s:7:"message";s:27:"User imported successfully.";s:6:"status";b:1;s:10:"status_msg";s:7:"Success";s:7:"post_id";i:75;s:9:"post_link";a:2:{s:8:"edit_url";s:67:"http://localhost/sample-store-new/wp-admin/user-edit.php?user_id=75";s:5:"title";s:10:"hvenerella";}}
a:6:{s:3:"row";i:75;s:7:"message";s:27:"User imported successfully.";s:6:"status";b:1;s:10:"status_msg";s:7:"Success";s:7:"post_id";i:76;s:9:"post_link";a:2:{s:8:"edit_url";s:67:"http://localhost/sample-store-new/wp-admin/user-edit.php?user_id=76";s:5:"title";s:10:"irishguyjs";}}
a:6:{s:3:"row";i:76;s:7:"message";s:27:"User imported successfully.";s:6:"status";b:1;s:10:"status_msg";s:7:"Success";s:7:"post_id";i:77;s:9:"post_link";a:2:{s:8:"edit_url";s:67:"http://localhost/sample-store-new/wp-admin/user-edit.php?user_id=77";s:5:"title";s:31:"iulian.filimon@thewinegroup.com";}}
a:6:{s:3:"row";i:77;s:7:"message";s:27:"User imported successfully.";s:6:"status";b:1;s:10:"status_msg";s:7:"Success";s:7:"post_id";i:78;s:9:"post_link";a:2:{s:8:"edit_url";s:67:"http://localhost/sample-store-new/wp-admin/user-edit.php?user_id=78";s:5:"title";s:31:"jake.romanelli@thewinegroup.com";}}
a:6:{s:3:"row";i:78;s:7:"message";s:27:"User imported successfully.";s:6:"status";b:1;s:10:"status_msg";s:7:"Success";s:7:"post_id";i:79;s:9:"post_link";a:2:{s:8:"edit_url";s:67:"http://localhost/sample-store-new/wp-admin/user-edit.php?user_id=79";s:5:"title";s:20:"jamiebz@benziger.com";}}
a:6:{s:3:"row";i:79;s:7:"message";s:27:"User imported successfully.";s:6:"status";b:1;s:10:"status_msg";s:7:"Success";s:7:"post_id";i:80;s:9:"post_link";a:2:{s:8:"edit_url";s:67:"http://localhost/sample-store-new/wp-admin/user-edit.php?user_id=80";s:5:"title";s:31:"Jason.McCarthy@thewinegroup.com";}}
a:6:{s:3:"row";i:80;s:7:"message";s:27:"User imported successfully.";s:6:"status";b:1;s:10:"status_msg";s:7:"Success";s:7:"post_id";i:81;s:9:"post_link";a:2:{s:8:"edit_url";s:67:"http://localhost/sample-store-new/wp-admin/user-edit.php?user_id=81";s:5:"title";s:11:"jasoningles";}}
a:6:{s:3:"row";i:81;s:7:"message";s:27:"User imported successfully.";s:6:"status";b:1;s:10:"status_msg";s:7:"Success";s:7:"post_id";i:82;s:9:"post_link";a:2:{s:8:"edit_url";s:67:"http://localhost/sample-store-new/wp-admin/user-edit.php?user_id=82";s:5:"title";s:31:"Jeannie.Bremer@thewinegroup.com";}}
a:6:{s:3:"row";i:82;s:7:"message";s:27:"User imported successfully.";s:6:"status";b:1;s:10:"status_msg";s:7:"Success";s:7:"post_id";i:83;s:9:"post_link";a:2:{s:8:"edit_url";s:67:"http://localhost/sample-store-new/wp-admin/user-edit.php?user_id=83";s:5:"title";s:27:"jeff.gomes@thewinegroup.com";}}
a:6:{s:3:"row";i:83;s:7:"message";s:27:"User imported successfully.";s:6:"status";b:1;s:10:"status_msg";s:7:"Success";s:7:"post_id";i:84;s:9:"post_link";a:2:{s:8:"edit_url";s:67:"http://localhost/sample-store-new/wp-admin/user-edit.php?user_id=84";s:5:"title";s:28:"Jeff.Marano@thewinegroup.com";}}
a:6:{s:3:"row";i:84;s:7:"message";s:27:"User imported successfully.";s:6:"status";b:1;s:10:"status_msg";s:7:"Success";s:7:"post_id";i:85;s:9:"post_link";a:2:{s:8:"edit_url";s:67:"http://localhost/sample-store-new/wp-admin/user-edit.php?user_id=85";s:5:"title";s:8:"jeffbrem";}}
a:6:{s:3:"row";i:85;s:7:"message";s:27:"User imported successfully.";s:6:"status";b:1;s:10:"status_msg";s:7:"Success";s:7:"post_id";i:86;s:9:"post_link";a:2:{s:8:"edit_url";s:67:"http://localhost/sample-store-new/wp-admin/user-edit.php?user_id=86";s:5:"title";s:33:"jennifer.crowley@thewinegroup.com";}}
a:6:{s:3:"row";i:86;s:7:"message";s:27:"User imported successfully.";s:6:"status";b:1;s:10:"status_msg";s:7:"Success";s:7:"post_id";i:87;s:9:"post_link";a:2:{s:8:"edit_url";s:67:"http://localhost/sample-store-new/wp-admin/user-edit.php?user_id=87";s:5:"title";s:32:"jennifer.linsky@thewinegroup.com";}}
a:6:{s:3:"row";i:87;s:7:"message";s:27:"User imported successfully.";s:6:"status";b:1;s:10:"status_msg";s:7:"Success";s:7:"post_id";i:88;s:9:"post_link";a:2:{s:8:"edit_url";s:67:"http://localhost/sample-store-new/wp-admin/user-edit.php?user_id=88";s:5:"title";s:31:"jennifer.price@thewinegroup.com";}}
a:6:{s:3:"row";i:88;s:7:"message";s:27:"User imported successfully.";s:6:"status";b:1;s:10:"status_msg";s:7:"Success";s:7:"post_id";i:89;s:9:"post_link";a:2:{s:8:"edit_url";s:67:"http://localhost/sample-store-new/wp-admin/user-edit.php?user_id=89";s:5:"title";s:33:"jennifer.sharrer@thewinegroup.com";}}
a:6:{s:3:"row";i:89;s:7:"message";s:27:"User imported successfully.";s:6:"status";b:1;s:10:"status_msg";s:7:"Success";s:7:"post_id";i:90;s:9:"post_link";a:2:{s:8:"edit_url";s:67:"http://localhost/sample-store-new/wp-admin/user-edit.php?user_id=90";s:5:"title";s:16:"jessica.phillips";}}
a:6:{s:3:"row";i:90;s:7:"message";s:27:"User imported successfully.";s:6:"status";b:1;s:10:"status_msg";s:7:"Success";s:7:"post_id";i:91;s:9:"post_link";a:2:{s:8:"edit_url";s:67:"http://localhost/sample-store-new/wp-admin/user-edit.php?user_id=91";s:5:"title";s:33:"jessica.sorensen@thewinegroup.com";}}
a:6:{s:3:"row";i:91;s:7:"message";s:27:"User imported successfully.";s:6:"status";b:1;s:10:"status_msg";s:7:"Success";s:7:"post_id";i:92;s:9:"post_link";a:2:{s:8:"edit_url";s:67:"http://localhost/sample-store-new/wp-admin/user-edit.php?user_id=92";s:5:"title";s:30:"jessica.tomei@thewinegroup.com";}}
a:6:{s:3:"row";i:92;s:7:"message";s:27:"User imported successfully.";s:6:"status";b:1;s:10:"status_msg";s:7:"Success";s:7:"post_id";i:93;s:9:"post_link";a:2:{s:8:"edit_url";s:67:"http://localhost/sample-store-new/wp-admin/user-edit.php?user_id=93";s:5:"title";s:26:"jgiordano@thewinegroup.com";}}
a:6:{s:3:"row";i:93;s:7:"message";s:27:"User imported successfully.";s:6:"status";b:1;s:10:"status_msg";s:7:"Success";s:7:"post_id";i:94;s:9:"post_link";a:2:{s:8:"edit_url";s:67:"http://localhost/sample-store-new/wp-admin/user-edit.php?user_id=94";s:5:"title";s:11:"jjschaeffer";}}
a:6:{s:3:"row";i:94;s:7:"message";s:27:"User imported successfully.";s:6:"status";b:1;s:10:"status_msg";s:7:"Success";s:7:"post_id";i:95;s:9:"post_link";a:2:{s:8:"edit_url";s:67:"http://localhost/sample-store-new/wp-admin/user-edit.php?user_id=95";s:5:"title";s:26:"jlabounty@thewinegroup.com";}}
a:6:{s:3:"row";i:95;s:7:"message";s:27:"User imported successfully.";s:6:"status";b:1;s:10:"status_msg";s:7:"Success";s:7:"post_id";i:96;s:9:"post_link";a:2:{s:8:"edit_url";s:67:"http://localhost/sample-store-new/wp-admin/user-edit.php?user_id=96";s:5:"title";s:28:"joe.antosca@thewinegroup.com";}}
a:6:{s:3:"row";i:96;s:7:"message";s:27:"User imported successfully.";s:6:"status";b:1;s:10:"status_msg";s:7:"Success";s:7:"post_id";i:97;s:9:"post_link";a:2:{s:8:"edit_url";s:67:"http://localhost/sample-store-new/wp-admin/user-edit.php?user_id=97";s:5:"title";s:32:"joel.sondgeroth@thewinegroup.com";}}
a:6:{s:3:"row";i:97;s:7:"message";s:27:"User imported successfully.";s:6:"status";b:1;s:10:"status_msg";s:7:"Success";s:7:"post_id";i:98;s:9:"post_link";a:2:{s:8:"edit_url";s:67:"http://localhost/sample-store-new/wp-admin/user-edit.php?user_id=98";s:5:"title";s:30:"johanna.eibel@thewinegroup.com";}}
a:6:{s:3:"row";i:98;s:7:"message";s:27:"User imported successfully.";s:6:"status";b:1;s:10:"status_msg";s:7:"Success";s:7:"post_id";i:99;s:9:"post_link";a:2:{s:8:"edit_url";s:67:"http://localhost/sample-store-new/wp-admin/user-edit.php?user_id=99";s:5:"title";s:28:"john.paulis@thewinegroup.com";}}
a:6:{s:3:"row";i:99;s:7:"message";s:27:"User imported successfully.";s:6:"status";b:1;s:10:"status_msg";s:7:"Success";s:7:"post_id";i:100;s:9:"post_link";a:2:{s:8:"edit_url";s:68:"http://localhost/sample-store-new/wp-admin/user-edit.php?user_id=100";s:5:"title";s:28:"julia.nunes@thewinegroup.com";}}
a:6:{s:3:"row";i:100;s:7:"message";s:27:"User imported successfully.";s:6:"status";b:1;s:10:"status_msg";s:7:"Success";s:7:"post_id";i:101;s:9:"post_link";a:2:{s:8:"edit_url";s:68:"http://localhost/sample-store-new/wp-admin/user-edit.php?user_id=101";s:5:"title";s:28:"kahla.bulls@thewinegroup.com";}}
a:6:{s:3:"row";i:101;s:7:"message";s:27:"User imported successfully.";s:6:"status";b:1;s:10:"status_msg";s:7:"Success";s:7:"post_id";i:102;s:9:"post_link";a:2:{s:8:"edit_url";s:68:"http://localhost/sample-store-new/wp-admin/user-edit.php?user_id=102";s:5:"title";s:12:"KarissaFinch";}}
a:6:{s:3:"row";i:102;s:7:"message";s:27:"User imported successfully.";s:6:"status";b:1;s:10:"status_msg";s:7:"Success";s:7:"post_id";i:103;s:9:"post_link";a:2:{s:8:"edit_url";s:68:"http://localhost/sample-store-new/wp-admin/user-edit.php?user_id=103";s:5:"title";s:26:"kate.hart@thewinegroup.com";}}
a:6:{s:3:"row";i:103;s:7:"message";s:27:"User imported successfully.";s:6:"status";b:1;s:10:"status_msg";s:7:"Success";s:7:"post_id";i:104;s:9:"post_link";a:2:{s:8:"edit_url";s:68:"http://localhost/sample-store-new/wp-admin/user-edit.php?user_id=104";s:5:"title";s:31:"katelyn.condon@thewinegroup.com";}}
a:6:{s:3:"row";i:104;s:7:"message";s:27:"User imported successfully.";s:6:"status";b:1;s:10:"status_msg";s:7:"Success";s:7:"post_id";i:105;s:9:"post_link";a:2:{s:8:"edit_url";s:68:"http://localhost/sample-store-new/wp-admin/user-edit.php?user_id=105";s:5:"title";s:27:"kathy.byrd@thewinegroup.com";}}
a:6:{s:3:"row";i:105;s:7:"message";s:27:"User imported successfully.";s:6:"status";b:1;s:10:"status_msg";s:7:"Success";s:7:"post_id";i:106;s:9:"post_link";a:2:{s:8:"edit_url";s:68:"http://localhost/sample-store-new/wp-admin/user-edit.php?user_id=106";s:5:"title";s:9:"kbenjamin";}}
a:6:{s:3:"row";i:106;s:7:"message";s:27:"User imported successfully.";s:6:"status";b:1;s:10:"status_msg";s:7:"Success";s:7:"post_id";i:107;s:9:"post_link";a:2:{s:8:"edit_url";s:68:"http://localhost/sample-store-new/wp-admin/user-edit.php?user_id=107";s:5:"title";s:9:"Kdarraccq";}}
a:6:{s:3:"row";i:107;s:7:"message";s:27:"User imported successfully.";s:6:"status";b:1;s:10:"status_msg";s:7:"Success";s:7:"post_id";i:108;s:9:"post_link";a:2:{s:8:"edit_url";s:68:"http://localhost/sample-store-new/wp-admin/user-edit.php?user_id=108";s:5:"title";s:29:"keegin.teare@thewinegroup.com";}}
a:6:{s:3:"row";i:108;s:7:"message";s:27:"User imported successfully.";s:6:"status";b:1;s:10:"status_msg";s:7:"Success";s:7:"post_id";i:109;s:9:"post_link";a:2:{s:8:"edit_url";s:68:"http://localhost/sample-store-new/wp-admin/user-edit.php?user_id=109";s:5:"title";s:29:"keith.bauman@thewinegroup.com";}}
a:6:{s:3:"row";i:109;s:7:"message";s:27:"User imported successfully.";s:6:"status";b:1;s:10:"status_msg";s:7:"Success";s:7:"post_id";i:110;s:9:"post_link";a:2:{s:8:"edit_url";s:68:"http://localhost/sample-store-new/wp-admin/user-edit.php?user_id=110";s:5:"title";s:29:"kevin.brogan@thewinegroup.com";}}
a:6:{s:3:"row";i:110;s:7:"message";s:27:"User imported successfully.";s:6:"status";b:1;s:10:"status_msg";s:7:"Success";s:7:"post_id";i:111;s:9:"post_link";a:2:{s:8:"edit_url";s:68:"http://localhost/sample-store-new/wp-admin/user-edit.php?user_id=111";s:5:"title";s:27:"kevin.getz@thewinegroup.com";}}
a:6:{s:3:"row";i:111;s:7:"message";s:27:"User imported successfully.";s:6:"status";b:1;s:10:"status_msg";s:7:"Success";s:7:"post_id";i:112;s:9:"post_link";a:2:{s:8:"edit_url";s:68:"http://localhost/sample-store-new/wp-admin/user-edit.php?user_id=112";s:5:"title";s:31:"kevin.mcmillen@thewinegroup.com";}}
a:6:{s:3:"row";i:112;s:7:"message";s:27:"User imported successfully.";s:6:"status";b:1;s:10:"status_msg";s:7:"Success";s:7:"post_id";i:113;s:9:"post_link";a:2:{s:8:"edit_url";s:68:"http://localhost/sample-store-new/wp-admin/user-edit.php?user_id=113";s:5:"title";s:31:"kimberly.geluz@thewinegroup.com";}}
a:6:{s:3:"row";i:113;s:7:"message";s:27:"User imported successfully.";s:6:"status";b:1;s:10:"status_msg";s:7:"Success";s:7:"post_id";i:114;s:9:"post_link";a:2:{s:8:"edit_url";s:68:"http://localhost/sample-store-new/wp-admin/user-edit.php?user_id=114";s:5:"title";s:20:"kirsten@apkeaton.com";}}
a:6:{s:3:"row";i:114;s:7:"message";s:27:"User imported successfully.";s:6:"status";b:1;s:10:"status_msg";s:7:"Success";s:7:"post_id";i:115;s:9:"post_link";a:2:{s:8:"edit_url";s:68:"http://localhost/sample-store-new/wp-admin/user-edit.php?user_id=115";s:5:"title";s:21:"lamaroli@benziger.com";}}
a:6:{s:3:"row";i:115;s:7:"message";s:27:"User imported successfully.";s:6:"status";b:1;s:10:"status_msg";s:7:"Success";s:7:"post_id";i:116;s:9:"post_link";a:2:{s:8:"edit_url";s:68:"http://localhost/sample-store-new/wp-admin/user-edit.php?user_id=116";s:5:"title";s:27:"lance.beam@thewinegroup.com";}}
a:6:{s:3:"row";i:116;s:7:"message";s:27:"User imported successfully.";s:6:"status";b:1;s:10:"status_msg";s:7:"Success";s:7:"post_id";i:117;s:9:"post_link";a:2:{s:8:"edit_url";s:68:"http://localhost/sample-store-new/wp-admin/user-edit.php?user_id=117";s:5:"title";s:30:"laura.leipold@thewinegroup.com";}}
a:6:{s:3:"row";i:117;s:7:"message";s:27:"User imported successfully.";s:6:"status";b:1;s:10:"status_msg";s:7:"Success";s:7:"post_id";i:118;s:9:"post_link";a:2:{s:8:"edit_url";s:68:"http://localhost/sample-store-new/wp-admin/user-edit.php?user_id=118";s:5:"title";s:16:"laurie.rodrigues";}}
a:6:{s:3:"row";i:118;s:7:"message";s:27:"User imported successfully.";s:6:"status";b:1;s:10:"status_msg";s:7:"Success";s:7:"post_id";i:119;s:9:"post_link";a:2:{s:8:"edit_url";s:68:"http://localhost/sample-store-new/wp-admin/user-edit.php?user_id=119";s:5:"title";s:31:"laurie.villano@thewinegroup.com";}}
a:6:{s:3:"row";i:119;s:7:"message";s:27:"User imported successfully.";s:6:"status";b:1;s:10:"status_msg";s:7:"Success";s:7:"post_id";i:120;s:9:"post_link";a:2:{s:8:"edit_url";s:68:"http://localhost/sample-store-new/wp-admin/user-edit.php?user_id=120";s:5:"title";s:30:"lee.carpenter@thewinegroup.com";}}
a:6:{s:3:"row";i:120;s:7:"message";s:27:"User imported successfully.";s:6:"status";b:1;s:10:"status_msg";s:7:"Success";s:7:"post_id";i:121;s:9:"post_link";a:2:{s:8:"edit_url";s:68:"http://localhost/sample-store-new/wp-admin/user-edit.php?user_id=121";s:5:"title";s:30:"lesa.foxworth@thewinegroup.com";}}
a:6:{s:3:"row";i:121;s:7:"message";s:27:"User imported successfully.";s:6:"status";b:1;s:10:"status_msg";s:7:"Success";s:7:"post_id";i:122;s:9:"post_link";a:2:{s:8:"edit_url";s:68:"http://localhost/sample-store-new/wp-admin/user-edit.php?user_id=122";s:5:"title";s:9:"Lexyolson";}}
a:6:{s:3:"row";i:122;s:7:"message";s:27:"User imported successfully.";s:6:"status";b:1;s:10:"status_msg";s:7:"Success";s:7:"post_id";i:123;s:9:"post_link";a:2:{s:8:"edit_url";s:68:"http://localhost/sample-store-new/wp-admin/user-edit.php?user_id=123";s:5:"title";s:14:"lindsey.benton";}}
a:6:{s:3:"row";i:123;s:7:"message";s:27:"User imported successfully.";s:6:"status";b:1;s:10:"status_msg";s:7:"Success";s:7:"post_id";i:124;s:9:"post_link";a:2:{s:8:"edit_url";s:68:"http://localhost/sample-store-new/wp-admin/user-edit.php?user_id=124";s:5:"title";s:9:"LKaminski";}}
a:6:{s:3:"row";i:124;s:7:"message";s:27:"User imported successfully.";s:6:"status";b:1;s:10:"status_msg";s:7:"Success";s:7:"post_id";i:125;s:9:"post_link";a:2:{s:8:"edit_url";s:68:"http://localhost/sample-store-new/wp-admin/user-edit.php?user_id=125";s:5:"title";s:30:"Lon.Nebiolini@thewinegroup.com";}}
a:6:{s:3:"row";i:125;s:7:"message";s:27:"User imported successfully.";s:6:"status";b:1;s:10:"status_msg";s:7:"Success";s:7:"post_id";i:126;s:9:"post_link";a:2:{s:8:"edit_url";s:68:"http://localhost/sample-store-new/wp-admin/user-edit.php?user_id=126";s:5:"title";s:28:"lou.cesario@thewinegroup.com";}}
a:6:{s:3:"row";i:126;s:7:"message";s:27:"User imported successfully.";s:6:"status";b:1;s:10:"status_msg";s:7:"Success";s:7:"post_id";i:127;s:9:"post_link";a:2:{s:8:"edit_url";s:68:"http://localhost/sample-store-new/wp-admin/user-edit.php?user_id=127";s:5:"title";s:29:"ltrieschmann@double-forte.com";}}
a:6:{s:3:"row";i:127;s:7:"message";s:27:"User imported successfully.";s:6:"status";b:1;s:10:"status_msg";s:7:"Success";s:7:"post_id";i:128;s:9:"post_link";a:2:{s:8:"edit_url";s:68:"http://localhost/sample-store-new/wp-admin/user-edit.php?user_id=128";s:5:"title";s:28:"lupe.orozco@thewinegroup.com";}}
a:6:{s:3:"row";i:128;s:7:"message";s:27:"User imported successfully.";s:6:"status";b:1;s:10:"status_msg";s:7:"Success";s:7:"post_id";i:129;s:9:"post_link";a:2:{s:8:"edit_url";s:68:"http://localhost/sample-store-new/wp-admin/user-edit.php?user_id=129";s:5:"title";s:35:"mackenzie.matthews@thewinegroup.com";}}
a:6:{s:3:"row";i:129;s:7:"message";s:27:"User imported successfully.";s:6:"status";b:1;s:10:"status_msg";s:7:"Success";s:7:"post_id";i:130;s:9:"post_link";a:2:{s:8:"edit_url";s:68:"http://localhost/sample-store-new/wp-admin/user-edit.php?user_id=130";s:5:"title";s:30:"matt.caldwell@thewinegroup.com";}}
a:6:{s:3:"row";i:130;s:7:"message";s:27:"User imported successfully.";s:6:"status";b:1;s:10:"status_msg";s:7:"Success";s:7:"post_id";i:131;s:9:"post_link";a:2:{s:8:"edit_url";s:68:"http://localhost/sample-store-new/wp-admin/user-edit.php?user_id=131";s:5:"title";s:10:"Matt.daley";}}
a:6:{s:3:"row";i:131;s:7:"message";s:27:"User imported successfully.";s:6:"status";b:1;s:10:"status_msg";s:7:"Success";s:7:"post_id";i:132;s:9:"post_link";a:2:{s:8:"edit_url";s:68:"http://localhost/sample-store-new/wp-admin/user-edit.php?user_id=132";s:5:"title";s:13:"matthenderson";}}
a:6:{s:3:"row";i:132;s:7:"message";s:27:"User imported successfully.";s:6:"status";b:1;s:10:"status_msg";s:7:"Success";s:7:"post_id";i:133;s:9:"post_link";a:2:{s:8:"edit_url";s:68:"http://localhost/sample-store-new/wp-admin/user-edit.php?user_id=133";s:5:"title";s:14:"MatthewSpelich";}}
a:6:{s:3:"row";i:133;s:7:"message";s:27:"User imported successfully.";s:6:"status";b:1;s:10:"status_msg";s:7:"Success";s:7:"post_id";i:134;s:9:"post_link";a:2:{s:8:"edit_url";s:68:"http://localhost/sample-store-new/wp-admin/user-edit.php?user_id=134";s:5:"title";s:29:"max.shulruff@thewinegroup.com";}}
a:6:{s:3:"row";i:134;s:7:"message";s:27:"User imported successfully.";s:6:"status";b:1;s:10:"status_msg";s:7:"Success";s:7:"post_id";i:135;s:9:"post_link";a:2:{s:8:"edit_url";s:68:"http://localhost/sample-store-new/wp-admin/user-edit.php?user_id=135";s:5:"title";s:11:"mcasserly21";}}
a:6:{s:3:"row";i:135;s:7:"message";s:27:"User imported successfully.";s:6:"status";b:1;s:10:"status_msg";s:7:"Success";s:7:"post_id";i:136;s:9:"post_link";a:2:{s:8:"edit_url";s:68:"http://localhost/sample-store-new/wp-admin/user-edit.php?user_id=136";s:5:"title";s:29:"megan.dorosz@thewinegroup.com";}}
a:6:{s:3:"row";i:136;s:7:"message";s:27:"User imported successfully.";s:6:"status";b:1;s:10:"status_msg";s:7:"Success";s:7:"post_id";i:137;s:9:"post_link";a:2:{s:8:"edit_url";s:68:"http://localhost/sample-store-new/wp-admin/user-edit.php?user_id=137";s:5:"title";s:38:"Meghan.McNichol-Tress@thewinegroup.com";}}
a:6:{s:3:"row";i:137;s:7:"message";s:27:"User imported successfully.";s:6:"status";b:1;s:10:"status_msg";s:7:"Success";s:7:"post_id";i:138;s:9:"post_link";a:2:{s:8:"edit_url";s:68:"http://localhost/sample-store-new/wp-admin/user-edit.php?user_id=138";s:5:"title";s:32:"melanie.amezaga@thewinegroup.com";}}
a:6:{s:3:"row";i:138;s:7:"message";s:27:"User imported successfully.";s:6:"status";b:1;s:10:"status_msg";s:7:"Success";s:7:"post_id";i:139;s:9:"post_link";a:2:{s:8:"edit_url";s:68:"http://localhost/sample-store-new/wp-admin/user-edit.php?user_id=139";s:5:"title";s:30:"melanie.moore@thewinegroup.com";}}
a:6:{s:3:"row";i:139;s:7:"message";s:27:"User imported successfully.";s:6:"status";b:1;s:10:"status_msg";s:7:"Success";s:7:"post_id";i:140;s:9:"post_link";a:2:{s:8:"edit_url";s:68:"http://localhost/sample-store-new/wp-admin/user-edit.php?user_id=140";s:5:"title";s:29:"melody.nixon@thewinegroup.com";}}
a:6:{s:3:"row";i:140;s:7:"message";s:27:"User imported successfully.";s:6:"status";b:1;s:10:"status_msg";s:7:"Success";s:7:"post_id";i:141;s:9:"post_link";a:2:{s:8:"edit_url";s:68:"http://localhost/sample-store-new/wp-admin/user-edit.php?user_id=141";s:5:"title";s:31:"Michael.Borboa@thewinegroup.com";}}
a:6:{s:3:"row";i:141;s:7:"message";s:27:"User imported successfully.";s:6:"status";b:1;s:10:"status_msg";s:7:"Success";s:7:"post_id";i:142;s:9:"post_link";a:2:{s:8:"edit_url";s:68:"http://localhost/sample-store-new/wp-admin/user-edit.php?user_id=142";s:5:"title";s:8:"MichaelU";}}
a:6:{s:3:"row";i:142;s:7:"message";s:27:"User imported successfully.";s:6:"status";b:1;s:10:"status_msg";s:7:"Success";s:7:"post_id";i:143;s:9:"post_link";a:2:{s:8:"edit_url";s:68:"http://localhost/sample-store-new/wp-admin/user-edit.php?user_id=143";s:5:"title";s:32:"michelle.fragle@thewinegroup.com";}}
a:6:{s:3:"row";i:143;s:7:"message";s:27:"User imported successfully.";s:6:"status";b:1;s:10:"status_msg";s:7:"Success";s:7:"post_id";i:144;s:9:"post_link";a:2:{s:8:"edit_url";s:68:"http://localhost/sample-store-new/wp-admin/user-edit.php?user_id=144";s:5:"title";s:15:"Michelle.Miller";}}
a:6:{s:3:"row";i:144;s:7:"message";s:27:"User imported successfully.";s:6:"status";b:1;s:10:"status_msg";s:7:"Success";s:7:"post_id";i:145;s:9:"post_link";a:2:{s:8:"edit_url";s:68:"http://localhost/sample-store-new/wp-admin/user-edit.php?user_id=145";s:5:"title";s:8:"mikekrak";}}
a:6:{s:3:"row";i:145;s:7:"message";s:27:"User imported successfully.";s:6:"status";b:1;s:10:"status_msg";s:7:"Success";s:7:"post_id";i:146;s:9:"post_link";a:2:{s:8:"edit_url";s:68:"http://localhost/sample-store-new/wp-admin/user-edit.php?user_id=146";s:5:"title";s:12:"mikeprodoehl";}}
a:6:{s:3:"row";i:146;s:7:"message";s:27:"User imported successfully.";s:6:"status";b:1;s:10:"status_msg";s:7:"Success";s:7:"post_id";i:147;s:9:"post_link";a:2:{s:8:"edit_url";s:68:"http://localhost/sample-store-new/wp-admin/user-edit.php?user_id=147";s:5:"title";s:32:"mitch.khandaker@thewinegroup.com";}}
a:6:{s:3:"row";i:147;s:7:"message";s:27:"User imported successfully.";s:6:"status";b:1;s:10:"status_msg";s:7:"Success";s:7:"post_id";i:148;s:9:"post_link";a:2:{s:8:"edit_url";s:68:"http://localhost/sample-store-new/wp-admin/user-edit.php?user_id=148";s:5:"title";s:9:"MMcCollum";}}
a:6:{s:3:"row";i:148;s:7:"message";s:27:"User imported successfully.";s:6:"status";b:1;s:10:"status_msg";s:7:"Success";s:7:"post_id";i:149;s:9:"post_link";a:2:{s:8:"edit_url";s:68:"http://localhost/sample-store-new/wp-admin/user-edit.php?user_id=149";s:5:"title";s:29:"morgan.gross@thewinegroup.com";}}
a:6:{s:3:"row";i:149;s:7:"message";s:27:"User imported successfully.";s:6:"status";b:1;s:10:"status_msg";s:7:"Success";s:7:"post_id";i:150;s:9:"post_link";a:2:{s:8:"edit_url";s:68:"http://localhost/sample-store-new/wp-admin/user-edit.php?user_id=150";s:5:"title";s:33:"natale.gagliardo@thewinegroup.com";}}
a:6:{s:3:"row";i:150;s:7:"message";s:27:"User imported successfully.";s:6:"status";b:1;s:10:"status_msg";s:7:"Success";s:7:"post_id";i:151;s:9:"post_link";a:2:{s:8:"edit_url";s:68:"http://localhost/sample-store-new/wp-admin/user-edit.php?user_id=151";s:5:"title";s:31:"nick.lancaster@thewinegroup.com";}}
a:6:{s:3:"row";i:151;s:7:"message";s:27:"User imported successfully.";s:6:"status";b:1;s:10:"status_msg";s:7:"Success";s:7:"post_id";i:152;s:9:"post_link";a:2:{s:8:"edit_url";s:68:"http://localhost/sample-store-new/wp-admin/user-edit.php?user_id=152";s:5:"title";s:6:"nroche";}}
a:6:{s:3:"row";i:152;s:7:"message";s:27:"User imported successfully.";s:6:"status";b:1;s:10:"status_msg";s:7:"Success";s:7:"post_id";i:153;s:9:"post_link";a:2:{s:8:"edit_url";s:68:"http://localhost/sample-store-new/wp-admin/user-edit.php?user_id=153";s:5:"title";s:29:"paul.pearman@thewinegroup.com";}}
a:6:{s:3:"row";i:153;s:7:"message";s:27:"User imported successfully.";s:6:"status";b:1;s:10:"status_msg";s:7:"Success";s:7:"post_id";i:154;s:9:"post_link";a:2:{s:8:"edit_url";s:68:"http://localhost/sample-store-new/wp-admin/user-edit.php?user_id=154";s:5:"title";s:28:"peter.quinn@thewinegroup.com";}}
a:6:{s:3:"row";i:154;s:7:"message";s:27:"User imported successfully.";s:6:"status";b:1;s:10:"status_msg";s:7:"Success";s:7:"post_id";i:155;s:9:"post_link";a:2:{s:8:"edit_url";s:68:"http://localhost/sample-store-new/wp-admin/user-edit.php?user_id=155";s:5:"title";s:7:"Pjc1318";}}
a:6:{s:3:"row";i:155;s:7:"message";s:27:"User imported successfully.";s:6:"status";b:1;s:10:"status_msg";s:7:"Success";s:7:"post_id";i:156;s:9:"post_link";a:2:{s:8:"edit_url";s:68:"http://localhost/sample-store-new/wp-admin/user-edit.php?user_id=156";s:5:"title";s:10:"pragya.cod";}}
a:6:{s:3:"row";i:156;s:7:"message";s:27:"User imported successfully.";s:6:"status";b:1;s:10:"status_msg";s:7:"Success";s:7:"post_id";i:157;s:9:"post_link";a:2:{s:8:"edit_url";s:68:"http://localhost/sample-store-new/wp-admin/user-edit.php?user_id=157";s:5:"title";s:13:"pragya.shukla";}}
a:6:{s:3:"row";i:157;s:7:"message";s:27:"User imported successfully.";s:6:"status";b:1;s:10:"status_msg";s:7:"Success";s:7:"post_id";i:158;s:9:"post_link";a:2:{s:8:"edit_url";s:68:"http://localhost/sample-store-new/wp-admin/user-edit.php?user_id=158";s:5:"title";s:7:"pragyas";}}
a:6:{s:3:"row";i:158;s:7:"message";s:27:"User imported successfully.";s:6:"status";b:1;s:10:"status_msg";s:7:"Success";s:7:"post_id";i:159;s:9:"post_link";a:2:{s:8:"edit_url";s:68:"http://localhost/sample-store-new/wp-admin/user-edit.php?user_id=159";s:5:"title";s:9:"rappinjim";}}
a:6:{s:3:"row";i:159;s:7:"message";s:27:"User imported successfully.";s:6:"status";b:1;s:10:"status_msg";s:7:"Success";s:7:"post_id";i:160;s:9:"post_link";a:2:{s:8:"edit_url";s:68:"http://localhost/sample-store-new/wp-admin/user-edit.php?user_id=160";s:5:"title";s:35:"rebecca.abbatiello@thewinegroup.com";}}
a:6:{s:3:"row";i:160;s:7:"message";s:27:"User imported successfully.";s:6:"status";b:1;s:10:"status_msg";s:7:"Success";s:7:"post_id";i:161;s:9:"post_link";a:2:{s:8:"edit_url";s:68:"http://localhost/sample-store-new/wp-admin/user-edit.php?user_id=161";s:5:"title";s:30:"rene.lindgren@thewinegroup.com";}}
a:6:{s:3:"row";i:161;s:7:"message";s:27:"User imported successfully.";s:6:"status";b:1;s:10:"status_msg";s:7:"Success";s:7:"post_id";i:162;s:9:"post_link";a:2:{s:8:"edit_url";s:68:"http://localhost/sample-store-new/wp-admin/user-edit.php?user_id=162";s:5:"title";s:26:"rex.saaga@thewinegroup.com";}}
a:6:{s:3:"row";i:162;s:7:"message";s:27:"User imported successfully.";s:6:"status";b:1;s:10:"status_msg";s:7:"Success";s:7:"post_id";i:163;s:9:"post_link";a:2:{s:8:"edit_url";s:68:"http://localhost/sample-store-new/wp-admin/user-edit.php?user_id=163";s:5:"title";s:26:"ryan.haas@thewinegroup.com";}}
a:6:{s:3:"row";i:163;s:7:"message";s:27:"User imported successfully.";s:6:"status";b:1;s:10:"status_msg";s:7:"Success";s:7:"post_id";i:164;s:9:"post_link";a:2:{s:8:"edit_url";s:68:"http://localhost/sample-store-new/wp-admin/user-edit.php?user_id=164";s:5:"title";s:30:"samantha.ruge@thewinegroup.com";}}
a:6:{s:3:"row";i:164;s:7:"message";s:27:"User imported successfully.";s:6:"status";b:1;s:10:"status_msg";s:7:"Success";s:7:"post_id";i:165;s:9:"post_link";a:2:{s:8:"edit_url";s:68:"http://localhost/sample-store-new/wp-admin/user-edit.php?user_id=165";s:5:"title";s:32:"sandra.nungaray@thewinegroup.com";}}
a:6:{s:3:"row";i:165;s:7:"message";s:27:"User imported successfully.";s:6:"status";b:1;s:10:"status_msg";s:7:"Success";s:7:"post_id";i:166;s:9:"post_link";a:2:{s:8:"edit_url";s:68:"http://localhost/sample-store-new/wp-admin/user-edit.php?user_id=166";s:5:"title";s:27:"sara.ellis@thewinegroup.com";}}
a:6:{s:3:"row";i:166;s:7:"message";s:27:"User imported successfully.";s:6:"status";b:1;s:10:"status_msg";s:7:"Success";s:7:"post_id";i:167;s:9:"post_link";a:2:{s:8:"edit_url";s:68:"http://localhost/sample-store-new/wp-admin/user-edit.php?user_id=167";s:5:"title";s:31:"sarah.buchanan@thewinegroup.com";}}
a:6:{s:3:"row";i:167;s:7:"message";s:27:"User imported successfully.";s:6:"status";b:1;s:10:"status_msg";s:7:"Success";s:7:"post_id";i:168;s:9:"post_link";a:2:{s:8:"edit_url";s:68:"http://localhost/sample-store-new/wp-admin/user-edit.php?user_id=168";s:5:"title";s:31:"Sarah.caldwell@thewinegroup.com";}}
a:6:{s:3:"row";i:168;s:7:"message";s:27:"User imported successfully.";s:6:"status";b:1;s:10:"status_msg";s:7:"Success";s:7:"post_id";i:169;s:9:"post_link";a:2:{s:8:"edit_url";s:68:"http://localhost/sample-store-new/wp-admin/user-edit.php?user_id=169";s:5:"title";s:29:"sarah.henige@thewinegroup.com";}}
a:6:{s:3:"row";i:169;s:7:"message";s:27:"User imported successfully.";s:6:"status";b:1;s:10:"status_msg";s:7:"Success";s:7:"post_id";i:170;s:9:"post_link";a:2:{s:8:"edit_url";s:68:"http://localhost/sample-store-new/wp-admin/user-edit.php?user_id=170";s:5:"title";s:10:"sarah.park";}}
a:6:{s:3:"row";i:170;s:7:"message";s:27:"User imported successfully.";s:6:"status";b:1;s:10:"status_msg";s:7:"Success";s:7:"post_id";i:171;s:9:"post_link";a:2:{s:8:"edit_url";s:68:"http://localhost/sample-store-new/wp-admin/user-edit.php?user_id=171";s:5:"title";s:27:"Sean.Quinn@thewinegroup.com";}}
a:6:{s:3:"row";i:171;s:7:"message";s:27:"User imported successfully.";s:6:"status";b:1;s:10:"status_msg";s:7:"Success";s:7:"post_id";i:172;s:9:"post_link";a:2:{s:8:"edit_url";s:68:"http://localhost/sample-store-new/wp-admin/user-edit.php?user_id=172";s:5:"title";s:31:"shaun.mckendry@thewinegroup.com";}}
a:6:{s:3:"row";i:172;s:7:"message";s:27:"User imported successfully.";s:6:"status";b:1;s:10:"status_msg";s:7:"Success";s:7:"post_id";i:173;s:9:"post_link";a:2:{s:8:"edit_url";s:68:"http://localhost/sample-store-new/wp-admin/user-edit.php?user_id=173";s:5:"title";s:14:"Shawn Robinson";}}
a:6:{s:3:"row";i:173;s:7:"message";s:27:"User imported successfully.";s:6:"status";b:1;s:10:"status_msg";s:7:"Success";s:7:"post_id";i:174;s:9:"post_link";a:2:{s:8:"edit_url";s:68:"http://localhost/sample-store-new/wp-admin/user-edit.php?user_id=174";s:5:"title";s:27:"shawn.long@thewinegroup.com";}}
a:6:{s:3:"row";i:174;s:7:"message";s:27:"User imported successfully.";s:6:"status";b:1;s:10:"status_msg";s:7:"Success";s:7:"post_id";i:175;s:9:"post_link";a:2:{s:8:"edit_url";s:68:"http://localhost/sample-store-new/wp-admin/user-edit.php?user_id=175";s:5:"title";s:30:"sroeum.sroeun@thewinegroup.com";}}
a:6:{s:3:"row";i:175;s:7:"message";s:27:"User imported successfully.";s:6:"status";b:1;s:10:"status_msg";s:7:"Success";s:7:"post_id";i:176;s:9:"post_link";a:2:{s:8:"edit_url";s:68:"http://localhost/sample-store-new/wp-admin/user-edit.php?user_id=176";s:5:"title";s:32:"Stacy.Parkinson@thewinegroup.com";}}
a:6:{s:3:"row";i:176;s:7:"message";s:27:"User imported successfully.";s:6:"status";b:1;s:10:"status_msg";s:7:"Success";s:7:"post_id";i:177;s:9:"post_link";a:2:{s:8:"edit_url";s:68:"http://localhost/sample-store-new/wp-admin/user-edit.php?user_id=177";s:5:"title";s:15:"stefanie.pierce";}}
a:6:{s:3:"row";i:177;s:7:"message";s:27:"User imported successfully.";s:6:"status";b:1;s:10:"status_msg";s:7:"Success";s:7:"post_id";i:178;s:9:"post_link";a:2:{s:8:"edit_url";s:68:"http://localhost/sample-store-new/wp-admin/user-edit.php?user_id=178";s:5:"title";s:35:"stephanie.arboleda@thewinegroup.com";}}
a:6:{s:3:"row";i:178;s:7:"message";s:27:"User imported successfully.";s:6:"status";b:1;s:10:"status_msg";s:7:"Success";s:7:"post_id";i:179;s:9:"post_link";a:2:{s:8:"edit_url";s:68:"http://localhost/sample-store-new/wp-admin/user-edit.php?user_id=179";s:5:"title";s:15:"StephanieCleary";}}
a:6:{s:3:"row";i:179;s:7:"message";s:27:"User imported successfully.";s:6:"status";b:1;s:10:"status_msg";s:7:"Success";s:7:"post_id";i:180;s:9:"post_link";a:2:{s:8:"edit_url";s:68:"http://localhost/sample-store-new/wp-admin/user-edit.php?user_id=180";s:5:"title";s:31:"Sushant.Namdeo@thewinegroup.com";}}
a:6:{s:3:"row";i:180;s:7:"message";s:27:"User imported successfully.";s:6:"status";b:1;s:10:"status_msg";s:7:"Success";s:7:"post_id";i:181;s:9:"post_link";a:2:{s:8:"edit_url";s:68:"http://localhost/sample-store-new/wp-admin/user-edit.php?user_id=181";s:5:"title";s:23:"susiet@thewinegroup.com";}}
a:6:{s:3:"row";i:181;s:7:"message";s:27:"User imported successfully.";s:6:"status";b:1;s:10:"status_msg";s:7:"Success";s:7:"post_id";i:182;s:9:"post_link";a:2:{s:8:"edit_url";s:68:"http://localhost/sample-store-new/wp-admin/user-edit.php?user_id=182";s:5:"title";s:17:"tate@apkeaton.com";}}
a:6:{s:3:"row";i:182;s:7:"message";s:27:"User imported successfully.";s:6:"status";b:1;s:10:"status_msg";s:7:"Success";s:7:"post_id";i:183;s:9:"post_link";a:2:{s:8:"edit_url";s:68:"http://localhost/sample-store-new/wp-admin/user-edit.php?user_id=183";s:5:"title";s:11:"taylorholst";}}
a:6:{s:3:"row";i:183;s:7:"message";s:27:"User imported successfully.";s:6:"status";b:1;s:10:"status_msg";s:7:"Success";s:7:"post_id";i:184;s:9:"post_link";a:2:{s:8:"edit_url";s:68:"http://localhost/sample-store-new/wp-admin/user-edit.php?user_id=184";s:5:"title";s:31:"thomas.ohanlon@thewinegroup.com";}}
a:6:{s:3:"row";i:184;s:7:"message";s:27:"User imported successfully.";s:6:"status";b:1;s:10:"status_msg";s:7:"Success";s:7:"post_id";i:185;s:9:"post_link";a:2:{s:8:"edit_url";s:68:"http://localhost/sample-store-new/wp-admin/user-edit.php?user_id=185";s:5:"title";s:28:"todd.dobozi@thewinegroup.com";}}
a:6:{s:3:"row";i:185;s:7:"message";s:27:"User imported successfully.";s:6:"status";b:1;s:10:"status_msg";s:7:"Success";s:7:"post_id";i:186;s:9:"post_link";a:2:{s:8:"edit_url";s:68:"http://localhost/sample-store-new/wp-admin/user-edit.php?user_id=186";s:5:"title";s:29:"todd.jenkins@thewinegroup.com";}}
a:6:{s:3:"row";i:186;s:7:"message";s:27:"User imported successfully.";s:6:"status";b:1;s:10:"status_msg";s:7:"Success";s:7:"post_id";i:187;s:9:"post_link";a:2:{s:8:"edit_url";s:68:"http://localhost/sample-store-new/wp-admin/user-edit.php?user_id=187";s:5:"title";s:28:"Tom.Stowell@thewinegroup.com";}}
a:6:{s:3:"row";i:187;s:7:"message";s:27:"User imported successfully.";s:6:"status";b:1;s:10:"status_msg";s:7:"Success";s:7:"post_id";i:188;s:9:"post_link";a:2:{s:8:"edit_url";s:68:"http://localhost/sample-store-new/wp-admin/user-edit.php?user_id=188";s:5:"title";s:28:"truc.nguyen@thewinegroup.com";}}
a:6:{s:3:"row";i:188;s:7:"message";s:27:"User imported successfully.";s:6:"status";b:1;s:10:"status_msg";s:7:"Success";s:7:"post_id";i:189;s:9:"post_link";a:2:{s:8:"edit_url";s:68:"http://localhost/sample-store-new/wp-admin/user-edit.php?user_id=189";s:5:"title";s:31:"twgAmanda10547@thewinegroup.com";}}
a:6:{s:3:"row";i:189;s:7:"message";s:27:"User imported successfully.";s:6:"status";b:1;s:10:"status_msg";s:7:"Success";s:7:"post_id";i:190;s:9:"post_link";a:2:{s:8:"edit_url";s:68:"http://localhost/sample-store-new/wp-admin/user-edit.php?user_id=190";s:5:"title";s:28:"twgAmy60025@thewinegroup.com";}}
a:6:{s:3:"row";i:190;s:7:"message";s:27:"User imported successfully.";s:6:"status";b:1;s:10:"status_msg";s:7:"Success";s:7:"post_id";i:191;s:9:"post_link";a:2:{s:8:"edit_url";s:68:"http://localhost/sample-store-new/wp-admin/user-edit.php?user_id=191";s:5:"title";s:28:"twgAmy80222@thewinegroup.com";}}
a:6:{s:3:"row";i:191;s:7:"message";s:27:"User imported successfully.";s:6:"status";b:1;s:10:"status_msg";s:7:"Success";s:7:"post_id";i:192;s:9:"post_link";a:2:{s:8:"edit_url";s:68:"http://localhost/sample-store-new/wp-admin/user-edit.php?user_id=192";s:5:"title";s:30:"twgApril10104@thewinegroup.com";}}
a:6:{s:3:"row";i:192;s:7:"message";s:27:"User imported successfully.";s:6:"status";b:1;s:10:"status_msg";s:7:"Success";s:7:"post_id";i:193;s:9:"post_link";a:2:{s:8:"edit_url";s:68:"http://localhost/sample-store-new/wp-admin/user-edit.php?user_id=193";s:5:"title";s:31:"twgAutumn60606@thewinegroup.com";}}
a:6:{s:3:"row";i:193;s:7:"message";s:27:"User imported successfully.";s:6:"status";b:1;s:10:"status_msg";s:7:"Success";s:7:"post_id";i:194;s:9:"post_link";a:2:{s:8:"edit_url";s:68:"http://localhost/sample-store-new/wp-admin/user-edit.php?user_id=194";s:5:"title";s:32:"twgBrianne90066@thewinegroup.com";}}
a:6:{s:3:"row";i:194;s:7:"message";s:27:"User imported successfully.";s:6:"status";b:1;s:10:"status_msg";s:7:"Success";s:7:"post_id";i:195;s:9:"post_link";a:2:{s:8:"edit_url";s:68:"http://localhost/sample-store-new/wp-admin/user-edit.php?user_id=195";s:5:"title";s:36:"twgCarrie21228-5715@thewinegroup.com";}}
a:6:{s:3:"row";i:195;s:7:"message";s:27:"User imported successfully.";s:6:"status";b:1;s:10:"status_msg";s:7:"Success";s:7:"post_id";i:196;s:9:"post_link";a:2:{s:8:"edit_url";s:68:"http://localhost/sample-store-new/wp-admin/user-edit.php?user_id=196";s:5:"title";s:34:"twgCatherine60606@thewinegroup.com";}}
a:6:{s:3:"row";i:196;s:7:"message";s:27:"User imported successfully.";s:6:"status";b:1;s:10:"status_msg";s:7:"Success";s:7:"post_id";i:197;s:9:"post_link";a:2:{s:8:"edit_url";s:68:"http://localhost/sample-store-new/wp-admin/user-edit.php?user_id=197";s:5:"title";s:33:"twgDaniella11222@thewinegroup.com";}}
a:6:{s:3:"row";i:197;s:7:"message";s:27:"User imported successfully.";s:6:"status";b:1;s:10:"status_msg";s:7:"Success";s:7:"post_id";i:198;s:9:"post_link";a:2:{s:8:"edit_url";s:68:"http://localhost/sample-store-new/wp-admin/user-edit.php?user_id=198";s:5:"title";s:29:"twgErin94601@thewinegroup.com";}}
a:6:{s:3:"row";i:198;s:7:"message";s:27:"User imported successfully.";s:6:"status";b:1;s:10:"status_msg";s:7:"Success";s:7:"post_id";i:199;s:9:"post_link";a:2:{s:8:"edit_url";s:68:"http://localhost/sample-store-new/wp-admin/user-edit.php?user_id=199";s:5:"title";s:30:"twgFaith10104@thewinegroup.com";}}
a:6:{s:3:"row";i:199;s:7:"message";s:27:"User imported successfully.";s:6:"status";b:1;s:10:"status_msg";s:7:"Success";s:7:"post_id";i:200;s:9:"post_link";a:2:{s:8:"edit_url";s:68:"http://localhost/sample-store-new/wp-admin/user-edit.php?user_id=200";s:5:"title";s:34:"twgGabriella11040@thewinegroup.com";}}
a:6:{s:3:"row";i:200;s:7:"message";s:27:"User imported successfully.";s:6:"status";b:1;s:10:"status_msg";s:7:"Success";s:7:"post_id";i:201;s:9:"post_link";a:2:{s:8:"edit_url";s:68:"http://localhost/sample-store-new/wp-admin/user-edit.php?user_id=201";s:5:"title";s:31:"twgHannah60093@thewinegroup.com";}}
a:6:{s:3:"row";i:201;s:7:"message";s:27:"User imported successfully.";s:6:"status";b:1;s:10:"status_msg";s:7:"Success";s:7:"post_id";i:202;s:9:"post_link";a:2:{s:8:"edit_url";s:68:"http://localhost/sample-store-new/wp-admin/user-edit.php?user_id=202";s:5:"title";s:30:"twgHolly80112@thewinegroup.com";}}
a:6:{s:3:"row";i:202;s:7:"message";s:27:"User imported successfully.";s:6:"status";b:1;s:10:"status_msg";s:7:"Success";s:7:"post_id";i:203;s:9:"post_link";a:2:{s:8:"edit_url";s:68:"http://localhost/sample-store-new/wp-admin/user-edit.php?user_id=203";s:5:"title";s:9:"TWGITTest";}}
a:6:{s:3:"row";i:203;s:7:"message";s:27:"User imported successfully.";s:6:"status";b:1;s:10:"status_msg";s:7:"Success";s:7:"post_id";i:204;s:9:"post_link";a:2:{s:8:"edit_url";s:68:"http://localhost/sample-store-new/wp-admin/user-edit.php?user_id=204";s:5:"title";s:38:"twgJennifer20191-3837@thewinegroup.com";}}
a:6:{s:3:"row";i:204;s:7:"message";s:27:"User imported successfully.";s:6:"status";b:1;s:10:"status_msg";s:7:"Success";s:7:"post_id";i:205;s:9:"post_link";a:2:{s:8:"edit_url";s:68:"http://localhost/sample-store-new/wp-admin/user-edit.php?user_id=205";s:5:"title";s:32:"twgJessica06824@thewinegroup.com";}}
a:6:{s:3:"row";i:205;s:7:"message";s:27:"User imported successfully.";s:6:"status";b:1;s:10:"status_msg";s:7:"Success";s:7:"post_id";i:206;s:9:"post_link";a:2:{s:8:"edit_url";s:68:"http://localhost/sample-store-new/wp-admin/user-edit.php?user_id=206";s:5:"title";s:30:"twgJoanna7030@thewinegroup.com";}}
a:6:{s:3:"row";i:206;s:7:"message";s:27:"User imported successfully.";s:6:"status";b:1;s:10:"status_msg";s:7:"Success";s:7:"post_id";i:207;s:9:"post_link";a:2:{s:8:"edit_url";s:68:"http://localhost/sample-store-new/wp-admin/user-edit.php?user_id=207";s:5:"title";s:33:"twgKimberly60616@thewinegroup.com";}}
a:6:{s:3:"row";i:207;s:7:"message";s:27:"User imported successfully.";s:6:"status";b:1;s:10:"status_msg";s:7:"Success";s:7:"post_id";i:208;s:9:"post_link";a:2:{s:8:"edit_url";s:68:"http://localhost/sample-store-new/wp-admin/user-edit.php?user_id=208";s:5:"title";s:30:"twgLinda60606@thewinegroup.com";}}
a:6:{s:3:"row";i:208;s:7:"message";s:27:"User imported successfully.";s:6:"status";b:1;s:10:"status_msg";s:7:"Success";s:7:"post_id";i:209;s:9:"post_link";a:2:{s:8:"edit_url";s:68:"http://localhost/sample-store-new/wp-admin/user-edit.php?user_id=209";s:5:"title";s:30:"twgMegan92807@thewinegroup.com";}}
a:6:{s:3:"row";i:209;s:7:"message";s:27:"User imported successfully.";s:6:"status";b:1;s:10:"status_msg";s:7:"Success";s:7:"post_id";i:210;s:9:"post_link";a:2:{s:8:"edit_url";s:68:"http://localhost/sample-store-new/wp-admin/user-edit.php?user_id=210";s:5:"title";s:29:"twgNiki95452@thewinegroup.com";}}
a:6:{s:3:"row";i:210;s:7:"message";s:27:"User imported successfully.";s:6:"status";b:1;s:10:"status_msg";s:7:"Success";s:7:"post_id";i:211;s:9:"post_link";a:2:{s:8:"edit_url";s:68:"http://localhost/sample-store-new/wp-admin/user-edit.php?user_id=211";s:5:"title";s:36:"twgOndria60473-1181@thewinegroup.com";}}
a:6:{s:3:"row";i:211;s:7:"message";s:27:"User imported successfully.";s:6:"status";b:1;s:10:"status_msg";s:7:"Success";s:7:"post_id";i:212;s:9:"post_link";a:2:{s:8:"edit_url";s:68:"http://localhost/sample-store-new/wp-admin/user-edit.php?user_id=212";s:5:"title";s:28:"twgRitu6883@thewinegroup.com";}}
a:6:{s:3:"row";i:212;s:7:"message";s:27:"User imported successfully.";s:6:"status";b:1;s:10:"status_msg";s:7:"Success";s:7:"post_id";i:213;s:9:"post_link";a:2:{s:8:"edit_url";s:68:"http://localhost/sample-store-new/wp-admin/user-edit.php?user_id=213";s:5:"title";s:32:"twgSabiena60103@thewinegroup.com";}}
a:6:{s:3:"row";i:213;s:7:"message";s:27:"User imported successfully.";s:6:"status";b:1;s:10:"status_msg";s:7:"Success";s:7:"post_id";i:214;s:9:"post_link";a:2:{s:8:"edit_url";s:68:"http://localhost/sample-store-new/wp-admin/user-edit.php?user_id=214";s:5:"title";s:29:"twgSara11201@thewinegroup.com";}}
a:6:{s:3:"row";i:214;s:7:"message";s:27:"User imported successfully.";s:6:"status";b:1;s:10:"status_msg";s:7:"Success";s:7:"post_id";i:215;s:9:"post_link";a:2:{s:8:"edit_url";s:68:"http://localhost/sample-store-new/wp-admin/user-edit.php?user_id=215";s:5:"title";s:31:"twgstacey11725@thewinegroup.com";}}
a:6:{s:3:"row";i:215;s:7:"message";s:27:"User imported successfully.";s:6:"status";b:1;s:10:"status_msg";s:7:"Success";s:7:"post_id";i:216;s:9:"post_link";a:2:{s:8:"edit_url";s:68:"http://localhost/sample-store-new/wp-admin/user-edit.php?user_id=216";s:5:"title";s:31:"twgTrista60606@thewinegroup.com";}}
a:6:{s:3:"row";i:216;s:7:"message";s:27:"User imported successfully.";s:6:"status";b:1;s:10:"status_msg";s:7:"Success";s:7:"post_id";i:217;s:9:"post_link";a:2:{s:8:"edit_url";s:68:"http://localhost/sample-store-new/wp-admin/user-edit.php?user_id=217";s:5:"title";s:13:"wallacesheila";}}
a:6:{s:3:"row";i:217;s:7:"message";s:27:"User imported successfully.";s:6:"status";b:1;s:10:"status_msg";s:7:"Success";s:7:"post_id";i:218;s:9:"post_link";a:2:{s:8:"edit_url";s:68:"http://localhost/sample-store-new/wp-admin/user-edit.php?user_id=218";s:5:"title";s:12:"whitneysawle";}}
a:6:{s:3:"row";i:218;s:7:"message";s:27:"User imported successfully.";s:6:"status";b:1;s:10:"status_msg";s:7:"Success";s:7:"post_id";i:219;s:9:"post_link";a:2:{s:8:"edit_url";s:68:"http://localhost/sample-store-new/wp-admin/user-edit.php?user_id=219";s:5:"title";s:27:"will.moore@thewinegroup.com";}}
