a:6:{s:3:"row";i:1;s:7:"message";s:27:"User imported successfully.";s:6:"status";b:1;s:10:"status_msg";s:7:"Success";s:7:"post_id";i:220;s:9:"post_link";a:2:{s:8:"edit_url";s:68:"http://localhost/sample-store-new/wp-admin/user-edit.php?user_id=220";s:5:"title";s:5:"87150";}}
a:6:{s:3:"row";i:2;s:7:"message";s:27:"User imported successfully.";s:6:"status";b:1;s:10:"status_msg";s:7:"Success";s:7:"post_id";i:221;s:9:"post_link";a:2:{s:8:"edit_url";s:68:"http://localhost/sample-store-new/wp-admin/user-edit.php?user_id=221";s:5:"title";s:30:"Adam.demarais@thewinegroup.com";}}
a:6:{s:3:"row";i:3;s:7:"message";s:27:"User imported successfully.";s:6:"status";b:1;s:10:"status_msg";s:7:"Success";s:7:"post_id";i:222;s:9:"post_link";a:2:{s:8:"edit_url";s:68:"http://localhost/sample-store-new/wp-admin/user-edit.php?user_id=222";s:5:"title";s:9:"agrossman";}}
a:6:{s:3:"row";i:4;s:7:"message";s:27:"User imported successfully.";s:6:"status";b:1;s:10:"status_msg";s:7:"Success";s:7:"post_id";i:223;s:9:"post_link";a:2:{s:8:"edit_url";s:68:"http://localhost/sample-store-new/wp-admin/user-edit.php?user_id=223";s:5:"title";s:30:"Aj.mindermann@thewinegroup.com";}}
a:6:{s:3:"row";i:5;s:7:"message";s:27:"User imported successfully.";s:6:"status";b:1;s:10:"status_msg";s:7:"Success";s:7:"post_id";i:224;s:9:"post_link";a:2:{s:8:"edit_url";s:68:"http://localhost/sample-store-new/wp-admin/user-edit.php?user_id=224";s:5:"title";s:23:"akaris@double-forte.com";}}
a:6:{s:3:"row";i:6;s:7:"message";s:27:"User imported successfully.";s:6:"status";b:1;s:10:"status_msg";s:7:"Success";s:7:"post_id";i:225;s:9:"post_link";a:2:{s:8:"edit_url";s:68:"http://localhost/sample-store-new/wp-admin/user-edit.php?user_id=225";s:5:"title";s:30:"alyssa.barber@thewinegroup.com";}}
a:6:{s:3:"row";i:7;s:7:"message";s:27:"User imported successfully.";s:6:"status";b:1;s:10:"status_msg";s:7:"Success";s:7:"post_id";i:226;s:9:"post_link";a:2:{s:8:"edit_url";s:68:"http://localhost/sample-store-new/wp-admin/user-edit.php?user_id=226";s:5:"title";s:29:"amanda.young@thewinegroup.com";}}
a:6:{s:3:"row";i:8;s:7:"message";s:27:"User imported successfully.";s:6:"status";b:1;s:10:"status_msg";s:7:"Success";s:7:"post_id";i:227;s:9:"post_link";a:2:{s:8:"edit_url";s:68:"http://localhost/sample-store-new/wp-admin/user-edit.php?user_id=227";s:5:"title";s:26:"amy.navor@thewinegroup.com";}}
a:6:{s:3:"row";i:9;s:7:"message";s:27:"User imported successfully.";s:6:"status";b:1;s:10:"status_msg";s:7:"Success";s:7:"post_id";i:228;s:9:"post_link";a:2:{s:8:"edit_url";s:68:"http://localhost/sample-store-new/wp-admin/user-edit.php?user_id=228";s:5:"title";s:10:"Amyclancy1";}}
a:6:{s:3:"row";i:10;s:7:"message";s:27:"User imported successfully.";s:6:"status";b:1;s:10:"status_msg";s:7:"Success";s:7:"post_id";i:229;s:9:"post_link";a:2:{s:8:"edit_url";s:68:"http://localhost/sample-store-new/wp-admin/user-edit.php?user_id=229";s:5:"title";s:32:"andrea.brambila@thewinegroup.com";}}
a:6:{s:3:"row";i:11;s:7:"message";s:27:"User imported successfully.";s:6:"status";b:1;s:10:"status_msg";s:7:"Success";s:7:"post_id";i:230;s:9:"post_link";a:2:{s:8:"edit_url";s:68:"http://localhost/sample-store-new/wp-admin/user-edit.php?user_id=230";s:5:"title";s:29:"andrew.groom@thewinegroup.com";}}
a:6:{s:3:"row";i:12;s:7:"message";s:27:"User imported successfully.";s:6:"status";b:1;s:10:"status_msg";s:7:"Success";s:7:"post_id";i:231;s:9:"post_link";a:2:{s:8:"edit_url";s:68:"http://localhost/sample-store-new/wp-admin/user-edit.php?user_id=231";s:5:"title";s:32:"andrew.santiago@thewinegroup.com";}}
a:6:{s:3:"row";i:13;s:7:"message";s:27:"User imported successfully.";s:6:"status";b:1;s:10:"status_msg";s:7:"Success";s:7:"post_id";i:232;s:9:"post_link";a:2:{s:8:"edit_url";s:68:"http://localhost/sample-store-new/wp-admin/user-edit.php?user_id=232";s:5:"title";s:34:"AnneMarie.Beltran@thewinegroup.com";}}
a:6:{s:3:"row";i:14;s:7:"message";s:27:"User imported successfully.";s:6:"status";b:1;s:10:"status_msg";s:7:"Success";s:7:"post_id";i:233;s:9:"post_link";a:2:{s:8:"edit_url";s:68:"http://localhost/sample-store-new/wp-admin/user-edit.php?user_id=233";s:5:"title";s:27:"ayca.revaz@thewinegroup.com";}}
a:6:{s:3:"row";i:15;s:7:"message";s:27:"User imported successfully.";s:6:"status";b:1;s:10:"status_msg";s:7:"Success";s:7:"post_id";i:234;s:9:"post_link";a:2:{s:8:"edit_url";s:68:"http://localhost/sample-store-new/wp-admin/user-edit.php?user_id=234";s:5:"title";s:33:"belinda.harcombe@thewinegroup.com";}}
a:6:{s:3:"row";i:16;s:7:"message";s:27:"User imported successfully.";s:6:"status";b:1;s:10:"status_msg";s:7:"Success";s:7:"post_id";i:235;s:9:"post_link";a:2:{s:8:"edit_url";s:68:"http://localhost/sample-store-new/wp-admin/user-edit.php?user_id=235";s:5:"title";s:26:"ben.bowen@thewinegroup.com";}}
a:6:{s:3:"row";i:17;s:7:"message";s:27:"User imported successfully.";s:6:"status";b:1;s:10:"status_msg";s:7:"Success";s:7:"post_id";i:236;s:9:"post_link";a:2:{s:8:"edit_url";s:68:"http://localhost/sample-store-new/wp-admin/user-edit.php?user_id=236";s:5:"title";s:10:"benton9439";}}
a:6:{s:3:"row";i:18;s:7:"message";s:27:"User imported successfully.";s:6:"status";b:1;s:10:"status_msg";s:7:"Success";s:7:"post_id";i:237;s:9:"post_link";a:2:{s:8:"edit_url";s:68:"http://localhost/sample-store-new/wp-admin/user-edit.php?user_id=237";s:5:"title";s:6:"bfikse";}}
a:6:{s:3:"row";i:19;s:7:"message";s:27:"User imported successfully.";s:6:"status";b:1;s:10:"status_msg";s:7:"Success";s:7:"post_id";i:238;s:9:"post_link";a:2:{s:8:"edit_url";s:68:"http://localhost/sample-store-new/wp-admin/user-edit.php?user_id=238";s:5:"title";s:7:"biatawi";}}
a:6:{s:3:"row";i:20;s:7:"message";s:27:"User imported successfully.";s:6:"status";b:1;s:10:"status_msg";s:7:"Success";s:7:"post_id";i:239;s:9:"post_link";a:2:{s:8:"edit_url";s:68:"http://localhost/sample-store-new/wp-admin/user-edit.php?user_id=239";s:5:"title";s:34:"brandon.contreras@thewinegroup.com";}}
a:6:{s:3:"row";i:21;s:7:"message";s:27:"User imported successfully.";s:6:"status";b:1;s:10:"status_msg";s:7:"Success";s:7:"post_id";i:240;s:9:"post_link";a:2:{s:8:"edit_url";s:68:"http://localhost/sample-store-new/wp-admin/user-edit.php?user_id=240";s:5:"title";s:30:"brandon.eason@thewinegroup.com";}}
a:6:{s:3:"row";i:22;s:7:"message";s:27:"User imported successfully.";s:6:"status";b:1;s:10:"status_msg";s:7:"Success";s:7:"post_id";i:241;s:9:"post_link";a:2:{s:8:"edit_url";s:68:"http://localhost/sample-store-new/wp-admin/user-edit.php?user_id=241";s:5:"title";s:33:"brandon.mcdermott@thwinegroup.com";}}
a:6:{s:3:"row";i:23;s:7:"message";s:27:"User imported successfully.";s:6:"status";b:1;s:10:"status_msg";s:7:"Success";s:7:"post_id";i:242;s:9:"post_link";a:2:{s:8:"edit_url";s:68:"http://localhost/sample-store-new/wp-admin/user-edit.php?user_id=242";s:5:"title";s:28:"brandy.shaw@thewinegroup.com";}}
a:6:{s:3:"row";i:24;s:7:"message";s:27:"User imported successfully.";s:6:"status";b:1;s:10:"status_msg";s:7:"Success";s:7:"post_id";i:243;s:9:"post_link";a:2:{s:8:"edit_url";s:68:"http://localhost/sample-store-new/wp-admin/user-edit.php?user_id=243";s:5:"title";s:28:"brian.doyle@thewinegroup.com";}}
a:6:{s:3:"row";i:25;s:7:"message";s:27:"User imported successfully.";s:6:"status";b:1;s:10:"status_msg";s:7:"Success";s:7:"post_id";i:244;s:9:"post_link";a:2:{s:8:"edit_url";s:68:"http://localhost/sample-store-new/wp-admin/user-edit.php?user_id=244";s:5:"title";s:29:"brian.martin@thewinegroup.com";}}
a:6:{s:3:"row";i:26;s:7:"message";s:27:"User imported successfully.";s:6:"status";b:1;s:10:"status_msg";s:7:"Success";s:7:"post_id";i:245;s:9:"post_link";a:2:{s:8:"edit_url";s:68:"http://localhost/sample-store-new/wp-admin/user-edit.php?user_id=245";s:5:"title";s:30:"bridget.daley@thewinegroup.com";}}
a:6:{s:3:"row";i:27;s:7:"message";s:27:"User imported successfully.";s:6:"status";b:1;s:10:"status_msg";s:7:"Success";s:7:"post_id";i:246;s:9:"post_link";a:2:{s:8:"edit_url";s:68:"http://localhost/sample-store-new/wp-admin/user-edit.php?user_id=246";s:5:"title";s:32:"bridgette.berry@thewinegroup.com";}}
a:6:{s:3:"row";i:28;s:7:"message";s:27:"User imported successfully.";s:6:"status";b:1;s:10:"status_msg";s:7:"Success";s:7:"post_id";i:247;s:9:"post_link";a:2:{s:8:"edit_url";s:68:"http://localhost/sample-store-new/wp-admin/user-edit.php?user_id=247";s:5:"title";s:12:"Brott.Ritzel";}}
a:6:{s:3:"row";i:29;s:7:"message";s:27:"User imported successfully.";s:6:"status";b:1;s:10:"status_msg";s:7:"Success";s:7:"post_id";i:248;s:9:"post_link";a:2:{s:8:"edit_url";s:68:"http://localhost/sample-store-new/wp-admin/user-edit.php?user_id=248";s:5:"title";s:30:"bryan.skupien@thewinegroup.com";}}
a:6:{s:3:"row";i:30;s:7:"message";s:27:"User imported successfully.";s:6:"status";b:1;s:10:"status_msg";s:7:"Success";s:7:"post_id";i:249;s:9:"post_link";a:2:{s:8:"edit_url";s:68:"http://localhost/sample-store-new/wp-admin/user-edit.php?user_id=249";s:5:"title";s:8:"BSkupien";}}
a:6:{s:3:"row";i:31;s:7:"message";s:27:"User imported successfully.";s:6:"status";b:1;s:10:"status_msg";s:7:"Success";s:7:"post_id";i:250;s:9:"post_link";a:2:{s:8:"edit_url";s:68:"http://localhost/sample-store-new/wp-admin/user-edit.php?user_id=250";s:5:"title";s:6:"Bstraw";}}
a:6:{s:3:"row";i:32;s:7:"message";s:27:"User imported successfully.";s:6:"status";b:1;s:10:"status_msg";s:7:"Success";s:7:"post_id";i:251;s:9:"post_link";a:2:{s:8:"edit_url";s:68:"http://localhost/sample-store-new/wp-admin/user-edit.php?user_id=251";s:5:"title";s:8:"Caitlind";}}
a:6:{s:3:"row";i:33;s:7:"message";s:27:"User imported successfully.";s:6:"status";b:1;s:10:"status_msg";s:7:"Success";s:7:"post_id";i:252;s:9:"post_link";a:2:{s:8:"edit_url";s:68:"http://localhost/sample-store-new/wp-admin/user-edit.php?user_id=252";s:5:"title";s:25:"cam.duke@thewinegroup.com";}}
a:6:{s:3:"row";i:34;s:7:"message";s:27:"User imported successfully.";s:6:"status";b:1;s:10:"status_msg";s:7:"Success";s:7:"post_id";i:253;s:9:"post_link";a:2:{s:8:"edit_url";s:68:"http://localhost/sample-store-new/wp-admin/user-edit.php?user_id=253";s:5:"title";s:32:"carolyn.lescher@thewinegroup.com";}}
a:6:{s:3:"row";i:35;s:7:"message";s:27:"User imported successfully.";s:6:"status";b:1;s:10:"status_msg";s:7:"Success";s:7:"post_id";i:254;s:9:"post_link";a:2:{s:8:"edit_url";s:68:"http://localhost/sample-store-new/wp-admin/user-edit.php?user_id=254";s:5:"title";s:31:"carolyn.mclean@thewinegroup.com";}}
a:6:{s:3:"row";i:36;s:7:"message";s:27:"User imported successfully.";s:6:"status";b:1;s:10:"status_msg";s:7:"Success";s:7:"post_id";i:255;s:9:"post_link";a:2:{s:8:"edit_url";s:68:"http://localhost/sample-store-new/wp-admin/user-edit.php?user_id=255";s:5:"title";s:29:"cassie.gokey@thewinegroup.com";}}
a:6:{s:3:"row";i:37;s:7:"message";s:27:"User imported successfully.";s:6:"status";b:1;s:10:"status_msg";s:7:"Success";s:7:"post_id";i:256;s:9:"post_link";a:2:{s:8:"edit_url";s:68:"http://localhost/sample-store-new/wp-admin/user-edit.php?user_id=256";s:5:"title";s:9:"catehardy";}}
a:6:{s:3:"row";i:38;s:7:"message";s:27:"User imported successfully.";s:6:"status";b:1;s:10:"status_msg";s:7:"Success";s:7:"post_id";i:257;s:9:"post_link";a:2:{s:8:"edit_url";s:68:"http://localhost/sample-store-new/wp-admin/user-edit.php?user_id=257";s:5:"title";s:33:"cecilia.quinones@thewinegroup.com";}}
a:6:{s:3:"row";i:39;s:7:"message";s:27:"User imported successfully.";s:6:"status";b:1;s:10:"status_msg";s:7:"Success";s:7:"post_id";i:258;s:9:"post_link";a:2:{s:8:"edit_url";s:68:"http://localhost/sample-store-new/wp-admin/user-edit.php?user_id=258";s:5:"title";s:28:"chad.fisher@thewinegroup.com";}}
a:6:{s:3:"row";i:40;s:7:"message";s:27:"User imported successfully.";s:6:"status";b:1;s:10:"status_msg";s:7:"Success";s:7:"post_id";i:259;s:9:"post_link";a:2:{s:8:"edit_url";s:68:"http://localhost/sample-store-new/wp-admin/user-edit.php?user_id=259";s:5:"title";s:34:"charlotte.beriker@thewinegroup.com";}}
a:6:{s:3:"row";i:41;s:7:"message";s:27:"User imported successfully.";s:6:"status";b:1;s:10:"status_msg";s:7:"Success";s:7:"post_id";i:260;s:9:"post_link";a:2:{s:8:"edit_url";s:68:"http://localhost/sample-store-new/wp-admin/user-edit.php?user_id=260";s:5:"title";s:31:"chauncey.brown@thewinegroup.com";}}
a:6:{s:3:"row";i:42;s:7:"message";s:27:"User imported successfully.";s:6:"status";b:1;s:10:"status_msg";s:7:"Success";s:7:"post_id";i:261;s:9:"post_link";a:2:{s:8:"edit_url";s:68:"http://localhost/sample-store-new/wp-admin/user-edit.php?user_id=261";s:5:"title";s:30:"chelsea.ruddy@thewinegroup.com";}}
a:6:{s:3:"row";i:43;s:7:"message";s:27:"User imported successfully.";s:6:"status";b:1;s:10:"status_msg";s:7:"Success";s:7:"post_id";i:262;s:9:"post_link";a:2:{s:8:"edit_url";s:68:"http://localhost/sample-store-new/wp-admin/user-edit.php?user_id=262";s:5:"title";s:30:"chris.nodland@thewinegroup.com";}}
a:6:{s:3:"row";i:44;s:7:"message";s:27:"User imported successfully.";s:6:"status";b:1;s:10:"status_msg";s:7:"Success";s:7:"post_id";i:263;s:9:"post_link";a:2:{s:8:"edit_url";s:68:"http://localhost/sample-store-new/wp-admin/user-edit.php?user_id=263";s:5:"title";s:20:"chrisbz@benziger.com";}}
a:6:{s:3:"row";i:45;s:7:"message";s:27:"User imported successfully.";s:6:"status";b:1;s:10:"status_msg";s:7:"Success";s:7:"post_id";i:264;s:9:"post_link";a:2:{s:8:"edit_url";s:68:"http://localhost/sample-store-new/wp-admin/user-edit.php?user_id=264";s:5:"title";s:31:"crystal.somers@thewinegroup.com";}}
a:6:{s:3:"row";i:46;s:7:"message";s:27:"User imported successfully.";s:6:"status";b:1;s:10:"status_msg";s:7:"Success";s:7:"post_id";i:265;s:9:"post_link";a:2:{s:8:"edit_url";s:68:"http://localhost/sample-store-new/wp-admin/user-edit.php?user_id=265";s:5:"title";s:32:"crystal.weitzel@thewinegroup.com";}}
a:6:{s:3:"row";i:47;s:7:"message";s:27:"User imported successfully.";s:6:"status";b:1;s:10:"status_msg";s:7:"Success";s:7:"post_id";i:266;s:9:"post_link";a:2:{s:8:"edit_url";s:68:"http://localhost/sample-store-new/wp-admin/user-edit.php?user_id=266";s:5:"title";s:8:"csummers";}}
a:6:{s:3:"row";i:48;s:7:"message";s:27:"User imported successfully.";s:6:"status";b:1;s:10:"status_msg";s:7:"Success";s:7:"post_id";i:267;s:9:"post_link";a:2:{s:8:"edit_url";s:68:"http://localhost/sample-store-new/wp-admin/user-edit.php?user_id=267";s:5:"title";s:8:"customer";}}
a:6:{s:3:"row";i:49;s:7:"message";s:27:"User imported successfully.";s:6:"status";b:1;s:10:"status_msg";s:7:"Success";s:7:"post_id";i:268;s:9:"post_link";a:2:{s:8:"edit_url";s:68:"http://localhost/sample-store-new/wp-admin/user-edit.php?user_id=268";s:5:"title";s:31:"dalia.higareda@thewinegroup.com";}}
a:6:{s:3:"row";i:50;s:7:"message";s:27:"User imported successfully.";s:6:"status";b:1;s:10:"status_msg";s:7:"Success";s:7:"post_id";i:269;s:9:"post_link";a:2:{s:8:"edit_url";s:68:"http://localhost/sample-store-new/wp-admin/user-edit.php?user_id=269";s:5:"title";s:29:"damian.sawle@thewinegroup.com";}}
a:6:{s:3:"row";i:51;s:7:"message";s:27:"User imported successfully.";s:6:"status";b:1;s:10:"status_msg";s:7:"Success";s:7:"post_id";i:270;s:9:"post_link";a:2:{s:8:"edit_url";s:68:"http://localhost/sample-store-new/wp-admin/user-edit.php?user_id=270";s:5:"title";s:29:"david.bounds@thewinegroup.com";}}
a:6:{s:3:"row";i:52;s:7:"message";s:27:"User imported successfully.";s:6:"status";b:1;s:10:"status_msg";s:7:"Success";s:7:"post_id";i:271;s:9:"post_link";a:2:{s:8:"edit_url";s:68:"http://localhost/sample-store-new/wp-admin/user-edit.php?user_id=271";s:5:"title";s:34:"david.dzwonkowski@thewinegroup.com";}}
a:6:{s:3:"row";i:53;s:7:"message";s:27:"User imported successfully.";s:6:"status";b:1;s:10:"status_msg";s:7:"Success";s:7:"post_id";i:272;s:9:"post_link";a:2:{s:8:"edit_url";s:68:"http://localhost/sample-store-new/wp-admin/user-edit.php?user_id=272";s:5:"title";s:30:"david.labarre@thewinegroup.com";}}
a:6:{s:3:"row";i:54;s:7:"message";s:27:"User imported successfully.";s:6:"status";b:1;s:10:"status_msg";s:7:"Success";s:7:"post_id";i:273;s:9:"post_link";a:2:{s:8:"edit_url";s:68:"http://localhost/sample-store-new/wp-admin/user-edit.php?user_id=273";s:5:"title";s:31:"David.Weckerle@thewinegroup.com";}}
a:6:{s:3:"row";i:55;s:7:"message";s:27:"User imported successfully.";s:6:"status";b:1;s:10:"status_msg";s:7:"Success";s:7:"post_id";i:274;s:9:"post_link";a:2:{s:8:"edit_url";s:68:"http://localhost/sample-store-new/wp-admin/user-edit.php?user_id=274";s:5:"title";s:12:"davidrmcgraw";}}
a:6:{s:3:"row";i:56;s:7:"message";s:27:"User imported successfully.";s:6:"status";b:1;s:10:"status_msg";s:7:"Success";s:7:"post_id";i:275;s:9:"post_link";a:2:{s:8:"edit_url";s:68:"http://localhost/sample-store-new/wp-admin/user-edit.php?user_id=275";s:5:"title";s:27:"diana.long@thewinegroup.com";}}
a:6:{s:3:"row";i:57;s:7:"message";s:27:"User imported successfully.";s:6:"status";b:1;s:10:"status_msg";s:7:"Success";s:7:"post_id";i:276;s:9:"post_link";a:2:{s:8:"edit_url";s:68:"http://localhost/sample-store-new/wp-admin/user-edit.php?user_id=276";s:5:"title";s:29:"donna.armour@thewinegroup.com";}}
a:6:{s:3:"row";i:58;s:7:"message";s:27:"User imported successfully.";s:6:"status";b:1;s:10:"status_msg";s:7:"Success";s:7:"post_id";i:277;s:9:"post_link";a:2:{s:8:"edit_url";s:68:"http://localhost/sample-store-new/wp-admin/user-edit.php?user_id=277";s:5:"title";s:27:"doug.horne@thewinegroup.com";}}
a:6:{s:3:"row";i:59;s:7:"message";s:27:"User imported successfully.";s:6:"status";b:1;s:10:"status_msg";s:7:"Success";s:7:"post_id";i:278;s:9:"post_link";a:2:{s:8:"edit_url";s:68:"http://localhost/sample-store-new/wp-admin/user-edit.php?user_id=278";s:5:"title";s:30:"Elizabeth.Hawkins@Benziger.com";}}
a:6:{s:3:"row";i:60;s:7:"message";s:27:"User imported successfully.";s:6:"status";b:1;s:10:"status_msg";s:7:"Success";s:7:"post_id";i:279;s:9:"post_link";a:2:{s:8:"edit_url";s:68:"http://localhost/sample-store-new/wp-admin/user-edit.php?user_id=279";s:5:"title";s:7:"Eltanko";}}
a:6:{s:3:"row";i:61;s:7:"message";s:27:"User imported successfully.";s:6:"status";b:1;s:10:"status_msg";s:7:"Success";s:7:"post_id";i:280;s:9:"post_link";a:2:{s:8:"edit_url";s:68:"http://localhost/sample-store-new/wp-admin/user-edit.php?user_id=280";s:5:"title";s:15:"elysse.schwartz";}}
a:6:{s:3:"row";i:62;s:7:"message";s:27:"User imported successfully.";s:6:"status";b:1;s:10:"status_msg";s:7:"Success";s:7:"post_id";i:281;s:9:"post_link";a:2:{s:8:"edit_url";s:68:"http://localhost/sample-store-new/wp-admin/user-edit.php?user_id=281";s:5:"title";s:12:"emily.battle";}}
a:6:{s:3:"row";i:63;s:7:"message";s:27:"User imported successfully.";s:6:"status";b:1;s:10:"status_msg";s:7:"Success";s:7:"post_id";i:282;s:9:"post_link";a:2:{s:8:"edit_url";s:68:"http://localhost/sample-store-new/wp-admin/user-edit.php?user_id=282";s:5:"title";s:9:"erin.hunt";}}
a:6:{s:3:"row";i:64;s:7:"message";s:27:"User imported successfully.";s:6:"status";b:1;s:10:"status_msg";s:7:"Success";s:7:"post_id";i:283;s:9:"post_link";a:2:{s:8:"edit_url";s:68:"http://localhost/sample-store-new/wp-admin/user-edit.php?user_id=283";s:5:"title";s:10:"evan.field";}}
a:6:{s:3:"row";i:65;s:7:"message";s:27:"User imported successfully.";s:6:"status";b:1;s:10:"status_msg";s:7:"Success";s:7:"post_id";i:284;s:9:"post_link";a:2:{s:8:"edit_url";s:68:"http://localhost/sample-store-new/wp-admin/user-edit.php?user_id=284";s:5:"title";s:11:"Gerber50266";}}
a:6:{s:3:"row";i:66;s:7:"message";s:27:"User imported successfully.";s:6:"status";b:1;s:10:"status_msg";s:7:"Success";s:7:"post_id";i:285;s:9:"post_link";a:2:{s:8:"edit_url";s:68:"http://localhost/sample-store-new/wp-admin/user-edit.php?user_id=285";s:5:"title";s:23:"gmunoz@double-forte.com";}}
a:6:{s:3:"row";i:67;s:7:"message";s:27:"User imported successfully.";s:6:"status";b:1;s:10:"status_msg";s:7:"Success";s:7:"post_id";i:286;s:9:"post_link";a:2:{s:8:"edit_url";s:68:"http://localhost/sample-store-new/wp-admin/user-edit.php?user_id=286";s:5:"title";s:30:"gregg.gardner@thewinegroup.com";}}
a:6:{s:3:"row";i:68;s:7:"message";s:27:"User imported successfully.";s:6:"status";b:1;s:10:"status_msg";s:7:"Success";s:7:"post_id";i:287;s:9:"post_link";a:2:{s:8:"edit_url";s:68:"http://localhost/sample-store-new/wp-admin/user-edit.php?user_id=287";s:5:"title";s:25:"hailey.tyler@mekanism.com";}}
a:6:{s:3:"row";i:69;s:7:"message";s:27:"User imported successfully.";s:6:"status";b:1;s:10:"status_msg";s:7:"Success";s:7:"post_id";i:288;s:9:"post_link";a:2:{s:8:"edit_url";s:68:"http://localhost/sample-store-new/wp-admin/user-edit.php?user_id=288";s:5:"title";s:30:"hannah.menger@thewinegroup.com";}}
a:6:{s:3:"row";i:70;s:7:"message";s:27:"User imported successfully.";s:6:"status";b:1;s:10:"status_msg";s:7:"Success";s:7:"post_id";i:289;s:9:"post_link";a:2:{s:8:"edit_url";s:68:"http://localhost/sample-store-new/wp-admin/user-edit.php?user_id=289";s:5:"title";s:29:"harry.mckaig@thewinegroup.com";}}
a:6:{s:3:"row";i:71;s:7:"message";s:27:"User imported successfully.";s:6:"status";b:1;s:10:"status_msg";s:7:"Success";s:7:"post_id";i:290;s:9:"post_link";a:2:{s:8:"edit_url";s:68:"http://localhost/sample-store-new/wp-admin/user-edit.php?user_id=290";s:5:"title";s:23:"heidi.mika@mekanism.com";}}
a:6:{s:3:"row";i:72;s:7:"message";s:27:"User imported successfully.";s:6:"status";b:1;s:10:"status_msg";s:7:"Success";s:7:"post_id";i:291;s:9:"post_link";a:2:{s:8:"edit_url";s:68:"http://localhost/sample-store-new/wp-admin/user-edit.php?user_id=291";s:5:"title";s:32:"holley.browning@thewinegroup.com";}}
a:6:{s:3:"row";i:73;s:7:"message";s:27:"User imported successfully.";s:6:"status";b:1;s:10:"status_msg";s:7:"Success";s:7:"post_id";i:292;s:9:"post_link";a:2:{s:8:"edit_url";s:68:"http://localhost/sample-store-new/wp-admin/user-edit.php?user_id=292";s:5:"title";s:32:"Humberta.Avalos@thewinegroup.com";}}
a:6:{s:3:"row";i:74;s:7:"message";s:27:"User imported successfully.";s:6:"status";b:1;s:10:"status_msg";s:7:"Success";s:7:"post_id";i:293;s:9:"post_link";a:2:{s:8:"edit_url";s:68:"http://localhost/sample-store-new/wp-admin/user-edit.php?user_id=293";s:5:"title";s:10:"hvenerella";}}
a:6:{s:3:"row";i:75;s:7:"message";s:27:"User imported successfully.";s:6:"status";b:1;s:10:"status_msg";s:7:"Success";s:7:"post_id";i:294;s:9:"post_link";a:2:{s:8:"edit_url";s:68:"http://localhost/sample-store-new/wp-admin/user-edit.php?user_id=294";s:5:"title";s:10:"irishguyjs";}}
a:6:{s:3:"row";i:76;s:7:"message";s:27:"User imported successfully.";s:6:"status";b:1;s:10:"status_msg";s:7:"Success";s:7:"post_id";i:295;s:9:"post_link";a:2:{s:8:"edit_url";s:68:"http://localhost/sample-store-new/wp-admin/user-edit.php?user_id=295";s:5:"title";s:31:"iulian.filimon@thewinegroup.com";}}
a:6:{s:3:"row";i:77;s:7:"message";s:27:"User imported successfully.";s:6:"status";b:1;s:10:"status_msg";s:7:"Success";s:7:"post_id";i:296;s:9:"post_link";a:2:{s:8:"edit_url";s:68:"http://localhost/sample-store-new/wp-admin/user-edit.php?user_id=296";s:5:"title";s:31:"jake.romanelli@thewinegroup.com";}}
a:6:{s:3:"row";i:78;s:7:"message";s:27:"User imported successfully.";s:6:"status";b:1;s:10:"status_msg";s:7:"Success";s:7:"post_id";i:297;s:9:"post_link";a:2:{s:8:"edit_url";s:68:"http://localhost/sample-store-new/wp-admin/user-edit.php?user_id=297";s:5:"title";s:20:"jamiebz@benziger.com";}}
a:6:{s:3:"row";i:79;s:7:"message";s:27:"User imported successfully.";s:6:"status";b:1;s:10:"status_msg";s:7:"Success";s:7:"post_id";i:298;s:9:"post_link";a:2:{s:8:"edit_url";s:68:"http://localhost/sample-store-new/wp-admin/user-edit.php?user_id=298";s:5:"title";s:31:"Jason.McCarthy@thewinegroup.com";}}
a:6:{s:3:"row";i:80;s:7:"message";s:27:"User imported successfully.";s:6:"status";b:1;s:10:"status_msg";s:7:"Success";s:7:"post_id";i:299;s:9:"post_link";a:2:{s:8:"edit_url";s:68:"http://localhost/sample-store-new/wp-admin/user-edit.php?user_id=299";s:5:"title";s:11:"jasoningles";}}
a:6:{s:3:"row";i:81;s:7:"message";s:27:"User imported successfully.";s:6:"status";b:1;s:10:"status_msg";s:7:"Success";s:7:"post_id";i:300;s:9:"post_link";a:2:{s:8:"edit_url";s:68:"http://localhost/sample-store-new/wp-admin/user-edit.php?user_id=300";s:5:"title";s:31:"Jeannie.Bremer@thewinegroup.com";}}
a:6:{s:3:"row";i:82;s:7:"message";s:27:"User imported successfully.";s:6:"status";b:1;s:10:"status_msg";s:7:"Success";s:7:"post_id";i:301;s:9:"post_link";a:2:{s:8:"edit_url";s:68:"http://localhost/sample-store-new/wp-admin/user-edit.php?user_id=301";s:5:"title";s:27:"jeff.gomes@thewinegroup.com";}}
a:6:{s:3:"row";i:83;s:7:"message";s:27:"User imported successfully.";s:6:"status";b:1;s:10:"status_msg";s:7:"Success";s:7:"post_id";i:302;s:9:"post_link";a:2:{s:8:"edit_url";s:68:"http://localhost/sample-store-new/wp-admin/user-edit.php?user_id=302";s:5:"title";s:28:"Jeff.Marano@thewinegroup.com";}}
a:6:{s:3:"row";i:84;s:7:"message";s:27:"User imported successfully.";s:6:"status";b:1;s:10:"status_msg";s:7:"Success";s:7:"post_id";i:303;s:9:"post_link";a:2:{s:8:"edit_url";s:68:"http://localhost/sample-store-new/wp-admin/user-edit.php?user_id=303";s:5:"title";s:8:"jeffbrem";}}
a:6:{s:3:"row";i:85;s:7:"message";s:27:"User imported successfully.";s:6:"status";b:1;s:10:"status_msg";s:7:"Success";s:7:"post_id";i:304;s:9:"post_link";a:2:{s:8:"edit_url";s:68:"http://localhost/sample-store-new/wp-admin/user-edit.php?user_id=304";s:5:"title";s:33:"jennifer.crowley@thewinegroup.com";}}
a:6:{s:3:"row";i:86;s:7:"message";s:27:"User imported successfully.";s:6:"status";b:1;s:10:"status_msg";s:7:"Success";s:7:"post_id";i:305;s:9:"post_link";a:2:{s:8:"edit_url";s:68:"http://localhost/sample-store-new/wp-admin/user-edit.php?user_id=305";s:5:"title";s:32:"jennifer.linsky@thewinegroup.com";}}
a:6:{s:3:"row";i:87;s:7:"message";s:27:"User imported successfully.";s:6:"status";b:1;s:10:"status_msg";s:7:"Success";s:7:"post_id";i:306;s:9:"post_link";a:2:{s:8:"edit_url";s:68:"http://localhost/sample-store-new/wp-admin/user-edit.php?user_id=306";s:5:"title";s:31:"jennifer.price@thewinegroup.com";}}
a:6:{s:3:"row";i:88;s:7:"message";s:27:"User imported successfully.";s:6:"status";b:1;s:10:"status_msg";s:7:"Success";s:7:"post_id";i:307;s:9:"post_link";a:2:{s:8:"edit_url";s:68:"http://localhost/sample-store-new/wp-admin/user-edit.php?user_id=307";s:5:"title";s:33:"jennifer.sharrer@thewinegroup.com";}}
a:6:{s:3:"row";i:89;s:7:"message";s:27:"User imported successfully.";s:6:"status";b:1;s:10:"status_msg";s:7:"Success";s:7:"post_id";i:308;s:9:"post_link";a:2:{s:8:"edit_url";s:68:"http://localhost/sample-store-new/wp-admin/user-edit.php?user_id=308";s:5:"title";s:16:"jessica.phillips";}}
a:6:{s:3:"row";i:90;s:7:"message";s:27:"User imported successfully.";s:6:"status";b:1;s:10:"status_msg";s:7:"Success";s:7:"post_id";i:309;s:9:"post_link";a:2:{s:8:"edit_url";s:68:"http://localhost/sample-store-new/wp-admin/user-edit.php?user_id=309";s:5:"title";s:33:"jessica.sorensen@thewinegroup.com";}}
a:6:{s:3:"row";i:91;s:7:"message";s:27:"User imported successfully.";s:6:"status";b:1;s:10:"status_msg";s:7:"Success";s:7:"post_id";i:310;s:9:"post_link";a:2:{s:8:"edit_url";s:68:"http://localhost/sample-store-new/wp-admin/user-edit.php?user_id=310";s:5:"title";s:30:"jessica.tomei@thewinegroup.com";}}
a:6:{s:3:"row";i:92;s:7:"message";s:27:"User imported successfully.";s:6:"status";b:1;s:10:"status_msg";s:7:"Success";s:7:"post_id";i:311;s:9:"post_link";a:2:{s:8:"edit_url";s:68:"http://localhost/sample-store-new/wp-admin/user-edit.php?user_id=311";s:5:"title";s:26:"jgiordano@thewinegroup.com";}}
a:6:{s:3:"row";i:93;s:7:"message";s:27:"User imported successfully.";s:6:"status";b:1;s:10:"status_msg";s:7:"Success";s:7:"post_id";i:312;s:9:"post_link";a:2:{s:8:"edit_url";s:68:"http://localhost/sample-store-new/wp-admin/user-edit.php?user_id=312";s:5:"title";s:11:"jjschaeffer";}}
a:6:{s:3:"row";i:94;s:7:"message";s:27:"User imported successfully.";s:6:"status";b:1;s:10:"status_msg";s:7:"Success";s:7:"post_id";i:313;s:9:"post_link";a:2:{s:8:"edit_url";s:68:"http://localhost/sample-store-new/wp-admin/user-edit.php?user_id=313";s:5:"title";s:26:"jlabounty@thewinegroup.com";}}
a:6:{s:3:"row";i:95;s:7:"message";s:27:"User imported successfully.";s:6:"status";b:1;s:10:"status_msg";s:7:"Success";s:7:"post_id";i:314;s:9:"post_link";a:2:{s:8:"edit_url";s:68:"http://localhost/sample-store-new/wp-admin/user-edit.php?user_id=314";s:5:"title";s:28:"joe.antosca@thewinegroup.com";}}
a:6:{s:3:"row";i:96;s:7:"message";s:27:"User imported successfully.";s:6:"status";b:1;s:10:"status_msg";s:7:"Success";s:7:"post_id";i:315;s:9:"post_link";a:2:{s:8:"edit_url";s:68:"http://localhost/sample-store-new/wp-admin/user-edit.php?user_id=315";s:5:"title";s:32:"joel.sondgeroth@thewinegroup.com";}}
a:6:{s:3:"row";i:97;s:7:"message";s:27:"User imported successfully.";s:6:"status";b:1;s:10:"status_msg";s:7:"Success";s:7:"post_id";i:316;s:9:"post_link";a:2:{s:8:"edit_url";s:68:"http://localhost/sample-store-new/wp-admin/user-edit.php?user_id=316";s:5:"title";s:30:"johanna.eibel@thewinegroup.com";}}
a:6:{s:3:"row";i:98;s:7:"message";s:27:"User imported successfully.";s:6:"status";b:1;s:10:"status_msg";s:7:"Success";s:7:"post_id";i:317;s:9:"post_link";a:2:{s:8:"edit_url";s:68:"http://localhost/sample-store-new/wp-admin/user-edit.php?user_id=317";s:5:"title";s:28:"john.paulis@thewinegroup.com";}}
a:6:{s:3:"row";i:99;s:7:"message";s:27:"User imported successfully.";s:6:"status";b:1;s:10:"status_msg";s:7:"Success";s:7:"post_id";i:318;s:9:"post_link";a:2:{s:8:"edit_url";s:68:"http://localhost/sample-store-new/wp-admin/user-edit.php?user_id=318";s:5:"title";s:28:"julia.nunes@thewinegroup.com";}}
a:6:{s:3:"row";i:100;s:7:"message";s:27:"User imported successfully.";s:6:"status";b:1;s:10:"status_msg";s:7:"Success";s:7:"post_id";i:319;s:9:"post_link";a:2:{s:8:"edit_url";s:68:"http://localhost/sample-store-new/wp-admin/user-edit.php?user_id=319";s:5:"title";s:28:"kahla.bulls@thewinegroup.com";}}
a:6:{s:3:"row";i:101;s:7:"message";s:27:"User imported successfully.";s:6:"status";b:1;s:10:"status_msg";s:7:"Success";s:7:"post_id";i:320;s:9:"post_link";a:2:{s:8:"edit_url";s:68:"http://localhost/sample-store-new/wp-admin/user-edit.php?user_id=320";s:5:"title";s:12:"KarissaFinch";}}
a:6:{s:3:"row";i:102;s:7:"message";s:27:"User imported successfully.";s:6:"status";b:1;s:10:"status_msg";s:7:"Success";s:7:"post_id";i:321;s:9:"post_link";a:2:{s:8:"edit_url";s:68:"http://localhost/sample-store-new/wp-admin/user-edit.php?user_id=321";s:5:"title";s:26:"kate.hart@thewinegroup.com";}}
a:6:{s:3:"row";i:103;s:7:"message";s:27:"User imported successfully.";s:6:"status";b:1;s:10:"status_msg";s:7:"Success";s:7:"post_id";i:322;s:9:"post_link";a:2:{s:8:"edit_url";s:68:"http://localhost/sample-store-new/wp-admin/user-edit.php?user_id=322";s:5:"title";s:31:"katelyn.condon@thewinegroup.com";}}
a:6:{s:3:"row";i:104;s:7:"message";s:27:"User imported successfully.";s:6:"status";b:1;s:10:"status_msg";s:7:"Success";s:7:"post_id";i:323;s:9:"post_link";a:2:{s:8:"edit_url";s:68:"http://localhost/sample-store-new/wp-admin/user-edit.php?user_id=323";s:5:"title";s:27:"kathy.byrd@thewinegroup.com";}}
a:6:{s:3:"row";i:105;s:7:"message";s:27:"User imported successfully.";s:6:"status";b:1;s:10:"status_msg";s:7:"Success";s:7:"post_id";i:324;s:9:"post_link";a:2:{s:8:"edit_url";s:68:"http://localhost/sample-store-new/wp-admin/user-edit.php?user_id=324";s:5:"title";s:9:"kbenjamin";}}
a:6:{s:3:"row";i:106;s:7:"message";s:27:"User imported successfully.";s:6:"status";b:1;s:10:"status_msg";s:7:"Success";s:7:"post_id";i:325;s:9:"post_link";a:2:{s:8:"edit_url";s:68:"http://localhost/sample-store-new/wp-admin/user-edit.php?user_id=325";s:5:"title";s:9:"Kdarraccq";}}
a:6:{s:3:"row";i:107;s:7:"message";s:27:"User imported successfully.";s:6:"status";b:1;s:10:"status_msg";s:7:"Success";s:7:"post_id";i:326;s:9:"post_link";a:2:{s:8:"edit_url";s:68:"http://localhost/sample-store-new/wp-admin/user-edit.php?user_id=326";s:5:"title";s:29:"keegin.teare@thewinegroup.com";}}
a:6:{s:3:"row";i:108;s:7:"message";s:27:"User imported successfully.";s:6:"status";b:1;s:10:"status_msg";s:7:"Success";s:7:"post_id";i:327;s:9:"post_link";a:2:{s:8:"edit_url";s:68:"http://localhost/sample-store-new/wp-admin/user-edit.php?user_id=327";s:5:"title";s:29:"keith.bauman@thewinegroup.com";}}
a:6:{s:3:"row";i:109;s:7:"message";s:27:"User imported successfully.";s:6:"status";b:1;s:10:"status_msg";s:7:"Success";s:7:"post_id";i:328;s:9:"post_link";a:2:{s:8:"edit_url";s:68:"http://localhost/sample-store-new/wp-admin/user-edit.php?user_id=328";s:5:"title";s:29:"kevin.brogan@thewinegroup.com";}}
a:6:{s:3:"row";i:110;s:7:"message";s:27:"User imported successfully.";s:6:"status";b:1;s:10:"status_msg";s:7:"Success";s:7:"post_id";i:329;s:9:"post_link";a:2:{s:8:"edit_url";s:68:"http://localhost/sample-store-new/wp-admin/user-edit.php?user_id=329";s:5:"title";s:27:"kevin.getz@thewinegroup.com";}}
a:6:{s:3:"row";i:111;s:7:"message";s:27:"User imported successfully.";s:6:"status";b:1;s:10:"status_msg";s:7:"Success";s:7:"post_id";i:330;s:9:"post_link";a:2:{s:8:"edit_url";s:68:"http://localhost/sample-store-new/wp-admin/user-edit.php?user_id=330";s:5:"title";s:31:"kevin.mcmillen@thewinegroup.com";}}
a:6:{s:3:"row";i:112;s:7:"message";s:27:"User imported successfully.";s:6:"status";b:1;s:10:"status_msg";s:7:"Success";s:7:"post_id";i:331;s:9:"post_link";a:2:{s:8:"edit_url";s:68:"http://localhost/sample-store-new/wp-admin/user-edit.php?user_id=331";s:5:"title";s:31:"kimberly.geluz@thewinegroup.com";}}
a:6:{s:3:"row";i:113;s:7:"message";s:27:"User imported successfully.";s:6:"status";b:1;s:10:"status_msg";s:7:"Success";s:7:"post_id";i:332;s:9:"post_link";a:2:{s:8:"edit_url";s:68:"http://localhost/sample-store-new/wp-admin/user-edit.php?user_id=332";s:5:"title";s:20:"kirsten@apkeaton.com";}}
a:6:{s:3:"row";i:114;s:7:"message";s:27:"User imported successfully.";s:6:"status";b:1;s:10:"status_msg";s:7:"Success";s:7:"post_id";i:333;s:9:"post_link";a:2:{s:8:"edit_url";s:68:"http://localhost/sample-store-new/wp-admin/user-edit.php?user_id=333";s:5:"title";s:21:"lamaroli@benziger.com";}}
a:6:{s:3:"row";i:115;s:7:"message";s:27:"User imported successfully.";s:6:"status";b:1;s:10:"status_msg";s:7:"Success";s:7:"post_id";i:334;s:9:"post_link";a:2:{s:8:"edit_url";s:68:"http://localhost/sample-store-new/wp-admin/user-edit.php?user_id=334";s:5:"title";s:27:"lance.beam@thewinegroup.com";}}
a:6:{s:3:"row";i:116;s:7:"message";s:27:"User imported successfully.";s:6:"status";b:1;s:10:"status_msg";s:7:"Success";s:7:"post_id";i:335;s:9:"post_link";a:2:{s:8:"edit_url";s:68:"http://localhost/sample-store-new/wp-admin/user-edit.php?user_id=335";s:5:"title";s:30:"laura.leipold@thewinegroup.com";}}
a:6:{s:3:"row";i:117;s:7:"message";s:27:"User imported successfully.";s:6:"status";b:1;s:10:"status_msg";s:7:"Success";s:7:"post_id";i:336;s:9:"post_link";a:2:{s:8:"edit_url";s:68:"http://localhost/sample-store-new/wp-admin/user-edit.php?user_id=336";s:5:"title";s:16:"laurie.rodrigues";}}
a:6:{s:3:"row";i:118;s:7:"message";s:27:"User imported successfully.";s:6:"status";b:1;s:10:"status_msg";s:7:"Success";s:7:"post_id";i:337;s:9:"post_link";a:2:{s:8:"edit_url";s:68:"http://localhost/sample-store-new/wp-admin/user-edit.php?user_id=337";s:5:"title";s:31:"laurie.villano@thewinegroup.com";}}
a:6:{s:3:"row";i:119;s:7:"message";s:27:"User imported successfully.";s:6:"status";b:1;s:10:"status_msg";s:7:"Success";s:7:"post_id";i:338;s:9:"post_link";a:2:{s:8:"edit_url";s:68:"http://localhost/sample-store-new/wp-admin/user-edit.php?user_id=338";s:5:"title";s:30:"lee.carpenter@thewinegroup.com";}}
a:6:{s:3:"row";i:120;s:7:"message";s:27:"User imported successfully.";s:6:"status";b:1;s:10:"status_msg";s:7:"Success";s:7:"post_id";i:339;s:9:"post_link";a:2:{s:8:"edit_url";s:68:"http://localhost/sample-store-new/wp-admin/user-edit.php?user_id=339";s:5:"title";s:30:"lesa.foxworth@thewinegroup.com";}}
a:6:{s:3:"row";i:121;s:7:"message";s:27:"User imported successfully.";s:6:"status";b:1;s:10:"status_msg";s:7:"Success";s:7:"post_id";i:340;s:9:"post_link";a:2:{s:8:"edit_url";s:68:"http://localhost/sample-store-new/wp-admin/user-edit.php?user_id=340";s:5:"title";s:9:"Lexyolson";}}
a:6:{s:3:"row";i:122;s:7:"message";s:27:"User imported successfully.";s:6:"status";b:1;s:10:"status_msg";s:7:"Success";s:7:"post_id";i:341;s:9:"post_link";a:2:{s:8:"edit_url";s:68:"http://localhost/sample-store-new/wp-admin/user-edit.php?user_id=341";s:5:"title";s:14:"lindsey.benton";}}
a:6:{s:3:"row";i:123;s:7:"message";s:27:"User imported successfully.";s:6:"status";b:1;s:10:"status_msg";s:7:"Success";s:7:"post_id";i:342;s:9:"post_link";a:2:{s:8:"edit_url";s:68:"http://localhost/sample-store-new/wp-admin/user-edit.php?user_id=342";s:5:"title";s:9:"LKaminski";}}
a:6:{s:3:"row";i:124;s:7:"message";s:27:"User imported successfully.";s:6:"status";b:1;s:10:"status_msg";s:7:"Success";s:7:"post_id";i:343;s:9:"post_link";a:2:{s:8:"edit_url";s:68:"http://localhost/sample-store-new/wp-admin/user-edit.php?user_id=343";s:5:"title";s:30:"Lon.Nebiolini@thewinegroup.com";}}
a:6:{s:3:"row";i:125;s:7:"message";s:27:"User imported successfully.";s:6:"status";b:1;s:10:"status_msg";s:7:"Success";s:7:"post_id";i:344;s:9:"post_link";a:2:{s:8:"edit_url";s:68:"http://localhost/sample-store-new/wp-admin/user-edit.php?user_id=344";s:5:"title";s:28:"lou.cesario@thewinegroup.com";}}
a:6:{s:3:"row";i:126;s:7:"message";s:27:"User imported successfully.";s:6:"status";b:1;s:10:"status_msg";s:7:"Success";s:7:"post_id";i:345;s:9:"post_link";a:2:{s:8:"edit_url";s:68:"http://localhost/sample-store-new/wp-admin/user-edit.php?user_id=345";s:5:"title";s:29:"ltrieschmann@double-forte.com";}}
a:6:{s:3:"row";i:127;s:7:"message";s:27:"User imported successfully.";s:6:"status";b:1;s:10:"status_msg";s:7:"Success";s:7:"post_id";i:346;s:9:"post_link";a:2:{s:8:"edit_url";s:68:"http://localhost/sample-store-new/wp-admin/user-edit.php?user_id=346";s:5:"title";s:28:"lupe.orozco@thewinegroup.com";}}
a:6:{s:3:"row";i:128;s:7:"message";s:27:"User imported successfully.";s:6:"status";b:1;s:10:"status_msg";s:7:"Success";s:7:"post_id";i:347;s:9:"post_link";a:2:{s:8:"edit_url";s:68:"http://localhost/sample-store-new/wp-admin/user-edit.php?user_id=347";s:5:"title";s:35:"mackenzie.matthews@thewinegroup.com";}}
a:6:{s:3:"row";i:129;s:7:"message";s:27:"User imported successfully.";s:6:"status";b:1;s:10:"status_msg";s:7:"Success";s:7:"post_id";i:348;s:9:"post_link";a:2:{s:8:"edit_url";s:68:"http://localhost/sample-store-new/wp-admin/user-edit.php?user_id=348";s:5:"title";s:30:"matt.caldwell@thewinegroup.com";}}
a:6:{s:3:"row";i:130;s:7:"message";s:27:"User imported successfully.";s:6:"status";b:1;s:10:"status_msg";s:7:"Success";s:7:"post_id";i:349;s:9:"post_link";a:2:{s:8:"edit_url";s:68:"http://localhost/sample-store-new/wp-admin/user-edit.php?user_id=349";s:5:"title";s:10:"Matt.daley";}}
a:6:{s:3:"row";i:131;s:7:"message";s:27:"User imported successfully.";s:6:"status";b:1;s:10:"status_msg";s:7:"Success";s:7:"post_id";i:350;s:9:"post_link";a:2:{s:8:"edit_url";s:68:"http://localhost/sample-store-new/wp-admin/user-edit.php?user_id=350";s:5:"title";s:13:"matthenderson";}}
a:6:{s:3:"row";i:132;s:7:"message";s:27:"User imported successfully.";s:6:"status";b:1;s:10:"status_msg";s:7:"Success";s:7:"post_id";i:351;s:9:"post_link";a:2:{s:8:"edit_url";s:68:"http://localhost/sample-store-new/wp-admin/user-edit.php?user_id=351";s:5:"title";s:14:"MatthewSpelich";}}
a:6:{s:3:"row";i:133;s:7:"message";s:27:"User imported successfully.";s:6:"status";b:1;s:10:"status_msg";s:7:"Success";s:7:"post_id";i:352;s:9:"post_link";a:2:{s:8:"edit_url";s:68:"http://localhost/sample-store-new/wp-admin/user-edit.php?user_id=352";s:5:"title";s:29:"max.shulruff@thewinegroup.com";}}
a:6:{s:3:"row";i:134;s:7:"message";s:27:"User imported successfully.";s:6:"status";b:1;s:10:"status_msg";s:7:"Success";s:7:"post_id";i:353;s:9:"post_link";a:2:{s:8:"edit_url";s:68:"http://localhost/sample-store-new/wp-admin/user-edit.php?user_id=353";s:5:"title";s:11:"mcasserly21";}}
a:6:{s:3:"row";i:135;s:7:"message";s:27:"User imported successfully.";s:6:"status";b:1;s:10:"status_msg";s:7:"Success";s:7:"post_id";i:354;s:9:"post_link";a:2:{s:8:"edit_url";s:68:"http://localhost/sample-store-new/wp-admin/user-edit.php?user_id=354";s:5:"title";s:29:"megan.dorosz@thewinegroup.com";}}
a:6:{s:3:"row";i:136;s:7:"message";s:27:"User imported successfully.";s:6:"status";b:1;s:10:"status_msg";s:7:"Success";s:7:"post_id";i:355;s:9:"post_link";a:2:{s:8:"edit_url";s:68:"http://localhost/sample-store-new/wp-admin/user-edit.php?user_id=355";s:5:"title";s:38:"Meghan.McNichol-Tress@thewinegroup.com";}}
a:6:{s:3:"row";i:137;s:7:"message";s:27:"User imported successfully.";s:6:"status";b:1;s:10:"status_msg";s:7:"Success";s:7:"post_id";i:356;s:9:"post_link";a:2:{s:8:"edit_url";s:68:"http://localhost/sample-store-new/wp-admin/user-edit.php?user_id=356";s:5:"title";s:32:"melanie.amezaga@thewinegroup.com";}}
a:6:{s:3:"row";i:138;s:7:"message";s:27:"User imported successfully.";s:6:"status";b:1;s:10:"status_msg";s:7:"Success";s:7:"post_id";i:357;s:9:"post_link";a:2:{s:8:"edit_url";s:68:"http://localhost/sample-store-new/wp-admin/user-edit.php?user_id=357";s:5:"title";s:30:"melanie.moore@thewinegroup.com";}}
a:6:{s:3:"row";i:139;s:7:"message";s:27:"User imported successfully.";s:6:"status";b:1;s:10:"status_msg";s:7:"Success";s:7:"post_id";i:358;s:9:"post_link";a:2:{s:8:"edit_url";s:68:"http://localhost/sample-store-new/wp-admin/user-edit.php?user_id=358";s:5:"title";s:29:"melody.nixon@thewinegroup.com";}}
a:6:{s:3:"row";i:140;s:7:"message";s:27:"User imported successfully.";s:6:"status";b:1;s:10:"status_msg";s:7:"Success";s:7:"post_id";i:359;s:9:"post_link";a:2:{s:8:"edit_url";s:68:"http://localhost/sample-store-new/wp-admin/user-edit.php?user_id=359";s:5:"title";s:31:"Michael.Borboa@thewinegroup.com";}}
a:6:{s:3:"row";i:141;s:7:"message";s:27:"User imported successfully.";s:6:"status";b:1;s:10:"status_msg";s:7:"Success";s:7:"post_id";i:360;s:9:"post_link";a:2:{s:8:"edit_url";s:68:"http://localhost/sample-store-new/wp-admin/user-edit.php?user_id=360";s:5:"title";s:8:"MichaelU";}}
a:6:{s:3:"row";i:142;s:7:"message";s:27:"User imported successfully.";s:6:"status";b:1;s:10:"status_msg";s:7:"Success";s:7:"post_id";i:361;s:9:"post_link";a:2:{s:8:"edit_url";s:68:"http://localhost/sample-store-new/wp-admin/user-edit.php?user_id=361";s:5:"title";s:32:"michelle.fragle@thewinegroup.com";}}
a:6:{s:3:"row";i:143;s:7:"message";s:27:"User imported successfully.";s:6:"status";b:1;s:10:"status_msg";s:7:"Success";s:7:"post_id";i:362;s:9:"post_link";a:2:{s:8:"edit_url";s:68:"http://localhost/sample-store-new/wp-admin/user-edit.php?user_id=362";s:5:"title";s:15:"Michelle.Miller";}}
a:6:{s:3:"row";i:144;s:7:"message";s:27:"User imported successfully.";s:6:"status";b:1;s:10:"status_msg";s:7:"Success";s:7:"post_id";i:363;s:9:"post_link";a:2:{s:8:"edit_url";s:68:"http://localhost/sample-store-new/wp-admin/user-edit.php?user_id=363";s:5:"title";s:8:"mikekrak";}}
a:6:{s:3:"row";i:145;s:7:"message";s:27:"User imported successfully.";s:6:"status";b:1;s:10:"status_msg";s:7:"Success";s:7:"post_id";i:364;s:9:"post_link";a:2:{s:8:"edit_url";s:68:"http://localhost/sample-store-new/wp-admin/user-edit.php?user_id=364";s:5:"title";s:12:"mikeprodoehl";}}
a:6:{s:3:"row";i:146;s:7:"message";s:27:"User imported successfully.";s:6:"status";b:1;s:10:"status_msg";s:7:"Success";s:7:"post_id";i:365;s:9:"post_link";a:2:{s:8:"edit_url";s:68:"http://localhost/sample-store-new/wp-admin/user-edit.php?user_id=365";s:5:"title";s:32:"mitch.khandaker@thewinegroup.com";}}
a:6:{s:3:"row";i:147;s:7:"message";s:27:"User imported successfully.";s:6:"status";b:1;s:10:"status_msg";s:7:"Success";s:7:"post_id";i:366;s:9:"post_link";a:2:{s:8:"edit_url";s:68:"http://localhost/sample-store-new/wp-admin/user-edit.php?user_id=366";s:5:"title";s:9:"MMcCollum";}}
a:6:{s:3:"row";i:148;s:7:"message";s:27:"User imported successfully.";s:6:"status";b:1;s:10:"status_msg";s:7:"Success";s:7:"post_id";i:367;s:9:"post_link";a:2:{s:8:"edit_url";s:68:"http://localhost/sample-store-new/wp-admin/user-edit.php?user_id=367";s:5:"title";s:29:"morgan.gross@thewinegroup.com";}}
a:6:{s:3:"row";i:149;s:7:"message";s:27:"User imported successfully.";s:6:"status";b:1;s:10:"status_msg";s:7:"Success";s:7:"post_id";i:368;s:9:"post_link";a:2:{s:8:"edit_url";s:68:"http://localhost/sample-store-new/wp-admin/user-edit.php?user_id=368";s:5:"title";s:33:"natale.gagliardo@thewinegroup.com";}}
a:6:{s:3:"row";i:150;s:7:"message";s:27:"User imported successfully.";s:6:"status";b:1;s:10:"status_msg";s:7:"Success";s:7:"post_id";i:369;s:9:"post_link";a:2:{s:8:"edit_url";s:68:"http://localhost/sample-store-new/wp-admin/user-edit.php?user_id=369";s:5:"title";s:31:"nick.lancaster@thewinegroup.com";}}
a:6:{s:3:"row";i:151;s:7:"message";s:27:"User imported successfully.";s:6:"status";b:1;s:10:"status_msg";s:7:"Success";s:7:"post_id";i:370;s:9:"post_link";a:2:{s:8:"edit_url";s:68:"http://localhost/sample-store-new/wp-admin/user-edit.php?user_id=370";s:5:"title";s:6:"nroche";}}
a:6:{s:3:"row";i:152;s:7:"message";s:27:"User imported successfully.";s:6:"status";b:1;s:10:"status_msg";s:7:"Success";s:7:"post_id";i:371;s:9:"post_link";a:2:{s:8:"edit_url";s:68:"http://localhost/sample-store-new/wp-admin/user-edit.php?user_id=371";s:5:"title";s:29:"paul.pearman@thewinegroup.com";}}
a:6:{s:3:"row";i:153;s:7:"message";s:27:"User imported successfully.";s:6:"status";b:1;s:10:"status_msg";s:7:"Success";s:7:"post_id";i:372;s:9:"post_link";a:2:{s:8:"edit_url";s:68:"http://localhost/sample-store-new/wp-admin/user-edit.php?user_id=372";s:5:"title";s:28:"peter.quinn@thewinegroup.com";}}
a:6:{s:3:"row";i:154;s:7:"message";s:27:"User imported successfully.";s:6:"status";b:1;s:10:"status_msg";s:7:"Success";s:7:"post_id";i:373;s:9:"post_link";a:2:{s:8:"edit_url";s:68:"http://localhost/sample-store-new/wp-admin/user-edit.php?user_id=373";s:5:"title";s:7:"Pjc1318";}}
a:6:{s:3:"row";i:155;s:7:"message";s:27:"User imported successfully.";s:6:"status";b:1;s:10:"status_msg";s:7:"Success";s:7:"post_id";i:374;s:9:"post_link";a:2:{s:8:"edit_url";s:68:"http://localhost/sample-store-new/wp-admin/user-edit.php?user_id=374";s:5:"title";s:10:"pragya.cod";}}
a:6:{s:3:"row";i:156;s:7:"message";s:27:"User imported successfully.";s:6:"status";b:1;s:10:"status_msg";s:7:"Success";s:7:"post_id";i:375;s:9:"post_link";a:2:{s:8:"edit_url";s:68:"http://localhost/sample-store-new/wp-admin/user-edit.php?user_id=375";s:5:"title";s:13:"pragya.shukla";}}
a:6:{s:3:"row";i:157;s:7:"message";s:27:"User imported successfully.";s:6:"status";b:1;s:10:"status_msg";s:7:"Success";s:7:"post_id";i:376;s:9:"post_link";a:2:{s:8:"edit_url";s:68:"http://localhost/sample-store-new/wp-admin/user-edit.php?user_id=376";s:5:"title";s:7:"pragyas";}}
a:6:{s:3:"row";i:158;s:7:"message";s:27:"User imported successfully.";s:6:"status";b:1;s:10:"status_msg";s:7:"Success";s:7:"post_id";i:377;s:9:"post_link";a:2:{s:8:"edit_url";s:68:"http://localhost/sample-store-new/wp-admin/user-edit.php?user_id=377";s:5:"title";s:9:"rappinjim";}}
a:6:{s:3:"row";i:159;s:7:"message";s:27:"User imported successfully.";s:6:"status";b:1;s:10:"status_msg";s:7:"Success";s:7:"post_id";i:378;s:9:"post_link";a:2:{s:8:"edit_url";s:68:"http://localhost/sample-store-new/wp-admin/user-edit.php?user_id=378";s:5:"title";s:35:"rebecca.abbatiello@thewinegroup.com";}}
a:6:{s:3:"row";i:160;s:7:"message";s:27:"User imported successfully.";s:6:"status";b:1;s:10:"status_msg";s:7:"Success";s:7:"post_id";i:379;s:9:"post_link";a:2:{s:8:"edit_url";s:68:"http://localhost/sample-store-new/wp-admin/user-edit.php?user_id=379";s:5:"title";s:30:"rene.lindgren@thewinegroup.com";}}
a:6:{s:3:"row";i:161;s:7:"message";s:27:"User imported successfully.";s:6:"status";b:1;s:10:"status_msg";s:7:"Success";s:7:"post_id";i:380;s:9:"post_link";a:2:{s:8:"edit_url";s:68:"http://localhost/sample-store-new/wp-admin/user-edit.php?user_id=380";s:5:"title";s:26:"rex.saaga@thewinegroup.com";}}
a:6:{s:3:"row";i:162;s:7:"message";s:27:"User imported successfully.";s:6:"status";b:1;s:10:"status_msg";s:7:"Success";s:7:"post_id";i:381;s:9:"post_link";a:2:{s:8:"edit_url";s:68:"http://localhost/sample-store-new/wp-admin/user-edit.php?user_id=381";s:5:"title";s:26:"ryan.haas@thewinegroup.com";}}
a:6:{s:3:"row";i:163;s:7:"message";s:27:"User imported successfully.";s:6:"status";b:1;s:10:"status_msg";s:7:"Success";s:7:"post_id";i:382;s:9:"post_link";a:2:{s:8:"edit_url";s:68:"http://localhost/sample-store-new/wp-admin/user-edit.php?user_id=382";s:5:"title";s:30:"samantha.ruge@thewinegroup.com";}}
a:6:{s:3:"row";i:164;s:7:"message";s:27:"User imported successfully.";s:6:"status";b:1;s:10:"status_msg";s:7:"Success";s:7:"post_id";i:383;s:9:"post_link";a:2:{s:8:"edit_url";s:68:"http://localhost/sample-store-new/wp-admin/user-edit.php?user_id=383";s:5:"title";s:32:"sandra.nungaray@thewinegroup.com";}}
a:6:{s:3:"row";i:165;s:7:"message";s:27:"User imported successfully.";s:6:"status";b:1;s:10:"status_msg";s:7:"Success";s:7:"post_id";i:384;s:9:"post_link";a:2:{s:8:"edit_url";s:68:"http://localhost/sample-store-new/wp-admin/user-edit.php?user_id=384";s:5:"title";s:27:"sara.ellis@thewinegroup.com";}}
a:6:{s:3:"row";i:166;s:7:"message";s:27:"User imported successfully.";s:6:"status";b:1;s:10:"status_msg";s:7:"Success";s:7:"post_id";i:385;s:9:"post_link";a:2:{s:8:"edit_url";s:68:"http://localhost/sample-store-new/wp-admin/user-edit.php?user_id=385";s:5:"title";s:31:"sarah.buchanan@thewinegroup.com";}}
a:6:{s:3:"row";i:167;s:7:"message";s:27:"User imported successfully.";s:6:"status";b:1;s:10:"status_msg";s:7:"Success";s:7:"post_id";i:386;s:9:"post_link";a:2:{s:8:"edit_url";s:68:"http://localhost/sample-store-new/wp-admin/user-edit.php?user_id=386";s:5:"title";s:31:"Sarah.caldwell@thewinegroup.com";}}
a:6:{s:3:"row";i:168;s:7:"message";s:27:"User imported successfully.";s:6:"status";b:1;s:10:"status_msg";s:7:"Success";s:7:"post_id";i:387;s:9:"post_link";a:2:{s:8:"edit_url";s:68:"http://localhost/sample-store-new/wp-admin/user-edit.php?user_id=387";s:5:"title";s:29:"sarah.henige@thewinegroup.com";}}
a:6:{s:3:"row";i:169;s:7:"message";s:27:"User imported successfully.";s:6:"status";b:1;s:10:"status_msg";s:7:"Success";s:7:"post_id";i:388;s:9:"post_link";a:2:{s:8:"edit_url";s:68:"http://localhost/sample-store-new/wp-admin/user-edit.php?user_id=388";s:5:"title";s:10:"sarah.park";}}
a:6:{s:3:"row";i:170;s:7:"message";s:27:"User imported successfully.";s:6:"status";b:1;s:10:"status_msg";s:7:"Success";s:7:"post_id";i:389;s:9:"post_link";a:2:{s:8:"edit_url";s:68:"http://localhost/sample-store-new/wp-admin/user-edit.php?user_id=389";s:5:"title";s:27:"Sean.Quinn@thewinegroup.com";}}
a:6:{s:3:"row";i:171;s:7:"message";s:27:"User imported successfully.";s:6:"status";b:1;s:10:"status_msg";s:7:"Success";s:7:"post_id";i:390;s:9:"post_link";a:2:{s:8:"edit_url";s:68:"http://localhost/sample-store-new/wp-admin/user-edit.php?user_id=390";s:5:"title";s:31:"shaun.mckendry@thewinegroup.com";}}
a:6:{s:3:"row";i:172;s:7:"message";s:27:"User imported successfully.";s:6:"status";b:1;s:10:"status_msg";s:7:"Success";s:7:"post_id";i:391;s:9:"post_link";a:2:{s:8:"edit_url";s:68:"http://localhost/sample-store-new/wp-admin/user-edit.php?user_id=391";s:5:"title";s:14:"Shawn Robinson";}}
a:6:{s:3:"row";i:173;s:7:"message";s:27:"User imported successfully.";s:6:"status";b:1;s:10:"status_msg";s:7:"Success";s:7:"post_id";i:392;s:9:"post_link";a:2:{s:8:"edit_url";s:68:"http://localhost/sample-store-new/wp-admin/user-edit.php?user_id=392";s:5:"title";s:27:"shawn.long@thewinegroup.com";}}
a:6:{s:3:"row";i:174;s:7:"message";s:27:"User imported successfully.";s:6:"status";b:1;s:10:"status_msg";s:7:"Success";s:7:"post_id";i:393;s:9:"post_link";a:2:{s:8:"edit_url";s:68:"http://localhost/sample-store-new/wp-admin/user-edit.php?user_id=393";s:5:"title";s:30:"sroeum.sroeun@thewinegroup.com";}}
a:6:{s:3:"row";i:175;s:7:"message";s:27:"User imported successfully.";s:6:"status";b:1;s:10:"status_msg";s:7:"Success";s:7:"post_id";i:394;s:9:"post_link";a:2:{s:8:"edit_url";s:68:"http://localhost/sample-store-new/wp-admin/user-edit.php?user_id=394";s:5:"title";s:32:"Stacy.Parkinson@thewinegroup.com";}}
a:6:{s:3:"row";i:176;s:7:"message";s:27:"User imported successfully.";s:6:"status";b:1;s:10:"status_msg";s:7:"Success";s:7:"post_id";i:395;s:9:"post_link";a:2:{s:8:"edit_url";s:68:"http://localhost/sample-store-new/wp-admin/user-edit.php?user_id=395";s:5:"title";s:15:"stefanie.pierce";}}
a:6:{s:3:"row";i:177;s:7:"message";s:27:"User imported successfully.";s:6:"status";b:1;s:10:"status_msg";s:7:"Success";s:7:"post_id";i:396;s:9:"post_link";a:2:{s:8:"edit_url";s:68:"http://localhost/sample-store-new/wp-admin/user-edit.php?user_id=396";s:5:"title";s:35:"stephanie.arboleda@thewinegroup.com";}}
a:6:{s:3:"row";i:178;s:7:"message";s:27:"User imported successfully.";s:6:"status";b:1;s:10:"status_msg";s:7:"Success";s:7:"post_id";i:397;s:9:"post_link";a:2:{s:8:"edit_url";s:68:"http://localhost/sample-store-new/wp-admin/user-edit.php?user_id=397";s:5:"title";s:15:"StephanieCleary";}}
a:6:{s:3:"row";i:179;s:7:"message";s:27:"User imported successfully.";s:6:"status";b:1;s:10:"status_msg";s:7:"Success";s:7:"post_id";i:398;s:9:"post_link";a:2:{s:8:"edit_url";s:68:"http://localhost/sample-store-new/wp-admin/user-edit.php?user_id=398";s:5:"title";s:31:"Sushant.Namdeo@thewinegroup.com";}}
a:6:{s:3:"row";i:180;s:7:"message";s:27:"User imported successfully.";s:6:"status";b:1;s:10:"status_msg";s:7:"Success";s:7:"post_id";i:399;s:9:"post_link";a:2:{s:8:"edit_url";s:68:"http://localhost/sample-store-new/wp-admin/user-edit.php?user_id=399";s:5:"title";s:23:"susiet@thewinegroup.com";}}
a:6:{s:3:"row";i:181;s:7:"message";s:27:"User imported successfully.";s:6:"status";b:1;s:10:"status_msg";s:7:"Success";s:7:"post_id";i:400;s:9:"post_link";a:2:{s:8:"edit_url";s:68:"http://localhost/sample-store-new/wp-admin/user-edit.php?user_id=400";s:5:"title";s:17:"tate@apkeaton.com";}}
a:6:{s:3:"row";i:182;s:7:"message";s:27:"User imported successfully.";s:6:"status";b:1;s:10:"status_msg";s:7:"Success";s:7:"post_id";i:401;s:9:"post_link";a:2:{s:8:"edit_url";s:68:"http://localhost/sample-store-new/wp-admin/user-edit.php?user_id=401";s:5:"title";s:11:"taylorholst";}}
a:6:{s:3:"row";i:183;s:7:"message";s:27:"User imported successfully.";s:6:"status";b:1;s:10:"status_msg";s:7:"Success";s:7:"post_id";i:402;s:9:"post_link";a:2:{s:8:"edit_url";s:68:"http://localhost/sample-store-new/wp-admin/user-edit.php?user_id=402";s:5:"title";s:31:"thomas.ohanlon@thewinegroup.com";}}
a:6:{s:3:"row";i:184;s:7:"message";s:27:"User imported successfully.";s:6:"status";b:1;s:10:"status_msg";s:7:"Success";s:7:"post_id";i:403;s:9:"post_link";a:2:{s:8:"edit_url";s:68:"http://localhost/sample-store-new/wp-admin/user-edit.php?user_id=403";s:5:"title";s:28:"todd.dobozi@thewinegroup.com";}}
a:6:{s:3:"row";i:185;s:7:"message";s:27:"User imported successfully.";s:6:"status";b:1;s:10:"status_msg";s:7:"Success";s:7:"post_id";i:404;s:9:"post_link";a:2:{s:8:"edit_url";s:68:"http://localhost/sample-store-new/wp-admin/user-edit.php?user_id=404";s:5:"title";s:29:"todd.jenkins@thewinegroup.com";}}
a:6:{s:3:"row";i:186;s:7:"message";s:27:"User imported successfully.";s:6:"status";b:1;s:10:"status_msg";s:7:"Success";s:7:"post_id";i:405;s:9:"post_link";a:2:{s:8:"edit_url";s:68:"http://localhost/sample-store-new/wp-admin/user-edit.php?user_id=405";s:5:"title";s:28:"Tom.Stowell@thewinegroup.com";}}
a:6:{s:3:"row";i:187;s:7:"message";s:27:"User imported successfully.";s:6:"status";b:1;s:10:"status_msg";s:7:"Success";s:7:"post_id";i:406;s:9:"post_link";a:2:{s:8:"edit_url";s:68:"http://localhost/sample-store-new/wp-admin/user-edit.php?user_id=406";s:5:"title";s:28:"truc.nguyen@thewinegroup.com";}}
a:6:{s:3:"row";i:188;s:7:"message";s:27:"User imported successfully.";s:6:"status";b:1;s:10:"status_msg";s:7:"Success";s:7:"post_id";i:407;s:9:"post_link";a:2:{s:8:"edit_url";s:68:"http://localhost/sample-store-new/wp-admin/user-edit.php?user_id=407";s:5:"title";s:31:"twgAmanda10547@thewinegroup.com";}}
a:6:{s:3:"row";i:189;s:7:"message";s:27:"User imported successfully.";s:6:"status";b:1;s:10:"status_msg";s:7:"Success";s:7:"post_id";i:408;s:9:"post_link";a:2:{s:8:"edit_url";s:68:"http://localhost/sample-store-new/wp-admin/user-edit.php?user_id=408";s:5:"title";s:28:"twgAmy60025@thewinegroup.com";}}
a:6:{s:3:"row";i:190;s:7:"message";s:27:"User imported successfully.";s:6:"status";b:1;s:10:"status_msg";s:7:"Success";s:7:"post_id";i:409;s:9:"post_link";a:2:{s:8:"edit_url";s:68:"http://localhost/sample-store-new/wp-admin/user-edit.php?user_id=409";s:5:"title";s:28:"twgAmy80222@thewinegroup.com";}}
a:6:{s:3:"row";i:191;s:7:"message";s:27:"User imported successfully.";s:6:"status";b:1;s:10:"status_msg";s:7:"Success";s:7:"post_id";i:410;s:9:"post_link";a:2:{s:8:"edit_url";s:68:"http://localhost/sample-store-new/wp-admin/user-edit.php?user_id=410";s:5:"title";s:30:"twgApril10104@thewinegroup.com";}}
a:6:{s:3:"row";i:192;s:7:"message";s:27:"User imported successfully.";s:6:"status";b:1;s:10:"status_msg";s:7:"Success";s:7:"post_id";i:411;s:9:"post_link";a:2:{s:8:"edit_url";s:68:"http://localhost/sample-store-new/wp-admin/user-edit.php?user_id=411";s:5:"title";s:31:"twgAutumn60606@thewinegroup.com";}}
a:6:{s:3:"row";i:193;s:7:"message";s:27:"User imported successfully.";s:6:"status";b:1;s:10:"status_msg";s:7:"Success";s:7:"post_id";i:412;s:9:"post_link";a:2:{s:8:"edit_url";s:68:"http://localhost/sample-store-new/wp-admin/user-edit.php?user_id=412";s:5:"title";s:32:"twgBrianne90066@thewinegroup.com";}}
a:6:{s:3:"row";i:194;s:7:"message";s:27:"User imported successfully.";s:6:"status";b:1;s:10:"status_msg";s:7:"Success";s:7:"post_id";i:413;s:9:"post_link";a:2:{s:8:"edit_url";s:68:"http://localhost/sample-store-new/wp-admin/user-edit.php?user_id=413";s:5:"title";s:36:"twgCarrie21228-5715@thewinegroup.com";}}
a:6:{s:3:"row";i:195;s:7:"message";s:27:"User imported successfully.";s:6:"status";b:1;s:10:"status_msg";s:7:"Success";s:7:"post_id";i:414;s:9:"post_link";a:2:{s:8:"edit_url";s:68:"http://localhost/sample-store-new/wp-admin/user-edit.php?user_id=414";s:5:"title";s:34:"twgCatherine60606@thewinegroup.com";}}
a:6:{s:3:"row";i:196;s:7:"message";s:27:"User imported successfully.";s:6:"status";b:1;s:10:"status_msg";s:7:"Success";s:7:"post_id";i:415;s:9:"post_link";a:2:{s:8:"edit_url";s:68:"http://localhost/sample-store-new/wp-admin/user-edit.php?user_id=415";s:5:"title";s:33:"twgDaniella11222@thewinegroup.com";}}
a:6:{s:3:"row";i:197;s:7:"message";s:27:"User imported successfully.";s:6:"status";b:1;s:10:"status_msg";s:7:"Success";s:7:"post_id";i:416;s:9:"post_link";a:2:{s:8:"edit_url";s:68:"http://localhost/sample-store-new/wp-admin/user-edit.php?user_id=416";s:5:"title";s:29:"twgErin94601@thewinegroup.com";}}
a:6:{s:3:"row";i:198;s:7:"message";s:27:"User imported successfully.";s:6:"status";b:1;s:10:"status_msg";s:7:"Success";s:7:"post_id";i:417;s:9:"post_link";a:2:{s:8:"edit_url";s:68:"http://localhost/sample-store-new/wp-admin/user-edit.php?user_id=417";s:5:"title";s:30:"twgFaith10104@thewinegroup.com";}}
a:6:{s:3:"row";i:199;s:7:"message";s:27:"User imported successfully.";s:6:"status";b:1;s:10:"status_msg";s:7:"Success";s:7:"post_id";i:418;s:9:"post_link";a:2:{s:8:"edit_url";s:68:"http://localhost/sample-store-new/wp-admin/user-edit.php?user_id=418";s:5:"title";s:34:"twgGabriella11040@thewinegroup.com";}}
a:6:{s:3:"row";i:200;s:7:"message";s:27:"User imported successfully.";s:6:"status";b:1;s:10:"status_msg";s:7:"Success";s:7:"post_id";i:419;s:9:"post_link";a:2:{s:8:"edit_url";s:68:"http://localhost/sample-store-new/wp-admin/user-edit.php?user_id=419";s:5:"title";s:31:"twgHannah60093@thewinegroup.com";}}
a:6:{s:3:"row";i:201;s:7:"message";s:27:"User imported successfully.";s:6:"status";b:1;s:10:"status_msg";s:7:"Success";s:7:"post_id";i:420;s:9:"post_link";a:2:{s:8:"edit_url";s:68:"http://localhost/sample-store-new/wp-admin/user-edit.php?user_id=420";s:5:"title";s:30:"twgHolly80112@thewinegroup.com";}}
a:6:{s:3:"row";i:202;s:7:"message";s:27:"User imported successfully.";s:6:"status";b:1;s:10:"status_msg";s:7:"Success";s:7:"post_id";i:421;s:9:"post_link";a:2:{s:8:"edit_url";s:68:"http://localhost/sample-store-new/wp-admin/user-edit.php?user_id=421";s:5:"title";s:9:"TWGITTest";}}
a:6:{s:3:"row";i:203;s:7:"message";s:27:"User imported successfully.";s:6:"status";b:1;s:10:"status_msg";s:7:"Success";s:7:"post_id";i:422;s:9:"post_link";a:2:{s:8:"edit_url";s:68:"http://localhost/sample-store-new/wp-admin/user-edit.php?user_id=422";s:5:"title";s:38:"twgJennifer20191-3837@thewinegroup.com";}}
a:6:{s:3:"row";i:204;s:7:"message";s:27:"User imported successfully.";s:6:"status";b:1;s:10:"status_msg";s:7:"Success";s:7:"post_id";i:423;s:9:"post_link";a:2:{s:8:"edit_url";s:68:"http://localhost/sample-store-new/wp-admin/user-edit.php?user_id=423";s:5:"title";s:32:"twgJessica06824@thewinegroup.com";}}
a:6:{s:3:"row";i:205;s:7:"message";s:27:"User imported successfully.";s:6:"status";b:1;s:10:"status_msg";s:7:"Success";s:7:"post_id";i:424;s:9:"post_link";a:2:{s:8:"edit_url";s:68:"http://localhost/sample-store-new/wp-admin/user-edit.php?user_id=424";s:5:"title";s:30:"twgJoanna7030@thewinegroup.com";}}
a:6:{s:3:"row";i:206;s:7:"message";s:27:"User imported successfully.";s:6:"status";b:1;s:10:"status_msg";s:7:"Success";s:7:"post_id";i:425;s:9:"post_link";a:2:{s:8:"edit_url";s:68:"http://localhost/sample-store-new/wp-admin/user-edit.php?user_id=425";s:5:"title";s:33:"twgKimberly60616@thewinegroup.com";}}
a:6:{s:3:"row";i:207;s:7:"message";s:27:"User imported successfully.";s:6:"status";b:1;s:10:"status_msg";s:7:"Success";s:7:"post_id";i:426;s:9:"post_link";a:2:{s:8:"edit_url";s:68:"http://localhost/sample-store-new/wp-admin/user-edit.php?user_id=426";s:5:"title";s:30:"twgLinda60606@thewinegroup.com";}}
a:6:{s:3:"row";i:208;s:7:"message";s:27:"User imported successfully.";s:6:"status";b:1;s:10:"status_msg";s:7:"Success";s:7:"post_id";i:427;s:9:"post_link";a:2:{s:8:"edit_url";s:68:"http://localhost/sample-store-new/wp-admin/user-edit.php?user_id=427";s:5:"title";s:30:"twgMegan92807@thewinegroup.com";}}
a:6:{s:3:"row";i:209;s:7:"message";s:27:"User imported successfully.";s:6:"status";b:1;s:10:"status_msg";s:7:"Success";s:7:"post_id";i:428;s:9:"post_link";a:2:{s:8:"edit_url";s:68:"http://localhost/sample-store-new/wp-admin/user-edit.php?user_id=428";s:5:"title";s:29:"twgNiki95452@thewinegroup.com";}}
a:6:{s:3:"row";i:210;s:7:"message";s:27:"User imported successfully.";s:6:"status";b:1;s:10:"status_msg";s:7:"Success";s:7:"post_id";i:429;s:9:"post_link";a:2:{s:8:"edit_url";s:68:"http://localhost/sample-store-new/wp-admin/user-edit.php?user_id=429";s:5:"title";s:36:"twgOndria60473-1181@thewinegroup.com";}}
a:6:{s:3:"row";i:211;s:7:"message";s:27:"User imported successfully.";s:6:"status";b:1;s:10:"status_msg";s:7:"Success";s:7:"post_id";i:430;s:9:"post_link";a:2:{s:8:"edit_url";s:68:"http://localhost/sample-store-new/wp-admin/user-edit.php?user_id=430";s:5:"title";s:28:"twgRitu6883@thewinegroup.com";}}
a:6:{s:3:"row";i:212;s:7:"message";s:27:"User imported successfully.";s:6:"status";b:1;s:10:"status_msg";s:7:"Success";s:7:"post_id";i:431;s:9:"post_link";a:2:{s:8:"edit_url";s:68:"http://localhost/sample-store-new/wp-admin/user-edit.php?user_id=431";s:5:"title";s:32:"twgSabiena60103@thewinegroup.com";}}
a:6:{s:3:"row";i:213;s:7:"message";s:27:"User imported successfully.";s:6:"status";b:1;s:10:"status_msg";s:7:"Success";s:7:"post_id";i:432;s:9:"post_link";a:2:{s:8:"edit_url";s:68:"http://localhost/sample-store-new/wp-admin/user-edit.php?user_id=432";s:5:"title";s:29:"twgSara11201@thewinegroup.com";}}
a:6:{s:3:"row";i:214;s:7:"message";s:27:"User imported successfully.";s:6:"status";b:1;s:10:"status_msg";s:7:"Success";s:7:"post_id";i:433;s:9:"post_link";a:2:{s:8:"edit_url";s:68:"http://localhost/sample-store-new/wp-admin/user-edit.php?user_id=433";s:5:"title";s:31:"twgstacey11725@thewinegroup.com";}}
a:6:{s:3:"row";i:215;s:7:"message";s:27:"User imported successfully.";s:6:"status";b:1;s:10:"status_msg";s:7:"Success";s:7:"post_id";i:434;s:9:"post_link";a:2:{s:8:"edit_url";s:68:"http://localhost/sample-store-new/wp-admin/user-edit.php?user_id=434";s:5:"title";s:31:"twgTrista60606@thewinegroup.com";}}
a:6:{s:3:"row";i:216;s:7:"message";s:27:"User imported successfully.";s:6:"status";b:1;s:10:"status_msg";s:7:"Success";s:7:"post_id";i:435;s:9:"post_link";a:2:{s:8:"edit_url";s:68:"http://localhost/sample-store-new/wp-admin/user-edit.php?user_id=435";s:5:"title";s:13:"wallacesheila";}}
a:6:{s:3:"row";i:217;s:7:"message";s:27:"User imported successfully.";s:6:"status";b:1;s:10:"status_msg";s:7:"Success";s:7:"post_id";i:436;s:9:"post_link";a:2:{s:8:"edit_url";s:68:"http://localhost/sample-store-new/wp-admin/user-edit.php?user_id=436";s:5:"title";s:12:"whitneysawle";}}
a:6:{s:3:"row";i:218;s:7:"message";s:27:"User imported successfully.";s:6:"status";b:1;s:10:"status_msg";s:7:"Success";s:7:"post_id";i:437;s:9:"post_link";a:2:{s:8:"edit_url";s:68:"http://localhost/sample-store-new/wp-admin/user-edit.php?user_id=437";s:5:"title";s:27:"will.moore@thewinegroup.com";}}
