12-21-2023 @ 11:21:20 - ---[ New import started at 2023-12-21 11:21:20 ] PHP Memory: 256 MB, WP Memory: 40 MB
12-21-2023 @ 11:21:20 - Preparing for import.
12-21-2023 @ 11:21:20 - Row :1 - Parsing item.
12-21-2023 @ 11:21:20 - Row :1 - Processing item.
12-21-2023 @ 11:21:20 - Processing users.
12-21-2023 @ 11:21:20 - > &#8220;220&#8221;User imported successfully. ID:220
12-21-2023 @ 11:21:20 - > Finished importing user 220
12-21-2023 @ 11:21:20 - Row :1 - User imported successfully.
12-21-2023 @ 11:21:20 - Row :2 - Parsing item.
12-21-2023 @ 11:21:20 - Row :2 - Processing item.
12-21-2023 @ 11:21:20 - Processing users.
12-21-2023 @ 11:21:20 - > &#8220;221&#8221;User imported successfully. ID:221
12-21-2023 @ 11:21:20 - > Finished importing user 221
12-21-2023 @ 11:21:20 - Row :2 - User imported successfully.
12-21-2023 @ 11:21:20 - Row :3 - Parsing item.
12-21-2023 @ 11:21:20 - Row :3 - Processing item.
12-21-2023 @ 11:21:20 - Processing users.
12-21-2023 @ 11:21:20 - > &#8220;222&#8221;User imported successfully. ID:222
12-21-2023 @ 11:21:20 - > Finished importing user 222
12-21-2023 @ 11:21:20 - Row :3 - User imported successfully.
12-21-2023 @ 11:21:20 - Row :4 - Parsing item.
12-21-2023 @ 11:21:20 - Row :4 - Processing item.
12-21-2023 @ 11:21:20 - Processing users.
12-21-2023 @ 11:21:20 - > &#8220;223&#8221;User imported successfully. ID:223
12-21-2023 @ 11:21:20 - > Finished importing user 223
12-21-2023 @ 11:21:20 - Row :4 - User imported successfully.
12-21-2023 @ 11:21:20 - Row :5 - Parsing item.
12-21-2023 @ 11:21:20 - Row :5 - Processing item.
12-21-2023 @ 11:21:20 - Processing users.
12-21-2023 @ 11:21:20 - > &#8220;224&#8221;User imported successfully. ID:224
12-21-2023 @ 11:21:20 - > Finished importing user 224
12-21-2023 @ 11:21:20 - Row :5 - User imported successfully.
12-21-2023 @ 11:21:20 - Row :6 - Parsing item.
12-21-2023 @ 11:21:20 - Row :6 - Processing item.
12-21-2023 @ 11:21:20 - Processing users.
12-21-2023 @ 11:21:20 - > &#8220;225&#8221;User imported successfully. ID:225
12-21-2023 @ 11:21:20 - > Finished importing user 225
12-21-2023 @ 11:21:20 - Row :6 - User imported successfully.
12-21-2023 @ 11:21:20 - Row :7 - Parsing item.
12-21-2023 @ 11:21:20 - Row :7 - Processing item.
12-21-2023 @ 11:21:20 - Processing users.
12-21-2023 @ 11:21:20 - > &#8220;226&#8221;User imported successfully. ID:226
12-21-2023 @ 11:21:20 - > Finished importing user 226
12-21-2023 @ 11:21:20 - Row :7 - User imported successfully.
12-21-2023 @ 11:21:20 - Row :8 - Parsing item.
12-21-2023 @ 11:21:20 - Row :8 - Processing item.
12-21-2023 @ 11:21:20 - Processing users.
12-21-2023 @ 11:21:20 - > &#8220;227&#8221;User imported successfully. ID:227
12-21-2023 @ 11:21:20 - > Finished importing user 227
12-21-2023 @ 11:21:20 - Row :8 - User imported successfully.
12-21-2023 @ 11:21:20 - Row :9 - Parsing item.
12-21-2023 @ 11:21:20 - Row :9 - Processing item.
12-21-2023 @ 11:21:20 - Processing users.
12-21-2023 @ 11:21:20 - > &#8220;228&#8221;User imported successfully. ID:228
12-21-2023 @ 11:21:20 - > Finished importing user 228
12-21-2023 @ 11:21:20 - Row :9 - User imported successfully.
12-21-2023 @ 11:21:20 - Row :10 - Parsing item.
12-21-2023 @ 11:21:20 - Row :10 - Processing item.
12-21-2023 @ 11:21:20 - Processing users.
12-21-2023 @ 11:21:20 - > &#8220;229&#8221;User imported successfully. ID:229
12-21-2023 @ 11:21:20 - > Finished importing user 229
12-21-2023 @ 11:21:20 - Row :10 - User imported successfully.
12-21-2023 @ 11:21:21 - Preparing for import.
12-21-2023 @ 11:21:21 - Row :11 - Parsing item.
12-21-2023 @ 11:21:21 - Row :11 - Processing item.
12-21-2023 @ 11:21:21 - Processing users.
12-21-2023 @ 11:21:21 - > &#8220;230&#8221;User imported successfully. ID:230
12-21-2023 @ 11:21:21 - > Finished importing user 230
12-21-2023 @ 11:21:21 - Row :11 - User imported successfully.
12-21-2023 @ 11:21:21 - Row :12 - Parsing item.
12-21-2023 @ 11:21:21 - Row :12 - Processing item.
12-21-2023 @ 11:21:21 - Processing users.
12-21-2023 @ 11:21:21 - > &#8220;231&#8221;User imported successfully. ID:231
12-21-2023 @ 11:21:21 - > Finished importing user 231
12-21-2023 @ 11:21:21 - Row :12 - User imported successfully.
12-21-2023 @ 11:21:21 - Row :13 - Parsing item.
12-21-2023 @ 11:21:21 - Row :13 - Processing item.
12-21-2023 @ 11:21:21 - Processing users.
12-21-2023 @ 11:21:21 - > &#8220;232&#8221;User imported successfully. ID:232
12-21-2023 @ 11:21:21 - > Finished importing user 232
12-21-2023 @ 11:21:21 - Row :13 - User imported successfully.
12-21-2023 @ 11:21:21 - Row :14 - Parsing item.
12-21-2023 @ 11:21:21 - Row :14 - Processing item.
12-21-2023 @ 11:21:21 - Processing users.
12-21-2023 @ 11:21:21 - > &#8220;233&#8221;User imported successfully. ID:233
12-21-2023 @ 11:21:21 - > Finished importing user 233
12-21-2023 @ 11:21:21 - Row :14 - User imported successfully.
12-21-2023 @ 11:21:21 - Row :15 - Parsing item.
12-21-2023 @ 11:21:21 - Row :15 - Processing item.
12-21-2023 @ 11:21:21 - Processing users.
12-21-2023 @ 11:21:21 - > &#8220;234&#8221;User imported successfully. ID:234
12-21-2023 @ 11:21:21 - > Finished importing user 234
12-21-2023 @ 11:21:21 - Row :15 - User imported successfully.
12-21-2023 @ 11:21:21 - Row :16 - Parsing item.
12-21-2023 @ 11:21:21 - Row :16 - Processing item.
12-21-2023 @ 11:21:21 - Processing users.
12-21-2023 @ 11:21:21 - > &#8220;235&#8221;User imported successfully. ID:235
12-21-2023 @ 11:21:21 - > Finished importing user 235
12-21-2023 @ 11:21:21 - Row :16 - User imported successfully.
12-21-2023 @ 11:21:21 - Row :17 - Parsing item.
12-21-2023 @ 11:21:21 - Row :17 - Processing item.
12-21-2023 @ 11:21:21 - Processing users.
12-21-2023 @ 11:21:22 - > &#8220;236&#8221;User imported successfully. ID:236
12-21-2023 @ 11:21:22 - > Finished importing user 236
12-21-2023 @ 11:21:22 - Row :17 - User imported successfully.
12-21-2023 @ 11:21:22 - Row :18 - Parsing item.
12-21-2023 @ 11:21:22 - Row :18 - Processing item.
12-21-2023 @ 11:21:22 - Processing users.
12-21-2023 @ 11:21:22 - > &#8220;237&#8221;User imported successfully. ID:237
12-21-2023 @ 11:21:22 - > Finished importing user 237
12-21-2023 @ 11:21:22 - Row :18 - User imported successfully.
12-21-2023 @ 11:21:22 - Row :19 - Parsing item.
12-21-2023 @ 11:21:22 - Row :19 - Processing item.
12-21-2023 @ 11:21:22 - Processing users.
12-21-2023 @ 11:21:22 - > &#8220;238&#8221;User imported successfully. ID:238
12-21-2023 @ 11:21:22 - > Finished importing user 238
12-21-2023 @ 11:21:22 - Row :19 - User imported successfully.
12-21-2023 @ 11:21:22 - Row :20 - Parsing item.
12-21-2023 @ 11:21:22 - Row :20 - Processing item.
12-21-2023 @ 11:21:22 - Processing users.
12-21-2023 @ 11:21:22 - > &#8220;239&#8221;User imported successfully. ID:239
12-21-2023 @ 11:21:22 - > Finished importing user 239
12-21-2023 @ 11:21:22 - Row :20 - User imported successfully.
12-21-2023 @ 11:21:23 - Preparing for import.
12-21-2023 @ 11:21:23 - Row :21 - Parsing item.
12-21-2023 @ 11:21:23 - Row :21 - Processing item.
12-21-2023 @ 11:21:23 - Processing users.
12-21-2023 @ 11:21:23 - > &#8220;240&#8221;User imported successfully. ID:240
12-21-2023 @ 11:21:23 - > Finished importing user 240
12-21-2023 @ 11:21:23 - Row :21 - User imported successfully.
12-21-2023 @ 11:21:23 - Row :22 - Parsing item.
12-21-2023 @ 11:21:23 - Row :22 - Processing item.
12-21-2023 @ 11:21:23 - Processing users.
12-21-2023 @ 11:21:23 - > &#8220;241&#8221;User imported successfully. ID:241
12-21-2023 @ 11:21:23 - > Finished importing user 241
12-21-2023 @ 11:21:23 - Row :22 - User imported successfully.
12-21-2023 @ 11:21:23 - Row :23 - Parsing item.
12-21-2023 @ 11:21:23 - Row :23 - Processing item.
12-21-2023 @ 11:21:23 - Processing users.
12-21-2023 @ 11:21:23 - > &#8220;242&#8221;User imported successfully. ID:242
12-21-2023 @ 11:21:23 - > Finished importing user 242
12-21-2023 @ 11:21:23 - Row :23 - User imported successfully.
12-21-2023 @ 11:21:23 - Row :24 - Parsing item.
12-21-2023 @ 11:21:23 - Row :24 - Processing item.
12-21-2023 @ 11:21:23 - Processing users.
12-21-2023 @ 11:21:23 - > &#8220;243&#8221;User imported successfully. ID:243
12-21-2023 @ 11:21:23 - > Finished importing user 243
12-21-2023 @ 11:21:23 - Row :24 - User imported successfully.
12-21-2023 @ 11:21:23 - Row :25 - Parsing item.
12-21-2023 @ 11:21:23 - Row :25 - Processing item.
12-21-2023 @ 11:21:23 - Processing users.
12-21-2023 @ 11:21:23 - > &#8220;244&#8221;User imported successfully. ID:244
12-21-2023 @ 11:21:23 - > Finished importing user 244
12-21-2023 @ 11:21:23 - Row :25 - User imported successfully.
12-21-2023 @ 11:21:23 - Row :26 - Parsing item.
12-21-2023 @ 11:21:23 - Row :26 - Processing item.
12-21-2023 @ 11:21:23 - Processing users.
12-21-2023 @ 11:21:23 - > &#8220;245&#8221;User imported successfully. ID:245
12-21-2023 @ 11:21:23 - > Finished importing user 245
12-21-2023 @ 11:21:23 - Row :26 - User imported successfully.
12-21-2023 @ 11:21:23 - Row :27 - Parsing item.
12-21-2023 @ 11:21:23 - Row :27 - Processing item.
12-21-2023 @ 11:21:23 - Processing users.
12-21-2023 @ 11:21:23 - > &#8220;246&#8221;User imported successfully. ID:246
12-21-2023 @ 11:21:23 - > Finished importing user 246
12-21-2023 @ 11:21:23 - Row :27 - User imported successfully.
12-21-2023 @ 11:21:23 - Row :28 - Parsing item.
12-21-2023 @ 11:21:23 - Row :28 - Processing item.
12-21-2023 @ 11:21:23 - Processing users.
12-21-2023 @ 11:21:23 - > &#8220;247&#8221;User imported successfully. ID:247
12-21-2023 @ 11:21:23 - > Finished importing user 247
12-21-2023 @ 11:21:23 - Row :28 - User imported successfully.
12-21-2023 @ 11:21:23 - Row :29 - Parsing item.
12-21-2023 @ 11:21:23 - Row :29 - Processing item.
12-21-2023 @ 11:21:23 - Processing users.
12-21-2023 @ 11:21:23 - > &#8220;248&#8221;User imported successfully. ID:248
12-21-2023 @ 11:21:23 - > Finished importing user 248
12-21-2023 @ 11:21:23 - Row :29 - User imported successfully.
12-21-2023 @ 11:21:23 - Row :30 - Parsing item.
12-21-2023 @ 11:21:23 - Row :30 - Processing item.
12-21-2023 @ 11:21:23 - Processing users.
12-21-2023 @ 11:21:23 - > &#8220;249&#8221;User imported successfully. ID:249
12-21-2023 @ 11:21:23 - > Finished importing user 249
12-21-2023 @ 11:21:23 - Row :30 - User imported successfully.
12-21-2023 @ 11:21:24 - Preparing for import.
12-21-2023 @ 11:21:24 - Row :31 - Parsing item.
12-21-2023 @ 11:21:24 - Row :31 - Processing item.
12-21-2023 @ 11:21:24 - Processing users.
12-21-2023 @ 11:21:24 - > &#8220;250&#8221;User imported successfully. ID:250
12-21-2023 @ 11:21:24 - > Finished importing user 250
12-21-2023 @ 11:21:24 - Row :31 - User imported successfully.
12-21-2023 @ 11:21:24 - Row :32 - Parsing item.
12-21-2023 @ 11:21:24 - Row :32 - Processing item.
12-21-2023 @ 11:21:24 - Processing users.
12-21-2023 @ 11:21:24 - > &#8220;251&#8221;User imported successfully. ID:251
12-21-2023 @ 11:21:24 - > Finished importing user 251
12-21-2023 @ 11:21:24 - Row :32 - User imported successfully.
12-21-2023 @ 11:21:24 - Row :33 - Parsing item.
12-21-2023 @ 11:21:24 - Row :33 - Processing item.
12-21-2023 @ 11:21:24 - Processing users.
12-21-2023 @ 11:21:24 - > &#8220;252&#8221;User imported successfully. ID:252
12-21-2023 @ 11:21:24 - > Finished importing user 252
12-21-2023 @ 11:21:24 - Row :33 - User imported successfully.
12-21-2023 @ 11:21:24 - Row :34 - Parsing item.
12-21-2023 @ 11:21:24 - Row :34 - Processing item.
12-21-2023 @ 11:21:24 - Processing users.
12-21-2023 @ 11:21:24 - > &#8220;253&#8221;User imported successfully. ID:253
12-21-2023 @ 11:21:24 - > Finished importing user 253
12-21-2023 @ 11:21:24 - Row :34 - User imported successfully.
12-21-2023 @ 11:21:24 - Row :35 - Parsing item.
12-21-2023 @ 11:21:24 - Row :35 - Processing item.
12-21-2023 @ 11:21:24 - Processing users.
12-21-2023 @ 11:21:24 - > &#8220;254&#8221;User imported successfully. ID:254
12-21-2023 @ 11:21:24 - > Finished importing user 254
12-21-2023 @ 11:21:24 - Row :35 - User imported successfully.
12-21-2023 @ 11:21:24 - Row :36 - Parsing item.
12-21-2023 @ 11:21:24 - Row :36 - Processing item.
12-21-2023 @ 11:21:24 - Processing users.
12-21-2023 @ 11:21:25 - > &#8220;255&#8221;User imported successfully. ID:255
12-21-2023 @ 11:21:25 - > Finished importing user 255
12-21-2023 @ 11:21:25 - Row :36 - User imported successfully.
12-21-2023 @ 11:21:25 - Row :37 - Parsing item.
12-21-2023 @ 11:21:25 - Row :37 - Processing item.
12-21-2023 @ 11:21:25 - Processing users.
12-21-2023 @ 11:21:25 - > &#8220;256&#8221;User imported successfully. ID:256
12-21-2023 @ 11:21:25 - > Finished importing user 256
12-21-2023 @ 11:21:25 - Row :37 - User imported successfully.
12-21-2023 @ 11:21:25 - Row :38 - Parsing item.
12-21-2023 @ 11:21:25 - Row :38 - Processing item.
12-21-2023 @ 11:21:25 - Processing users.
12-21-2023 @ 11:21:25 - > &#8220;257&#8221;User imported successfully. ID:257
12-21-2023 @ 11:21:25 - > Finished importing user 257
12-21-2023 @ 11:21:25 - Row :38 - User imported successfully.
12-21-2023 @ 11:21:25 - Row :39 - Parsing item.
12-21-2023 @ 11:21:25 - Row :39 - Processing item.
12-21-2023 @ 11:21:25 - Processing users.
12-21-2023 @ 11:21:25 - > &#8220;258&#8221;User imported successfully. ID:258
12-21-2023 @ 11:21:25 - > Finished importing user 258
12-21-2023 @ 11:21:25 - Row :39 - User imported successfully.
12-21-2023 @ 11:21:25 - Row :40 - Parsing item.
12-21-2023 @ 11:21:25 - Row :40 - Processing item.
12-21-2023 @ 11:21:25 - Processing users.
12-21-2023 @ 11:21:25 - > &#8220;259&#8221;User imported successfully. ID:259
12-21-2023 @ 11:21:25 - > Finished importing user 259
12-21-2023 @ 11:21:25 - Row :40 - User imported successfully.
12-21-2023 @ 11:21:26 - Preparing for import.
12-21-2023 @ 11:21:26 - Row :41 - Parsing item.
12-21-2023 @ 11:21:26 - Row :41 - Processing item.
12-21-2023 @ 11:21:26 - Processing users.
12-21-2023 @ 11:21:26 - > &#8220;260&#8221;User imported successfully. ID:260
12-21-2023 @ 11:21:26 - > Finished importing user 260
12-21-2023 @ 11:21:26 - Row :41 - User imported successfully.
12-21-2023 @ 11:21:26 - Row :42 - Parsing item.
12-21-2023 @ 11:21:26 - Row :42 - Processing item.
12-21-2023 @ 11:21:26 - Processing users.
12-21-2023 @ 11:21:26 - > &#8220;261&#8221;User imported successfully. ID:261
12-21-2023 @ 11:21:26 - > Finished importing user 261
12-21-2023 @ 11:21:26 - Row :42 - User imported successfully.
12-21-2023 @ 11:21:26 - Row :43 - Parsing item.
12-21-2023 @ 11:21:26 - Row :43 - Processing item.
12-21-2023 @ 11:21:26 - Processing users.
12-21-2023 @ 11:21:26 - > &#8220;262&#8221;User imported successfully. ID:262
12-21-2023 @ 11:21:26 - > Finished importing user 262
12-21-2023 @ 11:21:26 - Row :43 - User imported successfully.
12-21-2023 @ 11:21:26 - Row :44 - Parsing item.
12-21-2023 @ 11:21:26 - Row :44 - Processing item.
12-21-2023 @ 11:21:26 - Processing users.
12-21-2023 @ 11:21:26 - > &#8220;263&#8221;User imported successfully. ID:263
12-21-2023 @ 11:21:26 - > Finished importing user 263
12-21-2023 @ 11:21:26 - Row :44 - User imported successfully.
12-21-2023 @ 11:21:26 - Row :45 - Parsing item.
12-21-2023 @ 11:21:26 - Row :45 - Processing item.
12-21-2023 @ 11:21:26 - Processing users.
12-21-2023 @ 11:21:26 - > &#8220;264&#8221;User imported successfully. ID:264
12-21-2023 @ 11:21:26 - > Finished importing user 264
12-21-2023 @ 11:21:26 - Row :45 - User imported successfully.
12-21-2023 @ 11:21:26 - Row :46 - Parsing item.
12-21-2023 @ 11:21:26 - Row :46 - Processing item.
12-21-2023 @ 11:21:26 - Processing users.
12-21-2023 @ 11:21:26 - > &#8220;265&#8221;User imported successfully. ID:265
12-21-2023 @ 11:21:26 - > Finished importing user 265
12-21-2023 @ 11:21:26 - Row :46 - User imported successfully.
12-21-2023 @ 11:21:26 - Row :47 - Parsing item.
12-21-2023 @ 11:21:26 - Row :47 - Processing item.
12-21-2023 @ 11:21:26 - Processing users.
12-21-2023 @ 11:21:26 - > &#8220;266&#8221;User imported successfully. ID:266
12-21-2023 @ 11:21:26 - > Finished importing user 266
12-21-2023 @ 11:21:26 - Row :47 - User imported successfully.
12-21-2023 @ 11:21:26 - Row :48 - Parsing item.
12-21-2023 @ 11:21:26 - Row :48 - Processing item.
12-21-2023 @ 11:21:26 - Processing users.
12-21-2023 @ 11:21:26 - > &#8220;267&#8221;User imported successfully. ID:267
12-21-2023 @ 11:21:26 - > Finished importing user 267
12-21-2023 @ 11:21:26 - Row :48 - User imported successfully.
12-21-2023 @ 11:21:26 - Row :49 - Parsing item.
12-21-2023 @ 11:21:26 - Row :49 - Processing item.
12-21-2023 @ 11:21:26 - Processing users.
12-21-2023 @ 11:21:26 - > &#8220;268&#8221;User imported successfully. ID:268
12-21-2023 @ 11:21:26 - > Finished importing user 268
12-21-2023 @ 11:21:26 - Row :49 - User imported successfully.
12-21-2023 @ 11:21:26 - Row :50 - Parsing item.
12-21-2023 @ 11:21:26 - Row :50 - Processing item.
12-21-2023 @ 11:21:26 - Processing users.
12-21-2023 @ 11:21:26 - > &#8220;269&#8221;User imported successfully. ID:269
12-21-2023 @ 11:21:26 - > Finished importing user 269
12-21-2023 @ 11:21:26 - Row :50 - User imported successfully.
12-21-2023 @ 11:21:27 - Preparing for import.
12-21-2023 @ 11:21:27 - Row :51 - Parsing item.
12-21-2023 @ 11:21:27 - Row :51 - Processing item.
12-21-2023 @ 11:21:27 - Processing users.
12-21-2023 @ 11:21:27 - > &#8220;270&#8221;User imported successfully. ID:270
12-21-2023 @ 11:21:27 - > Finished importing user 270
12-21-2023 @ 11:21:27 - Row :51 - User imported successfully.
12-21-2023 @ 11:21:27 - Row :52 - Parsing item.
12-21-2023 @ 11:21:27 - Row :52 - Processing item.
12-21-2023 @ 11:21:27 - Processing users.
12-21-2023 @ 11:21:27 - > &#8220;271&#8221;User imported successfully. ID:271
12-21-2023 @ 11:21:27 - > Finished importing user 271
12-21-2023 @ 11:21:27 - Row :52 - User imported successfully.
12-21-2023 @ 11:21:27 - Row :53 - Parsing item.
12-21-2023 @ 11:21:27 - Row :53 - Processing item.
12-21-2023 @ 11:21:27 - Processing users.
12-21-2023 @ 11:21:27 - > &#8220;272&#8221;User imported successfully. ID:272
12-21-2023 @ 11:21:27 - > Finished importing user 272
12-21-2023 @ 11:21:27 - Row :53 - User imported successfully.
12-21-2023 @ 11:21:27 - Row :54 - Parsing item.
12-21-2023 @ 11:21:27 - Row :54 - Processing item.
12-21-2023 @ 11:21:27 - Processing users.
12-21-2023 @ 11:21:27 - > &#8220;273&#8221;User imported successfully. ID:273
12-21-2023 @ 11:21:27 - > Finished importing user 273
12-21-2023 @ 11:21:27 - Row :54 - User imported successfully.
12-21-2023 @ 11:21:27 - Row :55 - Parsing item.
12-21-2023 @ 11:21:27 - Row :55 - Processing item.
12-21-2023 @ 11:21:27 - Processing users.
12-21-2023 @ 11:21:28 - > &#8220;274&#8221;User imported successfully. ID:274
12-21-2023 @ 11:21:28 - > Finished importing user 274
12-21-2023 @ 11:21:28 - Row :55 - User imported successfully.
12-21-2023 @ 11:21:28 - Row :56 - Parsing item.
12-21-2023 @ 11:21:28 - Row :56 - Processing item.
12-21-2023 @ 11:21:28 - Processing users.
12-21-2023 @ 11:21:28 - > &#8220;275&#8221;User imported successfully. ID:275
12-21-2023 @ 11:21:28 - > Finished importing user 275
12-21-2023 @ 11:21:28 - Row :56 - User imported successfully.
12-21-2023 @ 11:21:28 - Row :57 - Parsing item.
12-21-2023 @ 11:21:28 - Row :57 - Processing item.
12-21-2023 @ 11:21:28 - Processing users.
12-21-2023 @ 11:21:28 - > &#8220;276&#8221;User imported successfully. ID:276
12-21-2023 @ 11:21:28 - > Finished importing user 276
12-21-2023 @ 11:21:28 - Row :57 - User imported successfully.
12-21-2023 @ 11:21:28 - Row :58 - Parsing item.
12-21-2023 @ 11:21:28 - Row :58 - Processing item.
12-21-2023 @ 11:21:28 - Processing users.
12-21-2023 @ 11:21:28 - > &#8220;277&#8221;User imported successfully. ID:277
12-21-2023 @ 11:21:28 - > Finished importing user 277
12-21-2023 @ 11:21:28 - Row :58 - User imported successfully.
12-21-2023 @ 11:21:28 - Row :59 - Parsing item.
12-21-2023 @ 11:21:28 - Row :59 - Processing item.
12-21-2023 @ 11:21:28 - Processing users.
12-21-2023 @ 11:21:28 - > &#8220;278&#8221;User imported successfully. ID:278
12-21-2023 @ 11:21:28 - > Finished importing user 278
12-21-2023 @ 11:21:28 - Row :59 - User imported successfully.
12-21-2023 @ 11:21:28 - Row :60 - Parsing item.
12-21-2023 @ 11:21:28 - Row :60 - Processing item.
12-21-2023 @ 11:21:28 - Processing users.
12-21-2023 @ 11:21:28 - > &#8220;279&#8221;User imported successfully. ID:279
12-21-2023 @ 11:21:28 - > Finished importing user 279
12-21-2023 @ 11:21:28 - Row :60 - User imported successfully.
12-21-2023 @ 11:21:29 - Preparing for import.
12-21-2023 @ 11:21:29 - Row :61 - Parsing item.
12-21-2023 @ 11:21:29 - Row :61 - Processing item.
12-21-2023 @ 11:21:29 - Processing users.
12-21-2023 @ 11:21:29 - > &#8220;280&#8221;User imported successfully. ID:280
12-21-2023 @ 11:21:29 - > Finished importing user 280
12-21-2023 @ 11:21:29 - Row :61 - User imported successfully.
12-21-2023 @ 11:21:29 - Row :62 - Parsing item.
12-21-2023 @ 11:21:29 - Row :62 - Processing item.
12-21-2023 @ 11:21:29 - Processing users.
12-21-2023 @ 11:21:29 - > &#8220;281&#8221;User imported successfully. ID:281
12-21-2023 @ 11:21:29 - > Finished importing user 281
12-21-2023 @ 11:21:29 - Row :62 - User imported successfully.
12-21-2023 @ 11:21:29 - Row :63 - Parsing item.
12-21-2023 @ 11:21:29 - Row :63 - Processing item.
12-21-2023 @ 11:21:29 - Processing users.
12-21-2023 @ 11:21:29 - > &#8220;282&#8221;User imported successfully. ID:282
12-21-2023 @ 11:21:29 - > Finished importing user 282
12-21-2023 @ 11:21:29 - Row :63 - User imported successfully.
12-21-2023 @ 11:21:29 - Row :64 - Parsing item.
12-21-2023 @ 11:21:29 - Row :64 - Processing item.
12-21-2023 @ 11:21:29 - Processing users.
12-21-2023 @ 11:21:29 - > &#8220;283&#8221;User imported successfully. ID:283
12-21-2023 @ 11:21:29 - > Finished importing user 283
12-21-2023 @ 11:21:29 - Row :64 - User imported successfully.
12-21-2023 @ 11:21:29 - Row :65 - Parsing item.
12-21-2023 @ 11:21:29 - Row :65 - Processing item.
12-21-2023 @ 11:21:29 - Processing users.
12-21-2023 @ 11:21:29 - > &#8220;284&#8221;User imported successfully. ID:284
12-21-2023 @ 11:21:29 - > Finished importing user 284
12-21-2023 @ 11:21:29 - Row :65 - User imported successfully.
12-21-2023 @ 11:21:29 - Row :66 - Parsing item.
12-21-2023 @ 11:21:29 - Row :66 - Processing item.
12-21-2023 @ 11:21:29 - Processing users.
12-21-2023 @ 11:21:29 - > &#8220;285&#8221;User imported successfully. ID:285
12-21-2023 @ 11:21:29 - > Finished importing user 285
12-21-2023 @ 11:21:29 - Row :66 - User imported successfully.
12-21-2023 @ 11:21:29 - Row :67 - Parsing item.
12-21-2023 @ 11:21:29 - Row :67 - Processing item.
12-21-2023 @ 11:21:29 - Processing users.
12-21-2023 @ 11:21:29 - > &#8220;286&#8221;User imported successfully. ID:286
12-21-2023 @ 11:21:29 - > Finished importing user 286
12-21-2023 @ 11:21:29 - Row :67 - User imported successfully.
12-21-2023 @ 11:21:29 - Row :68 - Parsing item.
12-21-2023 @ 11:21:29 - Row :68 - Processing item.
12-21-2023 @ 11:21:29 - Processing users.
12-21-2023 @ 11:21:29 - > &#8220;287&#8221;User imported successfully. ID:287
12-21-2023 @ 11:21:29 - > Finished importing user 287
12-21-2023 @ 11:21:29 - Row :68 - User imported successfully.
12-21-2023 @ 11:21:29 - Row :69 - Parsing item.
12-21-2023 @ 11:21:29 - Row :69 - Processing item.
12-21-2023 @ 11:21:29 - Processing users.
12-21-2023 @ 11:21:29 - > &#8220;288&#8221;User imported successfully. ID:288
12-21-2023 @ 11:21:29 - > Finished importing user 288
12-21-2023 @ 11:21:29 - Row :69 - User imported successfully.
12-21-2023 @ 11:21:29 - Row :70 - Parsing item.
12-21-2023 @ 11:21:29 - Row :70 - Processing item.
12-21-2023 @ 11:21:29 - Processing users.
12-21-2023 @ 11:21:29 - > &#8220;289&#8221;User imported successfully. ID:289
12-21-2023 @ 11:21:29 - > Finished importing user 289
12-21-2023 @ 11:21:29 - Row :70 - User imported successfully.
12-21-2023 @ 11:21:30 - Preparing for import.
12-21-2023 @ 11:21:30 - Row :71 - Parsing item.
12-21-2023 @ 11:21:30 - Row :71 - Processing item.
12-21-2023 @ 11:21:30 - Processing users.
12-21-2023 @ 11:21:30 - > &#8220;290&#8221;User imported successfully. ID:290
12-21-2023 @ 11:21:30 - > Finished importing user 290
12-21-2023 @ 11:21:30 - Row :71 - User imported successfully.
12-21-2023 @ 11:21:30 - Row :72 - Parsing item.
12-21-2023 @ 11:21:30 - Row :72 - Processing item.
12-21-2023 @ 11:21:30 - Processing users.
12-21-2023 @ 11:21:30 - > &#8220;291&#8221;User imported successfully. ID:291
12-21-2023 @ 11:21:30 - > Finished importing user 291
12-21-2023 @ 11:21:30 - Row :72 - User imported successfully.
12-21-2023 @ 11:21:30 - Row :73 - Parsing item.
12-21-2023 @ 11:21:30 - Row :73 - Processing item.
12-21-2023 @ 11:21:30 - Processing users.
12-21-2023 @ 11:21:30 - > &#8220;292&#8221;User imported successfully. ID:292
12-21-2023 @ 11:21:30 - > Finished importing user 292
12-21-2023 @ 11:21:30 - Row :73 - User imported successfully.
12-21-2023 @ 11:21:30 - Row :74 - Parsing item.
12-21-2023 @ 11:21:30 - Row :74 - Processing item.
12-21-2023 @ 11:21:30 - Processing users.
12-21-2023 @ 11:21:30 - > &#8220;293&#8221;User imported successfully. ID:293
12-21-2023 @ 11:21:30 - > Finished importing user 293
12-21-2023 @ 11:21:30 - Row :74 - User imported successfully.
12-21-2023 @ 11:21:30 - Row :75 - Parsing item.
12-21-2023 @ 11:21:30 - Row :75 - Processing item.
12-21-2023 @ 11:21:30 - Processing users.
12-21-2023 @ 11:21:30 - > &#8220;294&#8221;User imported successfully. ID:294
12-21-2023 @ 11:21:30 - > Finished importing user 294
12-21-2023 @ 11:21:30 - Row :75 - User imported successfully.
12-21-2023 @ 11:21:30 - Row :76 - Parsing item.
12-21-2023 @ 11:21:30 - Row :76 - Processing item.
12-21-2023 @ 11:21:30 - Processing users.
12-21-2023 @ 11:21:31 - > &#8220;295&#8221;User imported successfully. ID:295
12-21-2023 @ 11:21:31 - > Finished importing user 295
12-21-2023 @ 11:21:31 - Row :76 - User imported successfully.
12-21-2023 @ 11:21:31 - Row :77 - Parsing item.
12-21-2023 @ 11:21:31 - Row :77 - Processing item.
12-21-2023 @ 11:21:31 - Processing users.
12-21-2023 @ 11:21:31 - > &#8220;296&#8221;User imported successfully. ID:296
12-21-2023 @ 11:21:31 - > Finished importing user 296
12-21-2023 @ 11:21:31 - Row :77 - User imported successfully.
12-21-2023 @ 11:21:31 - Row :78 - Parsing item.
12-21-2023 @ 11:21:31 - Row :78 - Processing item.
12-21-2023 @ 11:21:31 - Processing users.
12-21-2023 @ 11:21:31 - > &#8220;297&#8221;User imported successfully. ID:297
12-21-2023 @ 11:21:31 - > Finished importing user 297
12-21-2023 @ 11:21:31 - Row :78 - User imported successfully.
12-21-2023 @ 11:21:31 - Row :79 - Parsing item.
12-21-2023 @ 11:21:31 - Row :79 - Processing item.
12-21-2023 @ 11:21:31 - Processing users.
12-21-2023 @ 11:21:31 - > &#8220;298&#8221;User imported successfully. ID:298
12-21-2023 @ 11:21:31 - > Finished importing user 298
12-21-2023 @ 11:21:31 - Row :79 - User imported successfully.
12-21-2023 @ 11:21:31 - Row :80 - Parsing item.
12-21-2023 @ 11:21:31 - Row :80 - Processing item.
12-21-2023 @ 11:21:31 - Processing users.
12-21-2023 @ 11:21:31 - > &#8220;299&#8221;User imported successfully. ID:299
12-21-2023 @ 11:21:31 - > Finished importing user 299
12-21-2023 @ 11:21:31 - Row :80 - User imported successfully.
12-21-2023 @ 11:21:32 - Preparing for import.
12-21-2023 @ 11:21:32 - Row :81 - Parsing item.
12-21-2023 @ 11:21:32 - Row :81 - Processing item.
12-21-2023 @ 11:21:32 - Processing users.
12-21-2023 @ 11:21:32 - > &#8220;300&#8221;User imported successfully. ID:300
12-21-2023 @ 11:21:32 - > Finished importing user 300
12-21-2023 @ 11:21:32 - Row :81 - User imported successfully.
12-21-2023 @ 11:21:32 - Row :82 - Parsing item.
12-21-2023 @ 11:21:32 - Row :82 - Processing item.
12-21-2023 @ 11:21:32 - Processing users.
12-21-2023 @ 11:21:32 - > &#8220;301&#8221;User imported successfully. ID:301
12-21-2023 @ 11:21:32 - > Finished importing user 301
12-21-2023 @ 11:21:32 - Row :82 - User imported successfully.
12-21-2023 @ 11:21:32 - Row :83 - Parsing item.
12-21-2023 @ 11:21:32 - Row :83 - Processing item.
12-21-2023 @ 11:21:32 - Processing users.
12-21-2023 @ 11:21:32 - > &#8220;302&#8221;User imported successfully. ID:302
12-21-2023 @ 11:21:32 - > Finished importing user 302
12-21-2023 @ 11:21:32 - Row :83 - User imported successfully.
12-21-2023 @ 11:21:32 - Row :84 - Parsing item.
12-21-2023 @ 11:21:32 - Row :84 - Processing item.
12-21-2023 @ 11:21:32 - Processing users.
12-21-2023 @ 11:21:32 - > &#8220;303&#8221;User imported successfully. ID:303
12-21-2023 @ 11:21:32 - > Finished importing user 303
12-21-2023 @ 11:21:32 - Row :84 - User imported successfully.
12-21-2023 @ 11:21:32 - Row :85 - Parsing item.
12-21-2023 @ 11:21:32 - Row :85 - Processing item.
12-21-2023 @ 11:21:32 - Processing users.
12-21-2023 @ 11:21:32 - > &#8220;304&#8221;User imported successfully. ID:304
12-21-2023 @ 11:21:32 - > Finished importing user 304
12-21-2023 @ 11:21:32 - Row :85 - User imported successfully.
12-21-2023 @ 11:21:32 - Row :86 - Parsing item.
12-21-2023 @ 11:21:32 - Row :86 - Processing item.
12-21-2023 @ 11:21:32 - Processing users.
12-21-2023 @ 11:21:32 - > &#8220;305&#8221;User imported successfully. ID:305
12-21-2023 @ 11:21:32 - > Finished importing user 305
12-21-2023 @ 11:21:32 - Row :86 - User imported successfully.
12-21-2023 @ 11:21:32 - Row :87 - Parsing item.
12-21-2023 @ 11:21:32 - Row :87 - Processing item.
12-21-2023 @ 11:21:32 - Processing users.
12-21-2023 @ 11:21:32 - > &#8220;306&#8221;User imported successfully. ID:306
12-21-2023 @ 11:21:32 - > Finished importing user 306
12-21-2023 @ 11:21:32 - Row :87 - User imported successfully.
12-21-2023 @ 11:21:32 - Row :88 - Parsing item.
12-21-2023 @ 11:21:32 - Row :88 - Processing item.
12-21-2023 @ 11:21:32 - Processing users.
12-21-2023 @ 11:21:32 - > &#8220;307&#8221;User imported successfully. ID:307
12-21-2023 @ 11:21:32 - > Finished importing user 307
12-21-2023 @ 11:21:32 - Row :88 - User imported successfully.
12-21-2023 @ 11:21:32 - Row :89 - Parsing item.
12-21-2023 @ 11:21:32 - Row :89 - Processing item.
12-21-2023 @ 11:21:32 - Processing users.
12-21-2023 @ 11:21:32 - > &#8220;308&#8221;User imported successfully. ID:308
12-21-2023 @ 11:21:32 - > Finished importing user 308
12-21-2023 @ 11:21:32 - Row :89 - User imported successfully.
12-21-2023 @ 11:21:32 - Row :90 - Parsing item.
12-21-2023 @ 11:21:32 - Row :90 - Processing item.
12-21-2023 @ 11:21:32 - Processing users.
12-21-2023 @ 11:21:32 - > &#8220;309&#8221;User imported successfully. ID:309
12-21-2023 @ 11:21:32 - > Finished importing user 309
12-21-2023 @ 11:21:32 - Row :90 - User imported successfully.
12-21-2023 @ 11:21:33 - Preparing for import.
12-21-2023 @ 11:21:33 - Row :91 - Parsing item.
12-21-2023 @ 11:21:33 - Row :91 - Processing item.
12-21-2023 @ 11:21:33 - Processing users.
12-21-2023 @ 11:21:33 - > &#8220;310&#8221;User imported successfully. ID:310
12-21-2023 @ 11:21:33 - > Finished importing user 310
12-21-2023 @ 11:21:33 - Row :91 - User imported successfully.
12-21-2023 @ 11:21:33 - Row :92 - Parsing item.
12-21-2023 @ 11:21:33 - Row :92 - Processing item.
12-21-2023 @ 11:21:33 - Processing users.
12-21-2023 @ 11:21:33 - > &#8220;311&#8221;User imported successfully. ID:311
12-21-2023 @ 11:21:33 - > Finished importing user 311
12-21-2023 @ 11:21:33 - Row :92 - User imported successfully.
12-21-2023 @ 11:21:33 - Row :93 - Parsing item.
12-21-2023 @ 11:21:33 - Row :93 - Processing item.
12-21-2023 @ 11:21:33 - Processing users.
12-21-2023 @ 11:21:33 - > &#8220;312&#8221;User imported successfully. ID:312
12-21-2023 @ 11:21:33 - > Finished importing user 312
12-21-2023 @ 11:21:33 - Row :93 - User imported successfully.
12-21-2023 @ 11:21:33 - Row :94 - Parsing item.
12-21-2023 @ 11:21:33 - Row :94 - Processing item.
12-21-2023 @ 11:21:33 - Processing users.
12-21-2023 @ 11:21:33 - > &#8220;313&#8221;User imported successfully. ID:313
12-21-2023 @ 11:21:33 - > Finished importing user 313
12-21-2023 @ 11:21:33 - Row :94 - User imported successfully.
12-21-2023 @ 11:21:33 - Row :95 - Parsing item.
12-21-2023 @ 11:21:33 - Row :95 - Processing item.
12-21-2023 @ 11:21:33 - Processing users.
12-21-2023 @ 11:21:33 - > &#8220;314&#8221;User imported successfully. ID:314
12-21-2023 @ 11:21:33 - > Finished importing user 314
12-21-2023 @ 11:21:33 - Row :95 - User imported successfully.
12-21-2023 @ 11:21:33 - Row :96 - Parsing item.
12-21-2023 @ 11:21:33 - Row :96 - Processing item.
12-21-2023 @ 11:21:33 - Processing users.
12-21-2023 @ 11:21:33 - > &#8220;315&#8221;User imported successfully. ID:315
12-21-2023 @ 11:21:33 - > Finished importing user 315
12-21-2023 @ 11:21:33 - Row :96 - User imported successfully.
12-21-2023 @ 11:21:33 - Row :97 - Parsing item.
12-21-2023 @ 11:21:33 - Row :97 - Processing item.
12-21-2023 @ 11:21:33 - Processing users.
12-21-2023 @ 11:21:33 - > &#8220;316&#8221;User imported successfully. ID:316
12-21-2023 @ 11:21:33 - > Finished importing user 316
12-21-2023 @ 11:21:33 - Row :97 - User imported successfully.
12-21-2023 @ 11:21:33 - Row :98 - Parsing item.
12-21-2023 @ 11:21:33 - Row :98 - Processing item.
12-21-2023 @ 11:21:33 - Processing users.
12-21-2023 @ 11:21:33 - > &#8220;317&#8221;User imported successfully. ID:317
12-21-2023 @ 11:21:33 - > Finished importing user 317
12-21-2023 @ 11:21:33 - Row :98 - User imported successfully.
12-21-2023 @ 11:21:33 - Row :99 - Parsing item.
12-21-2023 @ 11:21:33 - Row :99 - Processing item.
12-21-2023 @ 11:21:33 - Processing users.
12-21-2023 @ 11:21:34 - > &#8220;318&#8221;User imported successfully. ID:318
12-21-2023 @ 11:21:34 - > Finished importing user 318
12-21-2023 @ 11:21:34 - Row :99 - User imported successfully.
12-21-2023 @ 11:21:34 - Row :100 - Parsing item.
12-21-2023 @ 11:21:34 - Row :100 - Processing item.
12-21-2023 @ 11:21:34 - Processing users.
12-21-2023 @ 11:21:34 - > &#8220;319&#8221;User imported successfully. ID:319
12-21-2023 @ 11:21:34 - > Finished importing user 319
12-21-2023 @ 11:21:34 - Row :100 - User imported successfully.
12-21-2023 @ 11:21:34 - Preparing for import.
12-21-2023 @ 11:21:34 - Row :101 - Parsing item.
12-21-2023 @ 11:21:34 - Row :101 - Processing item.
12-21-2023 @ 11:21:34 - Processing users.
12-21-2023 @ 11:21:35 - > &#8220;320&#8221;User imported successfully. ID:320
12-21-2023 @ 11:21:35 - > Finished importing user 320
12-21-2023 @ 11:21:35 - Row :101 - User imported successfully.
12-21-2023 @ 11:21:35 - Row :102 - Parsing item.
12-21-2023 @ 11:21:35 - Row :102 - Processing item.
12-21-2023 @ 11:21:35 - Processing users.
12-21-2023 @ 11:21:35 - > &#8220;321&#8221;User imported successfully. ID:321
12-21-2023 @ 11:21:35 - > Finished importing user 321
12-21-2023 @ 11:21:35 - Row :102 - User imported successfully.
12-21-2023 @ 11:21:35 - Row :103 - Parsing item.
12-21-2023 @ 11:21:35 - Row :103 - Processing item.
12-21-2023 @ 11:21:35 - Processing users.
12-21-2023 @ 11:21:35 - > &#8220;322&#8221;User imported successfully. ID:322
12-21-2023 @ 11:21:35 - > Finished importing user 322
12-21-2023 @ 11:21:35 - Row :103 - User imported successfully.
12-21-2023 @ 11:21:35 - Row :104 - Parsing item.
12-21-2023 @ 11:21:35 - Row :104 - Processing item.
12-21-2023 @ 11:21:35 - Processing users.
12-21-2023 @ 11:21:35 - > &#8220;323&#8221;User imported successfully. ID:323
12-21-2023 @ 11:21:35 - > Finished importing user 323
12-21-2023 @ 11:21:35 - Row :104 - User imported successfully.
12-21-2023 @ 11:21:35 - Row :105 - Parsing item.
12-21-2023 @ 11:21:35 - Row :105 - Processing item.
12-21-2023 @ 11:21:35 - Processing users.
12-21-2023 @ 11:21:35 - > &#8220;324&#8221;User imported successfully. ID:324
12-21-2023 @ 11:21:35 - > Finished importing user 324
12-21-2023 @ 11:21:35 - Row :105 - User imported successfully.
12-21-2023 @ 11:21:35 - Row :106 - Parsing item.
12-21-2023 @ 11:21:35 - Row :106 - Processing item.
12-21-2023 @ 11:21:35 - Processing users.
12-21-2023 @ 11:21:35 - > &#8220;325&#8221;User imported successfully. ID:325
12-21-2023 @ 11:21:35 - > Finished importing user 325
12-21-2023 @ 11:21:35 - Row :106 - User imported successfully.
12-21-2023 @ 11:21:35 - Row :107 - Parsing item.
12-21-2023 @ 11:21:35 - Row :107 - Processing item.
12-21-2023 @ 11:21:35 - Processing users.
12-21-2023 @ 11:21:35 - > &#8220;326&#8221;User imported successfully. ID:326
12-21-2023 @ 11:21:35 - > Finished importing user 326
12-21-2023 @ 11:21:35 - Row :107 - User imported successfully.
12-21-2023 @ 11:21:35 - Row :108 - Parsing item.
12-21-2023 @ 11:21:35 - Row :108 - Processing item.
12-21-2023 @ 11:21:35 - Processing users.
12-21-2023 @ 11:21:35 - > &#8220;327&#8221;User imported successfully. ID:327
12-21-2023 @ 11:21:35 - > Finished importing user 327
12-21-2023 @ 11:21:35 - Row :108 - User imported successfully.
12-21-2023 @ 11:21:35 - Row :109 - Parsing item.
12-21-2023 @ 11:21:35 - Row :109 - Processing item.
12-21-2023 @ 11:21:35 - Processing users.
12-21-2023 @ 11:21:35 - > &#8220;328&#8221;User imported successfully. ID:328
12-21-2023 @ 11:21:35 - > Finished importing user 328
12-21-2023 @ 11:21:35 - Row :109 - User imported successfully.
12-21-2023 @ 11:21:35 - Row :110 - Parsing item.
12-21-2023 @ 11:21:35 - Row :110 - Processing item.
12-21-2023 @ 11:21:35 - Processing users.
12-21-2023 @ 11:21:35 - > &#8220;329&#8221;User imported successfully. ID:329
12-21-2023 @ 11:21:35 - > Finished importing user 329
12-21-2023 @ 11:21:35 - Row :110 - User imported successfully.
12-21-2023 @ 11:21:36 - Preparing for import.
12-21-2023 @ 11:21:36 - Row :111 - Parsing item.
12-21-2023 @ 11:21:36 - Row :111 - Processing item.
12-21-2023 @ 11:21:36 - Processing users.
12-21-2023 @ 11:21:36 - > &#8220;330&#8221;User imported successfully. ID:330
12-21-2023 @ 11:21:36 - > Finished importing user 330
12-21-2023 @ 11:21:36 - Row :111 - User imported successfully.
12-21-2023 @ 11:21:36 - Row :112 - Parsing item.
12-21-2023 @ 11:21:36 - Row :112 - Processing item.
12-21-2023 @ 11:21:36 - Processing users.
12-21-2023 @ 11:21:36 - > &#8220;331&#8221;User imported successfully. ID:331
12-21-2023 @ 11:21:36 - > Finished importing user 331
12-21-2023 @ 11:21:36 - Row :112 - User imported successfully.
12-21-2023 @ 11:21:36 - Row :113 - Parsing item.
12-21-2023 @ 11:21:36 - Row :113 - Processing item.
12-21-2023 @ 11:21:36 - Processing users.
12-21-2023 @ 11:21:36 - > &#8220;332&#8221;User imported successfully. ID:332
12-21-2023 @ 11:21:36 - > Finished importing user 332
12-21-2023 @ 11:21:36 - Row :113 - User imported successfully.
12-21-2023 @ 11:21:36 - Row :114 - Parsing item.
12-21-2023 @ 11:21:36 - Row :114 - Processing item.
12-21-2023 @ 11:21:36 - Processing users.
12-21-2023 @ 11:21:36 - > &#8220;333&#8221;User imported successfully. ID:333
12-21-2023 @ 11:21:36 - > Finished importing user 333
12-21-2023 @ 11:21:36 - Row :114 - User imported successfully.
12-21-2023 @ 11:21:36 - Row :115 - Parsing item.
12-21-2023 @ 11:21:36 - Row :115 - Processing item.
12-21-2023 @ 11:21:36 - Processing users.
12-21-2023 @ 11:21:36 - > &#8220;334&#8221;User imported successfully. ID:334
12-21-2023 @ 11:21:36 - > Finished importing user 334
12-21-2023 @ 11:21:36 - Row :115 - User imported successfully.
12-21-2023 @ 11:21:36 - Row :116 - Parsing item.
12-21-2023 @ 11:21:36 - Row :116 - Processing item.
12-21-2023 @ 11:21:36 - Processing users.
12-21-2023 @ 11:21:36 - > &#8220;335&#8221;User imported successfully. ID:335
12-21-2023 @ 11:21:36 - > Finished importing user 335
12-21-2023 @ 11:21:36 - Row :116 - User imported successfully.
12-21-2023 @ 11:21:36 - Row :117 - Parsing item.
12-21-2023 @ 11:21:36 - Row :117 - Processing item.
12-21-2023 @ 11:21:36 - Processing users.
12-21-2023 @ 11:21:36 - > &#8220;336&#8221;User imported successfully. ID:336
12-21-2023 @ 11:21:36 - > Finished importing user 336
12-21-2023 @ 11:21:36 - Row :117 - User imported successfully.
12-21-2023 @ 11:21:36 - Row :118 - Parsing item.
12-21-2023 @ 11:21:36 - Row :118 - Processing item.
12-21-2023 @ 11:21:36 - Processing users.
12-21-2023 @ 11:21:36 - > &#8220;337&#8221;User imported successfully. ID:337
12-21-2023 @ 11:21:36 - > Finished importing user 337
12-21-2023 @ 11:21:36 - Row :118 - User imported successfully.
12-21-2023 @ 11:21:36 - Row :119 - Parsing item.
12-21-2023 @ 11:21:36 - Row :119 - Processing item.
12-21-2023 @ 11:21:36 - Processing users.
12-21-2023 @ 11:21:36 - > &#8220;338&#8221;User imported successfully. ID:338
12-21-2023 @ 11:21:36 - > Finished importing user 338
12-21-2023 @ 11:21:36 - Row :119 - User imported successfully.
12-21-2023 @ 11:21:36 - Row :120 - Parsing item.
12-21-2023 @ 11:21:36 - Row :120 - Processing item.
12-21-2023 @ 11:21:36 - Processing users.
12-21-2023 @ 11:21:36 - > &#8220;339&#8221;User imported successfully. ID:339
12-21-2023 @ 11:21:36 - > Finished importing user 339
12-21-2023 @ 11:21:36 - Row :120 - User imported successfully.
12-21-2023 @ 11:21:37 - Preparing for import.
12-21-2023 @ 11:21:37 - Row :121 - Parsing item.
12-21-2023 @ 11:21:37 - Row :121 - Processing item.
12-21-2023 @ 11:21:37 - Processing users.
12-21-2023 @ 11:21:37 - > &#8220;340&#8221;User imported successfully. ID:340
12-21-2023 @ 11:21:37 - > Finished importing user 340
12-21-2023 @ 11:21:37 - Row :121 - User imported successfully.
12-21-2023 @ 11:21:37 - Row :122 - Parsing item.
12-21-2023 @ 11:21:37 - Row :122 - Processing item.
12-21-2023 @ 11:21:37 - Processing users.
12-21-2023 @ 11:21:37 - > &#8220;341&#8221;User imported successfully. ID:341
12-21-2023 @ 11:21:37 - > Finished importing user 341
12-21-2023 @ 11:21:37 - Row :122 - User imported successfully.
12-21-2023 @ 11:21:37 - Row :123 - Parsing item.
12-21-2023 @ 11:21:37 - Row :123 - Processing item.
12-21-2023 @ 11:21:37 - Processing users.
12-21-2023 @ 11:21:37 - > &#8220;342&#8221;User imported successfully. ID:342
12-21-2023 @ 11:21:37 - > Finished importing user 342
12-21-2023 @ 11:21:37 - Row :123 - User imported successfully.
12-21-2023 @ 11:21:37 - Row :124 - Parsing item.
12-21-2023 @ 11:21:37 - Row :124 - Processing item.
12-21-2023 @ 11:21:37 - Processing users.
12-21-2023 @ 11:21:37 - > &#8220;343&#8221;User imported successfully. ID:343
12-21-2023 @ 11:21:37 - > Finished importing user 343
12-21-2023 @ 11:21:37 - Row :124 - User imported successfully.
12-21-2023 @ 11:21:37 - Row :125 - Parsing item.
12-21-2023 @ 11:21:37 - Row :125 - Processing item.
12-21-2023 @ 11:21:37 - Processing users.
12-21-2023 @ 11:21:38 - > &#8220;344&#8221;User imported successfully. ID:344
12-21-2023 @ 11:21:38 - > Finished importing user 344
12-21-2023 @ 11:21:38 - Row :125 - User imported successfully.
12-21-2023 @ 11:21:38 - Row :126 - Parsing item.
12-21-2023 @ 11:21:38 - Row :126 - Processing item.
12-21-2023 @ 11:21:38 - Processing users.
12-21-2023 @ 11:21:38 - > &#8220;345&#8221;User imported successfully. ID:345
12-21-2023 @ 11:21:38 - > Finished importing user 345
12-21-2023 @ 11:21:38 - Row :126 - User imported successfully.
12-21-2023 @ 11:21:38 - Row :127 - Parsing item.
12-21-2023 @ 11:21:38 - Row :127 - Processing item.
12-21-2023 @ 11:21:38 - Processing users.
12-21-2023 @ 11:21:38 - > &#8220;346&#8221;User imported successfully. ID:346
12-21-2023 @ 11:21:38 - > Finished importing user 346
12-21-2023 @ 11:21:38 - Row :127 - User imported successfully.
12-21-2023 @ 11:21:38 - Row :128 - Parsing item.
12-21-2023 @ 11:21:38 - Row :128 - Processing item.
12-21-2023 @ 11:21:38 - Processing users.
12-21-2023 @ 11:21:38 - > &#8220;347&#8221;User imported successfully. ID:347
12-21-2023 @ 11:21:38 - > Finished importing user 347
12-21-2023 @ 11:21:38 - Row :128 - User imported successfully.
12-21-2023 @ 11:21:38 - Row :129 - Parsing item.
12-21-2023 @ 11:21:38 - Row :129 - Processing item.
12-21-2023 @ 11:21:38 - Processing users.
12-21-2023 @ 11:21:38 - > &#8220;348&#8221;User imported successfully. ID:348
12-21-2023 @ 11:21:38 - > Finished importing user 348
12-21-2023 @ 11:21:38 - Row :129 - User imported successfully.
12-21-2023 @ 11:21:38 - Row :130 - Parsing item.
12-21-2023 @ 11:21:38 - Row :130 - Processing item.
12-21-2023 @ 11:21:38 - Processing users.
12-21-2023 @ 11:21:38 - > &#8220;349&#8221;User imported successfully. ID:349
12-21-2023 @ 11:21:38 - > Finished importing user 349
12-21-2023 @ 11:21:38 - Row :130 - User imported successfully.
12-21-2023 @ 11:21:39 - Preparing for import.
12-21-2023 @ 11:21:39 - Row :131 - Parsing item.
12-21-2023 @ 11:21:39 - Row :131 - Processing item.
12-21-2023 @ 11:21:39 - Processing users.
12-21-2023 @ 11:21:39 - > &#8220;350&#8221;User imported successfully. ID:350
12-21-2023 @ 11:21:39 - > Finished importing user 350
12-21-2023 @ 11:21:39 - Row :131 - User imported successfully.
12-21-2023 @ 11:21:39 - Row :132 - Parsing item.
12-21-2023 @ 11:21:39 - Row :132 - Processing item.
12-21-2023 @ 11:21:39 - Processing users.
12-21-2023 @ 11:21:39 - > &#8220;351&#8221;User imported successfully. ID:351
12-21-2023 @ 11:21:39 - > Finished importing user 351
12-21-2023 @ 11:21:39 - Row :132 - User imported successfully.
12-21-2023 @ 11:21:39 - Row :133 - Parsing item.
12-21-2023 @ 11:21:39 - Row :133 - Processing item.
12-21-2023 @ 11:21:39 - Processing users.
12-21-2023 @ 11:21:39 - > &#8220;352&#8221;User imported successfully. ID:352
12-21-2023 @ 11:21:39 - > Finished importing user 352
12-21-2023 @ 11:21:39 - Row :133 - User imported successfully.
12-21-2023 @ 11:21:39 - Row :134 - Parsing item.
12-21-2023 @ 11:21:39 - Row :134 - Processing item.
12-21-2023 @ 11:21:39 - Processing users.
12-21-2023 @ 11:21:39 - > &#8220;353&#8221;User imported successfully. ID:353
12-21-2023 @ 11:21:39 - > Finished importing user 353
12-21-2023 @ 11:21:39 - Row :134 - User imported successfully.
12-21-2023 @ 11:21:39 - Row :135 - Parsing item.
12-21-2023 @ 11:21:39 - Row :135 - Processing item.
12-21-2023 @ 11:21:39 - Processing users.
12-21-2023 @ 11:21:39 - > &#8220;354&#8221;User imported successfully. ID:354
12-21-2023 @ 11:21:39 - > Finished importing user 354
12-21-2023 @ 11:21:39 - Row :135 - User imported successfully.
12-21-2023 @ 11:21:39 - Row :136 - Parsing item.
12-21-2023 @ 11:21:39 - Row :136 - Processing item.
12-21-2023 @ 11:21:39 - Processing users.
12-21-2023 @ 11:21:39 - > &#8220;355&#8221;User imported successfully. ID:355
12-21-2023 @ 11:21:39 - > Finished importing user 355
12-21-2023 @ 11:21:39 - Row :136 - User imported successfully.
12-21-2023 @ 11:21:39 - Row :137 - Parsing item.
12-21-2023 @ 11:21:39 - Row :137 - Processing item.
12-21-2023 @ 11:21:39 - Processing users.
12-21-2023 @ 11:21:39 - > &#8220;356&#8221;User imported successfully. ID:356
12-21-2023 @ 11:21:39 - > Finished importing user 356
12-21-2023 @ 11:21:39 - Row :137 - User imported successfully.
12-21-2023 @ 11:21:39 - Row :138 - Parsing item.
12-21-2023 @ 11:21:39 - Row :138 - Processing item.
12-21-2023 @ 11:21:39 - Processing users.
12-21-2023 @ 11:21:39 - > &#8220;357&#8221;User imported successfully. ID:357
12-21-2023 @ 11:21:39 - > Finished importing user 357
12-21-2023 @ 11:21:39 - Row :138 - User imported successfully.
12-21-2023 @ 11:21:39 - Row :139 - Parsing item.
12-21-2023 @ 11:21:39 - Row :139 - Processing item.
12-21-2023 @ 11:21:39 - Processing users.
12-21-2023 @ 11:21:39 - > &#8220;358&#8221;User imported successfully. ID:358
12-21-2023 @ 11:21:39 - > Finished importing user 358
12-21-2023 @ 11:21:39 - Row :139 - User imported successfully.
12-21-2023 @ 11:21:39 - Row :140 - Parsing item.
12-21-2023 @ 11:21:39 - Row :140 - Processing item.
12-21-2023 @ 11:21:39 - Processing users.
12-21-2023 @ 11:21:39 - > &#8220;359&#8221;User imported successfully. ID:359
12-21-2023 @ 11:21:39 - > Finished importing user 359
12-21-2023 @ 11:21:39 - Row :140 - User imported successfully.
12-21-2023 @ 11:21:40 - Preparing for import.
12-21-2023 @ 11:21:40 - Row :141 - Parsing item.
12-21-2023 @ 11:21:40 - Row :141 - Processing item.
12-21-2023 @ 11:21:40 - Processing users.
12-21-2023 @ 11:21:40 - > &#8220;360&#8221;User imported successfully. ID:360
12-21-2023 @ 11:21:40 - > Finished importing user 360
12-21-2023 @ 11:21:40 - Row :141 - User imported successfully.
12-21-2023 @ 11:21:40 - Row :142 - Parsing item.
12-21-2023 @ 11:21:40 - Row :142 - Processing item.
12-21-2023 @ 11:21:40 - Processing users.
12-21-2023 @ 11:21:40 - > &#8220;361&#8221;User imported successfully. ID:361
12-21-2023 @ 11:21:40 - > Finished importing user 361
12-21-2023 @ 11:21:40 - Row :142 - User imported successfully.
12-21-2023 @ 11:21:40 - Row :143 - Parsing item.
12-21-2023 @ 11:21:40 - Row :143 - Processing item.
12-21-2023 @ 11:21:40 - Processing users.
12-21-2023 @ 11:21:40 - > &#8220;362&#8221;User imported successfully. ID:362
12-21-2023 @ 11:21:40 - > Finished importing user 362
12-21-2023 @ 11:21:40 - Row :143 - User imported successfully.
12-21-2023 @ 11:21:40 - Row :144 - Parsing item.
12-21-2023 @ 11:21:40 - Row :144 - Processing item.
12-21-2023 @ 11:21:40 - Processing users.
12-21-2023 @ 11:21:40 - > &#8220;363&#8221;User imported successfully. ID:363
12-21-2023 @ 11:21:40 - > Finished importing user 363
12-21-2023 @ 11:21:40 - Row :144 - User imported successfully.
12-21-2023 @ 11:21:40 - Row :145 - Parsing item.
12-21-2023 @ 11:21:40 - Row :145 - Processing item.
12-21-2023 @ 11:21:40 - Processing users.
12-21-2023 @ 11:21:40 - > &#8220;364&#8221;User imported successfully. ID:364
12-21-2023 @ 11:21:40 - > Finished importing user 364
12-21-2023 @ 11:21:40 - Row :145 - User imported successfully.
12-21-2023 @ 11:21:40 - Row :146 - Parsing item.
12-21-2023 @ 11:21:40 - Row :146 - Processing item.
12-21-2023 @ 11:21:40 - Processing users.
12-21-2023 @ 11:21:40 - > &#8220;365&#8221;User imported successfully. ID:365
12-21-2023 @ 11:21:40 - > Finished importing user 365
12-21-2023 @ 11:21:40 - Row :146 - User imported successfully.
12-21-2023 @ 11:21:40 - Row :147 - Parsing item.
12-21-2023 @ 11:21:40 - Row :147 - Processing item.
12-21-2023 @ 11:21:40 - Processing users.
12-21-2023 @ 11:21:40 - > &#8220;366&#8221;User imported successfully. ID:366
12-21-2023 @ 11:21:40 - > Finished importing user 366
12-21-2023 @ 11:21:40 - Row :147 - User imported successfully.
12-21-2023 @ 11:21:40 - Row :148 - Parsing item.
12-21-2023 @ 11:21:40 - Row :148 - Processing item.
12-21-2023 @ 11:21:40 - Processing users.
12-21-2023 @ 11:21:41 - > &#8220;367&#8221;User imported successfully. ID:367
12-21-2023 @ 11:21:41 - > Finished importing user 367
12-21-2023 @ 11:21:41 - Row :148 - User imported successfully.
12-21-2023 @ 11:21:41 - Row :149 - Parsing item.
12-21-2023 @ 11:21:41 - Row :149 - Processing item.
12-21-2023 @ 11:21:41 - Processing users.
12-21-2023 @ 11:21:41 - > &#8220;368&#8221;User imported successfully. ID:368
12-21-2023 @ 11:21:41 - > Finished importing user 368
12-21-2023 @ 11:21:41 - Row :149 - User imported successfully.
12-21-2023 @ 11:21:41 - Row :150 - Parsing item.
12-21-2023 @ 11:21:41 - Row :150 - Processing item.
12-21-2023 @ 11:21:41 - Processing users.
12-21-2023 @ 11:21:41 - > &#8220;369&#8221;User imported successfully. ID:369
12-21-2023 @ 11:21:41 - > Finished importing user 369
12-21-2023 @ 11:21:41 - Row :150 - User imported successfully.
12-21-2023 @ 11:21:42 - Preparing for import.
12-21-2023 @ 11:21:42 - Row :151 - Parsing item.
12-21-2023 @ 11:21:42 - Row :151 - Processing item.
12-21-2023 @ 11:21:42 - Processing users.
12-21-2023 @ 11:21:42 - > &#8220;370&#8221;User imported successfully. ID:370
12-21-2023 @ 11:21:42 - > Finished importing user 370
12-21-2023 @ 11:21:42 - Row :151 - User imported successfully.
12-21-2023 @ 11:21:42 - Row :152 - Parsing item.
12-21-2023 @ 11:21:42 - Row :152 - Processing item.
12-21-2023 @ 11:21:42 - Processing users.
12-21-2023 @ 11:21:42 - > &#8220;371&#8221;User imported successfully. ID:371
12-21-2023 @ 11:21:42 - > Finished importing user 371
12-21-2023 @ 11:21:42 - Row :152 - User imported successfully.
12-21-2023 @ 11:21:42 - Row :153 - Parsing item.
12-21-2023 @ 11:21:42 - Row :153 - Processing item.
12-21-2023 @ 11:21:42 - Processing users.
12-21-2023 @ 11:21:42 - > &#8220;372&#8221;User imported successfully. ID:372
12-21-2023 @ 11:21:42 - > Finished importing user 372
12-21-2023 @ 11:21:42 - Row :153 - User imported successfully.
12-21-2023 @ 11:21:42 - Row :154 - Parsing item.
12-21-2023 @ 11:21:42 - Row :154 - Processing item.
12-21-2023 @ 11:21:42 - Processing users.
12-21-2023 @ 11:21:42 - > &#8220;373&#8221;User imported successfully. ID:373
12-21-2023 @ 11:21:42 - > Finished importing user 373
12-21-2023 @ 11:21:42 - Row :154 - User imported successfully.
12-21-2023 @ 11:21:42 - Row :155 - Parsing item.
12-21-2023 @ 11:21:42 - Row :155 - Processing item.
12-21-2023 @ 11:21:42 - Processing users.
12-21-2023 @ 11:21:42 - > &#8220;374&#8221;User imported successfully. ID:374
12-21-2023 @ 11:21:42 - > Finished importing user 374
12-21-2023 @ 11:21:42 - Row :155 - User imported successfully.
12-21-2023 @ 11:21:42 - Row :156 - Parsing item.
12-21-2023 @ 11:21:42 - Row :156 - Processing item.
12-21-2023 @ 11:21:42 - Processing users.
12-21-2023 @ 11:21:42 - > &#8220;375&#8221;User imported successfully. ID:375
12-21-2023 @ 11:21:42 - > Finished importing user 375
12-21-2023 @ 11:21:42 - Row :156 - User imported successfully.
12-21-2023 @ 11:21:42 - Row :157 - Parsing item.
12-21-2023 @ 11:21:42 - Row :157 - Processing item.
12-21-2023 @ 11:21:42 - Processing users.
12-21-2023 @ 11:21:42 - > &#8220;376&#8221;User imported successfully. ID:376
12-21-2023 @ 11:21:42 - > Finished importing user 376
12-21-2023 @ 11:21:42 - Row :157 - User imported successfully.
12-21-2023 @ 11:21:42 - Row :158 - Parsing item.
12-21-2023 @ 11:21:42 - Row :158 - Processing item.
12-21-2023 @ 11:21:42 - Processing users.
12-21-2023 @ 11:21:42 - > &#8220;377&#8221;User imported successfully. ID:377
12-21-2023 @ 11:21:42 - > Finished importing user 377
12-21-2023 @ 11:21:42 - Row :158 - User imported successfully.
12-21-2023 @ 11:21:42 - Row :159 - Parsing item.
12-21-2023 @ 11:21:42 - Row :159 - Processing item.
12-21-2023 @ 11:21:42 - Processing users.
12-21-2023 @ 11:21:42 - > &#8220;378&#8221;User imported successfully. ID:378
12-21-2023 @ 11:21:42 - > Finished importing user 378
12-21-2023 @ 11:21:42 - Row :159 - User imported successfully.
12-21-2023 @ 11:21:42 - Row :160 - Parsing item.
12-21-2023 @ 11:21:42 - Row :160 - Processing item.
12-21-2023 @ 11:21:42 - Processing users.
12-21-2023 @ 11:21:42 - > &#8220;379&#8221;User imported successfully. ID:379
12-21-2023 @ 11:21:42 - > Finished importing user 379
12-21-2023 @ 11:21:42 - Row :160 - User imported successfully.
12-21-2023 @ 11:21:43 - Preparing for import.
12-21-2023 @ 11:21:43 - Row :161 - Parsing item.
12-21-2023 @ 11:21:43 - Row :161 - Processing item.
12-21-2023 @ 11:21:43 - Processing users.
12-21-2023 @ 11:21:43 - > &#8220;380&#8221;User imported successfully. ID:380
12-21-2023 @ 11:21:43 - > Finished importing user 380
12-21-2023 @ 11:21:43 - Row :161 - User imported successfully.
12-21-2023 @ 11:21:43 - Row :162 - Parsing item.
12-21-2023 @ 11:21:43 - Row :162 - Processing item.
12-21-2023 @ 11:21:43 - Processing users.
12-21-2023 @ 11:21:43 - > &#8220;381&#8221;User imported successfully. ID:381
12-21-2023 @ 11:21:43 - > Finished importing user 381
12-21-2023 @ 11:21:43 - Row :162 - User imported successfully.
12-21-2023 @ 11:21:43 - Row :163 - Parsing item.
12-21-2023 @ 11:21:43 - Row :163 - Processing item.
12-21-2023 @ 11:21:43 - Processing users.
12-21-2023 @ 11:21:43 - > &#8220;382&#8221;User imported successfully. ID:382
12-21-2023 @ 11:21:43 - > Finished importing user 382
12-21-2023 @ 11:21:43 - Row :163 - User imported successfully.
12-21-2023 @ 11:21:43 - Row :164 - Parsing item.
12-21-2023 @ 11:21:43 - Row :164 - Processing item.
12-21-2023 @ 11:21:43 - Processing users.
12-21-2023 @ 11:21:43 - > &#8220;383&#8221;User imported successfully. ID:383
12-21-2023 @ 11:21:43 - > Finished importing user 383
12-21-2023 @ 11:21:43 - Row :164 - User imported successfully.
12-21-2023 @ 11:21:43 - Row :165 - Parsing item.
12-21-2023 @ 11:21:43 - Row :165 - Processing item.
12-21-2023 @ 11:21:43 - Processing users.
12-21-2023 @ 11:21:43 - > &#8220;384&#8221;User imported successfully. ID:384
12-21-2023 @ 11:21:43 - > Finished importing user 384
12-21-2023 @ 11:21:43 - Row :165 - User imported successfully.
12-21-2023 @ 11:21:43 - Row :166 - Parsing item.
12-21-2023 @ 11:21:43 - Row :166 - Processing item.
12-21-2023 @ 11:21:43 - Processing users.
12-21-2023 @ 11:21:43 - > &#8220;385&#8221;User imported successfully. ID:385
12-21-2023 @ 11:21:43 - > Finished importing user 385
12-21-2023 @ 11:21:43 - Row :166 - User imported successfully.
12-21-2023 @ 11:21:43 - Row :167 - Parsing item.
12-21-2023 @ 11:21:43 - Row :167 - Processing item.
12-21-2023 @ 11:21:43 - Processing users.
12-21-2023 @ 11:21:43 - > &#8220;386&#8221;User imported successfully. ID:386
12-21-2023 @ 11:21:43 - > Finished importing user 386
12-21-2023 @ 11:21:43 - Row :167 - User imported successfully.
12-21-2023 @ 11:21:43 - Row :168 - Parsing item.
12-21-2023 @ 11:21:43 - Row :168 - Processing item.
12-21-2023 @ 11:21:43 - Processing users.
12-21-2023 @ 11:21:43 - > &#8220;387&#8221;User imported successfully. ID:387
12-21-2023 @ 11:21:43 - > Finished importing user 387
12-21-2023 @ 11:21:43 - Row :168 - User imported successfully.
12-21-2023 @ 11:21:43 - Row :169 - Parsing item.
12-21-2023 @ 11:21:43 - Row :169 - Processing item.
12-21-2023 @ 11:21:43 - Processing users.
12-21-2023 @ 11:21:43 - > &#8220;388&#8221;User imported successfully. ID:388
12-21-2023 @ 11:21:43 - > Finished importing user 388
12-21-2023 @ 11:21:43 - Row :169 - User imported successfully.
12-21-2023 @ 11:21:43 - Row :170 - Parsing item.
12-21-2023 @ 11:21:43 - Row :170 - Processing item.
12-21-2023 @ 11:21:43 - Processing users.
12-21-2023 @ 11:21:44 - > &#8220;389&#8221;User imported successfully. ID:389
12-21-2023 @ 11:21:44 - > Finished importing user 389
12-21-2023 @ 11:21:44 - Row :170 - User imported successfully.
12-21-2023 @ 11:21:44 - Preparing for import.
12-21-2023 @ 11:21:44 - Row :171 - Parsing item.
12-21-2023 @ 11:21:44 - Row :171 - Processing item.
12-21-2023 @ 11:21:44 - Processing users.
12-21-2023 @ 11:21:45 - > &#8220;390&#8221;User imported successfully. ID:390
12-21-2023 @ 11:21:45 - > Finished importing user 390
12-21-2023 @ 11:21:45 - Row :171 - User imported successfully.
12-21-2023 @ 11:21:45 - Row :172 - Parsing item.
12-21-2023 @ 11:21:45 - Row :172 - Processing item.
12-21-2023 @ 11:21:45 - Processing users.
12-21-2023 @ 11:21:45 - > &#8220;391&#8221;User imported successfully. ID:391
12-21-2023 @ 11:21:45 - > Finished importing user 391
12-21-2023 @ 11:21:45 - Row :172 - User imported successfully.
12-21-2023 @ 11:21:45 - Row :173 - Parsing item.
12-21-2023 @ 11:21:45 - Row :173 - Processing item.
12-21-2023 @ 11:21:45 - Processing users.
12-21-2023 @ 11:21:45 - > &#8220;392&#8221;User imported successfully. ID:392
12-21-2023 @ 11:21:45 - > Finished importing user 392
12-21-2023 @ 11:21:45 - Row :173 - User imported successfully.
12-21-2023 @ 11:21:45 - Row :174 - Parsing item.
12-21-2023 @ 11:21:45 - Row :174 - Processing item.
12-21-2023 @ 11:21:45 - Processing users.
12-21-2023 @ 11:21:45 - > &#8220;393&#8221;User imported successfully. ID:393
12-21-2023 @ 11:21:45 - > Finished importing user 393
12-21-2023 @ 11:21:45 - Row :174 - User imported successfully.
12-21-2023 @ 11:21:45 - Row :175 - Parsing item.
12-21-2023 @ 11:21:45 - Row :175 - Processing item.
12-21-2023 @ 11:21:45 - Processing users.
12-21-2023 @ 11:21:45 - > &#8220;394&#8221;User imported successfully. ID:394
12-21-2023 @ 11:21:45 - > Finished importing user 394
12-21-2023 @ 11:21:45 - Row :175 - User imported successfully.
12-21-2023 @ 11:21:45 - Row :176 - Parsing item.
12-21-2023 @ 11:21:45 - Row :176 - Processing item.
12-21-2023 @ 11:21:45 - Processing users.
12-21-2023 @ 11:21:45 - > &#8220;395&#8221;User imported successfully. ID:395
12-21-2023 @ 11:21:45 - > Finished importing user 395
12-21-2023 @ 11:21:45 - Row :176 - User imported successfully.
12-21-2023 @ 11:21:45 - Row :177 - Parsing item.
12-21-2023 @ 11:21:45 - Row :177 - Processing item.
12-21-2023 @ 11:21:45 - Processing users.
12-21-2023 @ 11:21:45 - > &#8220;396&#8221;User imported successfully. ID:396
12-21-2023 @ 11:21:45 - > Finished importing user 396
12-21-2023 @ 11:21:45 - Row :177 - User imported successfully.
12-21-2023 @ 11:21:45 - Row :178 - Parsing item.
12-21-2023 @ 11:21:45 - Row :178 - Processing item.
12-21-2023 @ 11:21:45 - Processing users.
12-21-2023 @ 11:21:45 - > &#8220;397&#8221;User imported successfully. ID:397
12-21-2023 @ 11:21:45 - > Finished importing user 397
12-21-2023 @ 11:21:45 - Row :178 - User imported successfully.
12-21-2023 @ 11:21:45 - Row :179 - Parsing item.
12-21-2023 @ 11:21:45 - Row :179 - Processing item.
12-21-2023 @ 11:21:45 - Processing users.
12-21-2023 @ 11:21:45 - > &#8220;398&#8221;User imported successfully. ID:398
12-21-2023 @ 11:21:45 - > Finished importing user 398
12-21-2023 @ 11:21:45 - Row :179 - User imported successfully.
12-21-2023 @ 11:21:45 - Row :180 - Parsing item.
12-21-2023 @ 11:21:45 - Row :180 - Processing item.
12-21-2023 @ 11:21:45 - Processing users.
12-21-2023 @ 11:21:45 - > &#8220;399&#8221;User imported successfully. ID:399
12-21-2023 @ 11:21:45 - > Finished importing user 399
12-21-2023 @ 11:21:45 - Row :180 - User imported successfully.
12-21-2023 @ 11:21:46 - Preparing for import.
12-21-2023 @ 11:21:46 - Row :181 - Parsing item.
12-21-2023 @ 11:21:46 - Row :181 - Processing item.
12-21-2023 @ 11:21:46 - Processing users.
12-21-2023 @ 11:21:46 - > &#8220;400&#8221;User imported successfully. ID:400
12-21-2023 @ 11:21:46 - > Finished importing user 400
12-21-2023 @ 11:21:46 - Row :181 - User imported successfully.
12-21-2023 @ 11:21:46 - Row :182 - Parsing item.
12-21-2023 @ 11:21:46 - Row :182 - Processing item.
12-21-2023 @ 11:21:46 - Processing users.
12-21-2023 @ 11:21:46 - > &#8220;401&#8221;User imported successfully. ID:401
12-21-2023 @ 11:21:46 - > Finished importing user 401
12-21-2023 @ 11:21:46 - Row :182 - User imported successfully.
12-21-2023 @ 11:21:46 - Row :183 - Parsing item.
12-21-2023 @ 11:21:46 - Row :183 - Processing item.
12-21-2023 @ 11:21:46 - Processing users.
12-21-2023 @ 11:21:46 - > &#8220;402&#8221;User imported successfully. ID:402
12-21-2023 @ 11:21:46 - > Finished importing user 402
12-21-2023 @ 11:21:46 - Row :183 - User imported successfully.
12-21-2023 @ 11:21:46 - Row :184 - Parsing item.
12-21-2023 @ 11:21:46 - Row :184 - Processing item.
12-21-2023 @ 11:21:46 - Processing users.
12-21-2023 @ 11:21:46 - > &#8220;403&#8221;User imported successfully. ID:403
12-21-2023 @ 11:21:46 - > Finished importing user 403
12-21-2023 @ 11:21:46 - Row :184 - User imported successfully.
12-21-2023 @ 11:21:46 - Row :185 - Parsing item.
12-21-2023 @ 11:21:46 - Row :185 - Processing item.
12-21-2023 @ 11:21:46 - Processing users.
12-21-2023 @ 11:21:46 - > &#8220;404&#8221;User imported successfully. ID:404
12-21-2023 @ 11:21:46 - > Finished importing user 404
12-21-2023 @ 11:21:46 - Row :185 - User imported successfully.
12-21-2023 @ 11:21:46 - Row :186 - Parsing item.
12-21-2023 @ 11:21:46 - Row :186 - Processing item.
12-21-2023 @ 11:21:46 - Processing users.
12-21-2023 @ 11:21:46 - > &#8220;405&#8221;User imported successfully. ID:405
12-21-2023 @ 11:21:46 - > Finished importing user 405
12-21-2023 @ 11:21:46 - Row :186 - User imported successfully.
12-21-2023 @ 11:21:46 - Row :187 - Parsing item.
12-21-2023 @ 11:21:46 - Row :187 - Processing item.
12-21-2023 @ 11:21:46 - Processing users.
12-21-2023 @ 11:21:46 - > &#8220;406&#8221;User imported successfully. ID:406
12-21-2023 @ 11:21:46 - > Finished importing user 406
12-21-2023 @ 11:21:46 - Row :187 - User imported successfully.
12-21-2023 @ 11:21:46 - Row :188 - Parsing item.
12-21-2023 @ 11:21:46 - Row :188 - Processing item.
12-21-2023 @ 11:21:46 - Processing users.
12-21-2023 @ 11:21:46 - > &#8220;407&#8221;User imported successfully. ID:407
12-21-2023 @ 11:21:46 - > Finished importing user 407
12-21-2023 @ 11:21:46 - Row :188 - User imported successfully.
12-21-2023 @ 11:21:46 - Row :189 - Parsing item.
12-21-2023 @ 11:21:46 - Row :189 - Processing item.
12-21-2023 @ 11:21:46 - Processing users.
12-21-2023 @ 11:21:46 - > &#8220;408&#8221;User imported successfully. ID:408
12-21-2023 @ 11:21:46 - > Finished importing user 408
12-21-2023 @ 11:21:46 - Row :189 - User imported successfully.
12-21-2023 @ 11:21:46 - Row :190 - Parsing item.
12-21-2023 @ 11:21:46 - Row :190 - Processing item.
12-21-2023 @ 11:21:46 - Processing users.
12-21-2023 @ 11:21:46 - > &#8220;409&#8221;User imported successfully. ID:409
12-21-2023 @ 11:21:46 - > Finished importing user 409
12-21-2023 @ 11:21:46 - Row :190 - User imported successfully.
12-21-2023 @ 11:21:47 - Preparing for import.
12-21-2023 @ 11:21:47 - Row :191 - Parsing item.
12-21-2023 @ 11:21:47 - Row :191 - Processing item.
12-21-2023 @ 11:21:47 - Processing users.
12-21-2023 @ 11:21:47 - > &#8220;410&#8221;User imported successfully. ID:410
12-21-2023 @ 11:21:47 - > Finished importing user 410
12-21-2023 @ 11:21:47 - Row :191 - User imported successfully.
12-21-2023 @ 11:21:47 - Row :192 - Parsing item.
12-21-2023 @ 11:21:47 - Row :192 - Processing item.
12-21-2023 @ 11:21:47 - Processing users.
12-21-2023 @ 11:21:47 - > &#8220;411&#8221;User imported successfully. ID:411
12-21-2023 @ 11:21:47 - > Finished importing user 411
12-21-2023 @ 11:21:47 - Row :192 - User imported successfully.
12-21-2023 @ 11:21:47 - Row :193 - Parsing item.
12-21-2023 @ 11:21:47 - Row :193 - Processing item.
12-21-2023 @ 11:21:47 - Processing users.
12-21-2023 @ 11:21:48 - > &#8220;412&#8221;User imported successfully. ID:412
12-21-2023 @ 11:21:48 - > Finished importing user 412
12-21-2023 @ 11:21:48 - Row :193 - User imported successfully.
12-21-2023 @ 11:21:48 - Row :194 - Parsing item.
12-21-2023 @ 11:21:48 - Row :194 - Processing item.
12-21-2023 @ 11:21:48 - Processing users.
12-21-2023 @ 11:21:48 - > &#8220;413&#8221;User imported successfully. ID:413
12-21-2023 @ 11:21:48 - > Finished importing user 413
12-21-2023 @ 11:21:48 - Row :194 - User imported successfully.
12-21-2023 @ 11:21:48 - Row :195 - Parsing item.
12-21-2023 @ 11:21:48 - Row :195 - Processing item.
12-21-2023 @ 11:21:48 - Processing users.
12-21-2023 @ 11:21:48 - > &#8220;414&#8221;User imported successfully. ID:414
12-21-2023 @ 11:21:48 - > Finished importing user 414
12-21-2023 @ 11:21:48 - Row :195 - User imported successfully.
12-21-2023 @ 11:21:48 - Row :196 - Parsing item.
12-21-2023 @ 11:21:48 - Row :196 - Processing item.
12-21-2023 @ 11:21:48 - Processing users.
12-21-2023 @ 11:21:48 - > &#8220;415&#8221;User imported successfully. ID:415
12-21-2023 @ 11:21:48 - > Finished importing user 415
12-21-2023 @ 11:21:48 - Row :196 - User imported successfully.
12-21-2023 @ 11:21:48 - Row :197 - Parsing item.
12-21-2023 @ 11:21:48 - Row :197 - Processing item.
12-21-2023 @ 11:21:48 - Processing users.
12-21-2023 @ 11:21:48 - > &#8220;416&#8221;User imported successfully. ID:416
12-21-2023 @ 11:21:48 - > Finished importing user 416
12-21-2023 @ 11:21:48 - Row :197 - User imported successfully.
12-21-2023 @ 11:21:48 - Row :198 - Parsing item.
12-21-2023 @ 11:21:48 - Row :198 - Processing item.
12-21-2023 @ 11:21:48 - Processing users.
12-21-2023 @ 11:21:48 - > &#8220;417&#8221;User imported successfully. ID:417
12-21-2023 @ 11:21:48 - > Finished importing user 417
12-21-2023 @ 11:21:48 - Row :198 - User imported successfully.
12-21-2023 @ 11:21:48 - Row :199 - Parsing item.
12-21-2023 @ 11:21:48 - Row :199 - Processing item.
12-21-2023 @ 11:21:48 - Processing users.
12-21-2023 @ 11:21:48 - > &#8220;418&#8221;User imported successfully. ID:418
12-21-2023 @ 11:21:48 - > Finished importing user 418
12-21-2023 @ 11:21:48 - Row :199 - User imported successfully.
12-21-2023 @ 11:21:48 - Row :200 - Parsing item.
12-21-2023 @ 11:21:48 - Row :200 - Processing item.
12-21-2023 @ 11:21:48 - Processing users.
12-21-2023 @ 11:21:48 - > &#8220;419&#8221;User imported successfully. ID:419
12-21-2023 @ 11:21:48 - > Finished importing user 419
12-21-2023 @ 11:21:48 - Row :200 - User imported successfully.
12-21-2023 @ 11:21:49 - Preparing for import.
12-21-2023 @ 11:21:49 - Row :201 - Parsing item.
12-21-2023 @ 11:21:49 - Row :201 - Processing item.
12-21-2023 @ 11:21:49 - Processing users.
12-21-2023 @ 11:21:49 - > &#8220;420&#8221;User imported successfully. ID:420
12-21-2023 @ 11:21:49 - > Finished importing user 420
12-21-2023 @ 11:21:49 - Row :201 - User imported successfully.
12-21-2023 @ 11:21:49 - Row :202 - Parsing item.
12-21-2023 @ 11:21:49 - Row :202 - Processing item.
12-21-2023 @ 11:21:49 - Processing users.
12-21-2023 @ 11:21:49 - > &#8220;421&#8221;User imported successfully. ID:421
12-21-2023 @ 11:21:49 - > Finished importing user 421
12-21-2023 @ 11:21:49 - Row :202 - User imported successfully.
12-21-2023 @ 11:21:49 - Row :203 - Parsing item.
12-21-2023 @ 11:21:49 - Row :203 - Processing item.
12-21-2023 @ 11:21:49 - Processing users.
12-21-2023 @ 11:21:49 - > &#8220;422&#8221;User imported successfully. ID:422
12-21-2023 @ 11:21:49 - > Finished importing user 422
12-21-2023 @ 11:21:49 - Row :203 - User imported successfully.
12-21-2023 @ 11:21:49 - Row :204 - Parsing item.
12-21-2023 @ 11:21:49 - Row :204 - Processing item.
12-21-2023 @ 11:21:49 - Processing users.
12-21-2023 @ 11:21:49 - > &#8220;423&#8221;User imported successfully. ID:423
12-21-2023 @ 11:21:49 - > Finished importing user 423
12-21-2023 @ 11:21:49 - Row :204 - User imported successfully.
12-21-2023 @ 11:21:49 - Row :205 - Parsing item.
12-21-2023 @ 11:21:49 - Row :205 - Processing item.
12-21-2023 @ 11:21:49 - Processing users.
12-21-2023 @ 11:21:49 - > &#8220;424&#8221;User imported successfully. ID:424
12-21-2023 @ 11:21:49 - > Finished importing user 424
12-21-2023 @ 11:21:49 - Row :205 - User imported successfully.
12-21-2023 @ 11:21:49 - Row :206 - Parsing item.
12-21-2023 @ 11:21:49 - Row :206 - Processing item.
12-21-2023 @ 11:21:49 - Processing users.
12-21-2023 @ 11:21:49 - > &#8220;425&#8221;User imported successfully. ID:425
12-21-2023 @ 11:21:49 - > Finished importing user 425
12-21-2023 @ 11:21:49 - Row :206 - User imported successfully.
12-21-2023 @ 11:21:49 - Row :207 - Parsing item.
12-21-2023 @ 11:21:49 - Row :207 - Processing item.
12-21-2023 @ 11:21:49 - Processing users.
12-21-2023 @ 11:21:49 - > &#8220;426&#8221;User imported successfully. ID:426
12-21-2023 @ 11:21:49 - > Finished importing user 426
12-21-2023 @ 11:21:49 - Row :207 - User imported successfully.
12-21-2023 @ 11:21:49 - Row :208 - Parsing item.
12-21-2023 @ 11:21:49 - Row :208 - Processing item.
12-21-2023 @ 11:21:49 - Processing users.
12-21-2023 @ 11:21:49 - > &#8220;427&#8221;User imported successfully. ID:427
12-21-2023 @ 11:21:49 - > Finished importing user 427
12-21-2023 @ 11:21:49 - Row :208 - User imported successfully.
12-21-2023 @ 11:21:49 - Row :209 - Parsing item.
12-21-2023 @ 11:21:49 - Row :209 - Processing item.
12-21-2023 @ 11:21:49 - Processing users.
12-21-2023 @ 11:21:49 - > &#8220;428&#8221;User imported successfully. ID:428
12-21-2023 @ 11:21:49 - > Finished importing user 428
12-21-2023 @ 11:21:49 - Row :209 - User imported successfully.
12-21-2023 @ 11:21:49 - Row :210 - Parsing item.
12-21-2023 @ 11:21:49 - Row :210 - Processing item.
12-21-2023 @ 11:21:49 - Processing users.
12-21-2023 @ 11:21:50 - > &#8220;429&#8221;User imported successfully. ID:429
12-21-2023 @ 11:21:50 - > Finished importing user 429
12-21-2023 @ 11:21:50 - Row :210 - User imported successfully.
12-21-2023 @ 11:21:51 - Preparing for import.
12-21-2023 @ 11:21:51 - Row :211 - Parsing item.
12-21-2023 @ 11:21:51 - Row :211 - Processing item.
12-21-2023 @ 11:21:51 - Processing users.
12-21-2023 @ 11:21:51 - > &#8220;430&#8221;User imported successfully. ID:430
12-21-2023 @ 11:21:51 - > Finished importing user 430
12-21-2023 @ 11:21:51 - Row :211 - User imported successfully.
12-21-2023 @ 11:21:51 - Row :212 - Parsing item.
12-21-2023 @ 11:21:51 - Row :212 - Processing item.
12-21-2023 @ 11:21:51 - Processing users.
12-21-2023 @ 11:21:51 - > &#8220;431&#8221;User imported successfully. ID:431
12-21-2023 @ 11:21:51 - > Finished importing user 431
12-21-2023 @ 11:21:51 - Row :212 - User imported successfully.
12-21-2023 @ 11:21:51 - Row :213 - Parsing item.
12-21-2023 @ 11:21:51 - Row :213 - Processing item.
12-21-2023 @ 11:21:51 - Processing users.
12-21-2023 @ 11:21:51 - > &#8220;432&#8221;User imported successfully. ID:432
12-21-2023 @ 11:21:51 - > Finished importing user 432
12-21-2023 @ 11:21:51 - Row :213 - User imported successfully.
12-21-2023 @ 11:21:51 - Row :214 - Parsing item.
12-21-2023 @ 11:21:51 - Row :214 - Processing item.
12-21-2023 @ 11:21:51 - Processing users.
12-21-2023 @ 11:21:51 - > &#8220;433&#8221;User imported successfully. ID:433
12-21-2023 @ 11:21:51 - > Finished importing user 433
12-21-2023 @ 11:21:51 - Row :214 - User imported successfully.
12-21-2023 @ 11:21:51 - Row :215 - Parsing item.
12-21-2023 @ 11:21:51 - Row :215 - Processing item.
12-21-2023 @ 11:21:51 - Processing users.
12-21-2023 @ 11:21:51 - > &#8220;434&#8221;User imported successfully. ID:434
12-21-2023 @ 11:21:51 - > Finished importing user 434
12-21-2023 @ 11:21:51 - Row :215 - User imported successfully.
12-21-2023 @ 11:21:51 - Row :216 - Parsing item.
12-21-2023 @ 11:21:51 - Row :216 - Processing item.
12-21-2023 @ 11:21:51 - Processing users.
12-21-2023 @ 11:21:51 - > &#8220;435&#8221;User imported successfully. ID:435
12-21-2023 @ 11:21:51 - > Finished importing user 435
12-21-2023 @ 11:21:51 - Row :216 - User imported successfully.
12-21-2023 @ 11:21:51 - Row :217 - Parsing item.
12-21-2023 @ 11:21:51 - Row :217 - Processing item.
12-21-2023 @ 11:21:51 - Processing users.
12-21-2023 @ 11:21:51 - > &#8220;436&#8221;User imported successfully. ID:436
12-21-2023 @ 11:21:51 - > Finished importing user 436
12-21-2023 @ 11:21:51 - Row :217 - User imported successfully.
12-21-2023 @ 11:21:51 - Row :218 - Parsing item.
12-21-2023 @ 11:21:51 - Row :218 - Processing item.
12-21-2023 @ 11:21:51 - Processing users.
12-21-2023 @ 11:21:51 - > &#8220;437&#8221;User imported successfully. ID:437
12-21-2023 @ 11:21:51 - > Finished importing user 437
12-21-2023 @ 11:21:51 - Row :218 - User imported successfully.
12-21-2023 @ 11:21:51 - ---[ Import ended at 2023-12-21 11:21:51]---
