12-21-2023 @ 11:27:00 - ---[ New import started at 2023-12-21 11:27:00 ] PHP Memory: 256 MB, WP Memory: 40 MB
12-21-2023 @ 11:27:00 - Preparing for import.
12-21-2023 @ 11:27:00 - Row :1 - Parsing item.
12-21-2023 @ 11:27:00 - Row :1 - Processing item.
12-21-2023 @ 11:27:00 - Processing users.
12-21-2023 @ 11:27:00 - > &#8220;438&#8221;User imported successfully. ID:438
12-21-2023 @ 11:27:00 - > Finished importing user 438
12-21-2023 @ 11:27:00 - Row :1 - User imported successfully.
12-21-2023 @ 11:27:00 - Row :2 - Parsing item.
12-21-2023 @ 11:27:00 - Row :2 - Processing item.
12-21-2023 @ 11:27:00 - Processing users.
12-21-2023 @ 11:27:00 - > &#8220;439&#8221;User imported successfully. ID:439
12-21-2023 @ 11:27:00 - > Finished importing user 439
12-21-2023 @ 11:27:00 - Row :2 - User imported successfully.
12-21-2023 @ 11:27:00 - Row :3 - Parsing item.
12-21-2023 @ 11:27:00 - Row :3 - Processing item.
12-21-2023 @ 11:27:00 - Processing users.
12-21-2023 @ 11:27:00 - > &#8220;440&#8221;User imported successfully. ID:440
12-21-2023 @ 11:27:00 - > Finished importing user 440
12-21-2023 @ 11:27:00 - Row :3 - User imported successfully.
12-21-2023 @ 11:27:00 - Row :4 - Parsing item.
12-21-2023 @ 11:27:00 - Row :4 - Processing item.
12-21-2023 @ 11:27:00 - Processing users.
12-21-2023 @ 11:27:00 - > &#8220;441&#8221;User imported successfully. ID:441
12-21-2023 @ 11:27:00 - > Finished importing user 441
12-21-2023 @ 11:27:00 - Row :4 - User imported successfully.
12-21-2023 @ 11:27:00 - Row :5 - Parsing item.
12-21-2023 @ 11:27:00 - Row :5 - Processing item.
12-21-2023 @ 11:27:00 - Processing users.
12-21-2023 @ 11:27:00 - > &#8220;442&#8221;User imported successfully. ID:442
12-21-2023 @ 11:27:00 - > Finished importing user 442
12-21-2023 @ 11:27:00 - Row :5 - User imported successfully.
12-21-2023 @ 11:27:00 - Row :6 - Parsing item.
12-21-2023 @ 11:27:00 - Row :6 - Processing item.
12-21-2023 @ 11:27:00 - Processing users.
12-21-2023 @ 11:27:00 - > &#8220;443&#8221;User imported successfully. ID:443
12-21-2023 @ 11:27:00 - > Finished importing user 443
12-21-2023 @ 11:27:00 - Row :6 - User imported successfully.
12-21-2023 @ 11:27:00 - Row :7 - Parsing item.
12-21-2023 @ 11:27:00 - Row :7 - Processing item.
12-21-2023 @ 11:27:00 - Processing users.
12-21-2023 @ 11:27:00 - > &#8220;444&#8221;User imported successfully. ID:444
12-21-2023 @ 11:27:00 - > Finished importing user 444
12-21-2023 @ 11:27:00 - Row :7 - User imported successfully.
12-21-2023 @ 11:27:00 - Row :8 - Parsing item.
12-21-2023 @ 11:27:00 - Row :8 - Processing item.
12-21-2023 @ 11:27:00 - Processing users.
12-21-2023 @ 11:27:00 - > &#8220;445&#8221;User imported successfully. ID:445
12-21-2023 @ 11:27:00 - > Finished importing user 445
12-21-2023 @ 11:27:00 - Row :8 - User imported successfully.
12-21-2023 @ 11:27:00 - Row :9 - Parsing item.
12-21-2023 @ 11:27:00 - Row :9 - Processing item.
12-21-2023 @ 11:27:00 - Processing users.
12-21-2023 @ 11:27:00 - > &#8220;446&#8221;User imported successfully. ID:446
12-21-2023 @ 11:27:00 - > Finished importing user 446
12-21-2023 @ 11:27:00 - Row :9 - User imported successfully.
12-21-2023 @ 11:27:00 - Row :10 - Parsing item.
12-21-2023 @ 11:27:00 - Row :10 - Processing item.
12-21-2023 @ 11:27:00 - Processing users.
12-21-2023 @ 11:27:00 - > &#8220;447&#8221;User imported successfully. ID:447
12-21-2023 @ 11:27:00 - > Finished importing user 447
12-21-2023 @ 11:27:00 - Row :10 - User imported successfully.
12-21-2023 @ 11:27:01 - Preparing for import.
12-21-2023 @ 11:27:01 - Row :11 - Parsing item.
12-21-2023 @ 11:27:01 - Row :11 - Processing item.
12-21-2023 @ 11:27:01 - Processing users.
12-21-2023 @ 11:27:01 - > &#8220;448&#8221;User imported successfully. ID:448
12-21-2023 @ 11:27:01 - > Finished importing user 448
12-21-2023 @ 11:27:01 - Row :11 - User imported successfully.
12-21-2023 @ 11:27:01 - Row :12 - Parsing item.
12-21-2023 @ 11:27:01 - Row :12 - Processing item.
12-21-2023 @ 11:27:01 - Processing users.
12-21-2023 @ 11:27:01 - > &#8220;449&#8221;User imported successfully. ID:449
12-21-2023 @ 11:27:01 - > Finished importing user 449
12-21-2023 @ 11:27:01 - Row :12 - User imported successfully.
12-21-2023 @ 11:27:01 - Row :13 - Parsing item.
12-21-2023 @ 11:27:01 - Row :13 - Processing item.
12-21-2023 @ 11:27:01 - Processing users.
12-21-2023 @ 11:27:02 - > &#8220;450&#8221;User imported successfully. ID:450
12-21-2023 @ 11:27:02 - > Finished importing user 450
12-21-2023 @ 11:27:02 - Row :13 - User imported successfully.
12-21-2023 @ 11:27:02 - Row :14 - Parsing item.
12-21-2023 @ 11:27:02 - Row :14 - Processing item.
12-21-2023 @ 11:27:02 - Processing users.
12-21-2023 @ 11:27:02 - > &#8220;451&#8221;User imported successfully. ID:451
12-21-2023 @ 11:27:02 - > Finished importing user 451
12-21-2023 @ 11:27:02 - Row :14 - User imported successfully.
12-21-2023 @ 11:27:02 - Row :15 - Parsing item.
12-21-2023 @ 11:27:02 - Row :15 - Processing item.
12-21-2023 @ 11:27:02 - Processing users.
12-21-2023 @ 11:27:02 - > &#8220;452&#8221;User imported successfully. ID:452
12-21-2023 @ 11:27:02 - > Finished importing user 452
12-21-2023 @ 11:27:02 - Row :15 - User imported successfully.
12-21-2023 @ 11:27:02 - Row :16 - Parsing item.
12-21-2023 @ 11:27:02 - Row :16 - Processing item.
12-21-2023 @ 11:27:02 - Processing users.
12-21-2023 @ 11:27:02 - > &#8220;453&#8221;User imported successfully. ID:453
12-21-2023 @ 11:27:02 - > Finished importing user 453
12-21-2023 @ 11:27:02 - Row :16 - User imported successfully.
12-21-2023 @ 11:27:02 - Row :17 - Parsing item.
12-21-2023 @ 11:27:02 - Row :17 - Processing item.
12-21-2023 @ 11:27:02 - Processing users.
12-21-2023 @ 11:27:02 - > &#8220;454&#8221;User imported successfully. ID:454
12-21-2023 @ 11:27:02 - > Finished importing user 454
12-21-2023 @ 11:27:02 - Row :17 - User imported successfully.
12-21-2023 @ 11:27:02 - Row :18 - Parsing item.
12-21-2023 @ 11:27:02 - Row :18 - Processing item.
12-21-2023 @ 11:27:02 - Processing users.
12-21-2023 @ 11:27:02 - > &#8220;455&#8221;User imported successfully. ID:455
12-21-2023 @ 11:27:02 - > Finished importing user 455
12-21-2023 @ 11:27:02 - Row :18 - User imported successfully.
12-21-2023 @ 11:27:02 - Row :19 - Parsing item.
12-21-2023 @ 11:27:02 - Row :19 - Processing item.
12-21-2023 @ 11:27:02 - Processing users.
12-21-2023 @ 11:27:02 - > &#8220;456&#8221;User imported successfully. ID:456
12-21-2023 @ 11:27:02 - > Finished importing user 456
12-21-2023 @ 11:27:02 - Row :19 - User imported successfully.
12-21-2023 @ 11:27:02 - Row :20 - Parsing item.
12-21-2023 @ 11:27:02 - Row :20 - Processing item.
12-21-2023 @ 11:27:02 - Processing users.
12-21-2023 @ 11:27:02 - > &#8220;457&#8221;User imported successfully. ID:457
12-21-2023 @ 11:27:02 - > Finished importing user 457
12-21-2023 @ 11:27:02 - Row :20 - User imported successfully.
12-21-2023 @ 11:27:03 - Preparing for import.
12-21-2023 @ 11:27:03 - Row :21 - Parsing item.
12-21-2023 @ 11:27:03 - Row :21 - Processing item.
12-21-2023 @ 11:27:03 - Processing users.
12-21-2023 @ 11:27:04 - > &#8220;458&#8221;User imported successfully. ID:458
12-21-2023 @ 11:27:04 - > Finished importing user 458
12-21-2023 @ 11:27:04 - Row :21 - User imported successfully.
12-21-2023 @ 11:27:04 - Row :22 - Parsing item.
12-21-2023 @ 11:27:04 - Row :22 - Processing item.
12-21-2023 @ 11:27:04 - Processing users.
12-21-2023 @ 11:27:04 - > &#8220;459&#8221;User imported successfully. ID:459
12-21-2023 @ 11:27:04 - > Finished importing user 459
12-21-2023 @ 11:27:04 - Row :22 - User imported successfully.
12-21-2023 @ 11:27:04 - Row :23 - Parsing item.
12-21-2023 @ 11:27:04 - Row :23 - Processing item.
12-21-2023 @ 11:27:04 - Processing users.
12-21-2023 @ 11:27:04 - > &#8220;460&#8221;User imported successfully. ID:460
12-21-2023 @ 11:27:04 - > Finished importing user 460
12-21-2023 @ 11:27:04 - Row :23 - User imported successfully.
12-21-2023 @ 11:27:04 - Row :24 - Parsing item.
12-21-2023 @ 11:27:04 - Row :24 - Processing item.
12-21-2023 @ 11:27:04 - Processing users.
12-21-2023 @ 11:27:04 - > &#8220;461&#8221;User imported successfully. ID:461
12-21-2023 @ 11:27:04 - > Finished importing user 461
12-21-2023 @ 11:27:04 - Row :24 - User imported successfully.
12-21-2023 @ 11:27:04 - Row :25 - Parsing item.
12-21-2023 @ 11:27:04 - Row :25 - Processing item.
12-21-2023 @ 11:27:04 - Processing users.
12-21-2023 @ 11:27:04 - > &#8220;462&#8221;User imported successfully. ID:462
12-21-2023 @ 11:27:04 - > Finished importing user 462
12-21-2023 @ 11:27:04 - Row :25 - User imported successfully.
12-21-2023 @ 11:27:04 - Row :26 - Parsing item.
12-21-2023 @ 11:27:04 - Row :26 - Processing item.
12-21-2023 @ 11:27:04 - Processing users.
12-21-2023 @ 11:27:04 - > &#8220;463&#8221;User imported successfully. ID:463
12-21-2023 @ 11:27:04 - > Finished importing user 463
12-21-2023 @ 11:27:04 - Row :26 - User imported successfully.
12-21-2023 @ 11:27:04 - Row :27 - Parsing item.
12-21-2023 @ 11:27:04 - Row :27 - Processing item.
12-21-2023 @ 11:27:04 - Processing users.
12-21-2023 @ 11:27:04 - > &#8220;464&#8221;User imported successfully. ID:464
12-21-2023 @ 11:27:04 - > Finished importing user 464
12-21-2023 @ 11:27:04 - Row :27 - User imported successfully.
12-21-2023 @ 11:27:04 - Row :28 - Parsing item.
12-21-2023 @ 11:27:04 - Row :28 - Processing item.
12-21-2023 @ 11:27:04 - Processing users.
12-21-2023 @ 11:27:04 - > &#8220;465&#8221;User imported successfully. ID:465
12-21-2023 @ 11:27:04 - > Finished importing user 465
12-21-2023 @ 11:27:04 - Row :28 - User imported successfully.
12-21-2023 @ 11:27:04 - Row :29 - Parsing item.
12-21-2023 @ 11:27:04 - Row :29 - Processing item.
12-21-2023 @ 11:27:04 - Processing users.
12-21-2023 @ 11:27:04 - > &#8220;466&#8221;User imported successfully. ID:466
12-21-2023 @ 11:27:04 - > Finished importing user 466
12-21-2023 @ 11:27:04 - Row :29 - User imported successfully.
12-21-2023 @ 11:27:04 - Row :30 - Parsing item.
12-21-2023 @ 11:27:04 - Row :30 - Processing item.
12-21-2023 @ 11:27:04 - Processing users.
12-21-2023 @ 11:27:04 - > &#8220;467&#8221;User imported successfully. ID:467
12-21-2023 @ 11:27:04 - > Finished importing user 467
12-21-2023 @ 11:27:04 - Row :30 - User imported successfully.
12-21-2023 @ 11:27:05 - Preparing for import.
12-21-2023 @ 11:27:05 - Row :31 - Parsing item.
12-21-2023 @ 11:27:05 - Row :31 - Processing item.
12-21-2023 @ 11:27:05 - Processing users.
12-21-2023 @ 11:27:05 - > &#8220;468&#8221;User imported successfully. ID:468
12-21-2023 @ 11:27:05 - > Finished importing user 468
12-21-2023 @ 11:27:05 - Row :31 - User imported successfully.
12-21-2023 @ 11:27:05 - Row :32 - Parsing item.
12-21-2023 @ 11:27:05 - Row :32 - Processing item.
12-21-2023 @ 11:27:05 - Processing users.
12-21-2023 @ 11:27:05 - > &#8220;469&#8221;User imported successfully. ID:469
12-21-2023 @ 11:27:05 - > Finished importing user 469
12-21-2023 @ 11:27:05 - Row :32 - User imported successfully.
12-21-2023 @ 11:27:05 - Row :33 - Parsing item.
12-21-2023 @ 11:27:05 - Row :33 - Processing item.
12-21-2023 @ 11:27:05 - Processing users.
12-21-2023 @ 11:27:05 - > &#8220;470&#8221;User imported successfully. ID:470
12-21-2023 @ 11:27:05 - > Finished importing user 470
12-21-2023 @ 11:27:05 - Row :33 - User imported successfully.
12-21-2023 @ 11:27:05 - Row :34 - Parsing item.
12-21-2023 @ 11:27:05 - Row :34 - Processing item.
12-21-2023 @ 11:27:05 - Processing users.
12-21-2023 @ 11:27:05 - > &#8220;471&#8221;User imported successfully. ID:471
12-21-2023 @ 11:27:05 - > Finished importing user 471
12-21-2023 @ 11:27:05 - Row :34 - User imported successfully.
12-21-2023 @ 11:27:05 - Row :35 - Parsing item.
12-21-2023 @ 11:27:05 - Row :35 - Processing item.
12-21-2023 @ 11:27:05 - Processing users.
12-21-2023 @ 11:27:05 - > &#8220;472&#8221;User imported successfully. ID:472
12-21-2023 @ 11:27:05 - > Finished importing user 472
12-21-2023 @ 11:27:05 - Row :35 - User imported successfully.
12-21-2023 @ 11:27:05 - Row :36 - Parsing item.
12-21-2023 @ 11:27:05 - Row :36 - Processing item.
12-21-2023 @ 11:27:05 - Processing users.
12-21-2023 @ 11:27:05 - > &#8220;473&#8221;User imported successfully. ID:473
12-21-2023 @ 11:27:05 - > Finished importing user 473
12-21-2023 @ 11:27:05 - Row :36 - User imported successfully.
12-21-2023 @ 11:27:05 - Row :37 - Parsing item.
12-21-2023 @ 11:27:05 - Row :37 - Processing item.
12-21-2023 @ 11:27:05 - Processing users.
12-21-2023 @ 11:27:05 - > &#8220;474&#8221;User imported successfully. ID:474
12-21-2023 @ 11:27:05 - > Finished importing user 474
12-21-2023 @ 11:27:05 - Row :37 - User imported successfully.
12-21-2023 @ 11:27:05 - Row :38 - Parsing item.
12-21-2023 @ 11:27:05 - Row :38 - Processing item.
12-21-2023 @ 11:27:05 - Processing users.
12-21-2023 @ 11:27:05 - > &#8220;475&#8221;User imported successfully. ID:475
12-21-2023 @ 11:27:05 - > Finished importing user 475
12-21-2023 @ 11:27:05 - Row :38 - User imported successfully.
12-21-2023 @ 11:27:05 - Row :39 - Parsing item.
12-21-2023 @ 11:27:05 - Row :39 - Processing item.
12-21-2023 @ 11:27:05 - Processing users.
12-21-2023 @ 11:27:05 - > &#8220;476&#8221;User imported successfully. ID:476
12-21-2023 @ 11:27:05 - > Finished importing user 476
12-21-2023 @ 11:27:05 - Row :39 - User imported successfully.
12-21-2023 @ 11:27:05 - Row :40 - Parsing item.
12-21-2023 @ 11:27:05 - Row :40 - Processing item.
12-21-2023 @ 11:27:05 - Processing users.
12-21-2023 @ 11:27:05 - > &#8220;477&#8221;User imported successfully. ID:477
12-21-2023 @ 11:27:05 - > Finished importing user 477
12-21-2023 @ 11:27:05 - Row :40 - User imported successfully.
12-21-2023 @ 11:27:06 - Preparing for import.
12-21-2023 @ 11:27:06 - Row :41 - Parsing item.
12-21-2023 @ 11:27:06 - Row :41 - Processing item.
12-21-2023 @ 11:27:06 - Processing users.
12-21-2023 @ 11:27:06 - > &#8220;478&#8221;User imported successfully. ID:478
12-21-2023 @ 11:27:06 - > Finished importing user 478
12-21-2023 @ 11:27:06 - Row :41 - User imported successfully.
12-21-2023 @ 11:27:06 - Row :42 - Parsing item.
12-21-2023 @ 11:27:06 - Row :42 - Processing item.
12-21-2023 @ 11:27:06 - Processing users.
12-21-2023 @ 11:27:06 - > &#8220;479&#8221;User imported successfully. ID:479
12-21-2023 @ 11:27:06 - > Finished importing user 479
12-21-2023 @ 11:27:06 - Row :42 - User imported successfully.
12-21-2023 @ 11:27:06 - Row :43 - Parsing item.
12-21-2023 @ 11:27:06 - Row :43 - Processing item.
12-21-2023 @ 11:27:06 - Processing users.
12-21-2023 @ 11:27:06 - > &#8220;480&#8221;User imported successfully. ID:480
12-21-2023 @ 11:27:06 - > Finished importing user 480
12-21-2023 @ 11:27:06 - Row :43 - User imported successfully.
12-21-2023 @ 11:27:06 - ---[ Import ended at 2023-12-21 11:27:06]---
