12-21-2023 @ 11:28:55 - ---[ New import started at 2023-12-21 11:28:55 ] PHP Memory: 256 MB, WP Memory: 40 MB
12-21-2023 @ 11:28:55 - Preparing for import.
12-21-2023 @ 11:28:55 - Row :1 - Parsing item.
12-21-2023 @ 11:28:55 - Row :1 - Processing item.
12-21-2023 @ 11:28:55 - Processing users.
12-21-2023 @ 11:28:55 - > &#8220;481&#8221;User imported successfully. ID:481
12-21-2023 @ 11:28:55 - > Finished importing user 481
12-21-2023 @ 11:28:55 - Row :1 - User imported successfully.
12-21-2023 @ 11:28:55 - Row :2 - Parsing item.
12-21-2023 @ 11:28:55 - Row :2 - Processing item.
12-21-2023 @ 11:28:55 - Processing users.
12-21-2023 @ 11:28:55 - > &#8220;482&#8221;User imported successfully. ID:482
12-21-2023 @ 11:28:55 - > Finished importing user 482
12-21-2023 @ 11:28:55 - Row :2 - User imported successfully.
12-21-2023 @ 11:28:55 - Row :3 - Parsing item.
12-21-2023 @ 11:28:55 - Row :3 - Processing item.
12-21-2023 @ 11:28:55 - Processing users.
12-21-2023 @ 11:28:55 - > &#8220;483&#8221;User imported successfully. ID:483
12-21-2023 @ 11:28:55 - > Finished importing user 483
12-21-2023 @ 11:28:55 - Row :3 - User imported successfully.
12-21-2023 @ 11:28:55 - Row :4 - Parsing item.
12-21-2023 @ 11:28:55 - Row :4 - Processing item.
12-21-2023 @ 11:28:55 - Processing users.
12-21-2023 @ 11:28:56 - > &#8220;484&#8221;User imported successfully. ID:484
12-21-2023 @ 11:28:56 - > Finished importing user 484
12-21-2023 @ 11:28:56 - Row :4 - User imported successfully.
12-21-2023 @ 11:28:56 - Row :5 - Parsing item.
12-21-2023 @ 11:28:56 - Row :5 - Processing item.
12-21-2023 @ 11:28:56 - Processing users.
12-21-2023 @ 11:28:56 - > &#8220;485&#8221;User imported successfully. ID:485
12-21-2023 @ 11:28:56 - > Finished importing user 485
12-21-2023 @ 11:28:56 - Row :5 - User imported successfully.
12-21-2023 @ 11:28:56 - Row :6 - Parsing item.
12-21-2023 @ 11:28:56 - Row :6 - Processing item.
12-21-2023 @ 11:28:56 - Processing users.
12-21-2023 @ 11:28:56 - > &#8220;486&#8221;User imported successfully. ID:486
12-21-2023 @ 11:28:56 - > Finished importing user 486
12-21-2023 @ 11:28:56 - Row :6 - User imported successfully.
12-21-2023 @ 11:28:56 - Row :7 - Parsing item.
12-21-2023 @ 11:28:56 - Row :7 - Processing item.
12-21-2023 @ 11:28:56 - Processing users.
12-21-2023 @ 11:28:56 - > &#8220;487&#8221;User imported successfully. ID:487
12-21-2023 @ 11:28:56 - > Finished importing user 487
12-21-2023 @ 11:28:56 - Row :7 - User imported successfully.
12-21-2023 @ 11:28:56 - Row :8 - Parsing item.
12-21-2023 @ 11:28:56 - Row :8 - Processing item.
12-21-2023 @ 11:28:56 - Processing users.
12-21-2023 @ 11:28:56 - > &#8220;488&#8221;User imported successfully. ID:488
12-21-2023 @ 11:28:56 - > Finished importing user 488
12-21-2023 @ 11:28:56 - Row :8 - User imported successfully.
12-21-2023 @ 11:28:56 - Row :9 - Parsing item.
12-21-2023 @ 11:28:56 - Row :9 - Processing item.
12-21-2023 @ 11:28:56 - Processing users.
12-21-2023 @ 11:28:56 - > &#8220;489&#8221;User imported successfully. ID:489
12-21-2023 @ 11:28:56 - > Finished importing user 489
12-21-2023 @ 11:28:56 - Row :9 - User imported successfully.
12-21-2023 @ 11:28:56 - Row :10 - Parsing item.
12-21-2023 @ 11:28:56 - Row :10 - Parsing failed. Reason: User with same Email already exists. Email: dhiraj.kumar@thewinegroup.com
12-21-2023 @ 11:28:57 - Preparing for import.
12-21-2023 @ 11:28:57 - Row :11 - Parsing item.
12-21-2023 @ 11:28:57 - Row :11 - Processing item.
12-21-2023 @ 11:28:57 - Processing users.
12-21-2023 @ 11:28:57 - > &#8220;490&#8221;User imported successfully. ID:490
12-21-2023 @ 11:28:57 - > Finished importing user 490
12-21-2023 @ 11:28:57 - Row :11 - User imported successfully.
12-21-2023 @ 11:28:57 - Row :12 - Parsing item.
12-21-2023 @ 11:28:57 - Row :12 - Processing item.
12-21-2023 @ 11:28:57 - Processing users.
12-21-2023 @ 11:28:57 - > &#8220;491&#8221;User imported successfully. ID:491
12-21-2023 @ 11:28:57 - > Finished importing user 491
12-21-2023 @ 11:28:57 - Row :12 - User imported successfully.
12-21-2023 @ 11:28:57 - Row :13 - Parsing item.
12-21-2023 @ 11:28:57 - Row :13 - Processing item.
12-21-2023 @ 11:28:57 - Processing users.
12-21-2023 @ 11:28:57 - > &#8220;492&#8221;User imported successfully. ID:492
12-21-2023 @ 11:28:57 - > Finished importing user 492
12-21-2023 @ 11:28:57 - Row :13 - User imported successfully.
12-21-2023 @ 11:28:57 - Row :14 - Parsing item.
12-21-2023 @ 11:28:57 - Row :14 - Processing item.
12-21-2023 @ 11:28:57 - Processing users.
12-21-2023 @ 11:28:57 - > &#8220;493&#8221;User imported successfully. ID:493
12-21-2023 @ 11:28:57 - > Finished importing user 493
12-21-2023 @ 11:28:57 - Row :14 - User imported successfully.
12-21-2023 @ 11:28:57 - Row :15 - Parsing item.
12-21-2023 @ 11:28:57 - Row :15 - Processing item.
12-21-2023 @ 11:28:57 - Processing users.
12-21-2023 @ 11:28:57 - > &#8220;494&#8221;User imported successfully. ID:494
12-21-2023 @ 11:28:57 - > Finished importing user 494
12-21-2023 @ 11:28:57 - Row :15 - User imported successfully.
12-21-2023 @ 11:28:57 - Row :16 - Parsing item.
12-21-2023 @ 11:28:57 - Row :16 - Processing item.
12-21-2023 @ 11:28:57 - Processing users.
12-21-2023 @ 11:28:57 - > &#8220;495&#8221;User imported successfully. ID:495
12-21-2023 @ 11:28:57 - > Finished importing user 495
12-21-2023 @ 11:28:57 - Row :16 - User imported successfully.
12-21-2023 @ 11:28:57 - Row :17 - Parsing item.
12-21-2023 @ 11:28:57 - Row :17 - Processing item.
12-21-2023 @ 11:28:57 - Processing users.
12-21-2023 @ 11:28:57 - > &#8220;496&#8221;User imported successfully. ID:496
12-21-2023 @ 11:28:57 - > Finished importing user 496
12-21-2023 @ 11:28:57 - Row :17 - User imported successfully.
12-21-2023 @ 11:28:57 - Row :18 - Parsing item.
12-21-2023 @ 11:28:57 - Row :18 - Processing item.
12-21-2023 @ 11:28:57 - Processing users.
12-21-2023 @ 11:28:57 - > &#8220;497&#8221;User imported successfully. ID:497
12-21-2023 @ 11:28:57 - > Finished importing user 497
12-21-2023 @ 11:28:57 - Row :18 - User imported successfully.
12-21-2023 @ 11:28:57 - Row :19 - Parsing item.
12-21-2023 @ 11:28:57 - Row :19 - Processing item.
12-21-2023 @ 11:28:57 - Processing users.
12-21-2023 @ 11:28:57 - > &#8220;498&#8221;User imported successfully. ID:498
12-21-2023 @ 11:28:57 - > Finished importing user 498
12-21-2023 @ 11:28:57 - Row :19 - User imported successfully.
12-21-2023 @ 11:28:57 - Row :20 - Parsing item.
12-21-2023 @ 11:28:57 - Row :20 - Processing item.
12-21-2023 @ 11:28:57 - Processing users.
12-21-2023 @ 11:28:57 - > &#8220;499&#8221;User imported successfully. ID:499
12-21-2023 @ 11:28:57 - > Finished importing user 499
12-21-2023 @ 11:28:57 - Row :20 - User imported successfully.
12-21-2023 @ 11:28:58 - Preparing for import.
12-21-2023 @ 11:28:58 - Row :21 - Parsing item.
12-21-2023 @ 11:28:58 - Row :21 - Processing item.
12-21-2023 @ 11:28:58 - Processing users.
12-21-2023 @ 11:28:58 - > &#8220;500&#8221;User imported successfully. ID:500
12-21-2023 @ 11:28:58 - > Finished importing user 500
12-21-2023 @ 11:28:58 - Row :21 - User imported successfully.
12-21-2023 @ 11:28:58 - Row :22 - Parsing item.
12-21-2023 @ 11:28:58 - Row :22 - Processing item.
12-21-2023 @ 11:28:58 - Processing users.
12-21-2023 @ 11:28:58 - > &#8220;501&#8221;User imported successfully. ID:501
12-21-2023 @ 11:28:58 - > Finished importing user 501
12-21-2023 @ 11:28:58 - Row :22 - User imported successfully.
12-21-2023 @ 11:28:58 - Row :23 - Parsing item.
12-21-2023 @ 11:28:58 - Row :23 - Processing item.
12-21-2023 @ 11:28:58 - Processing users.
12-21-2023 @ 11:28:58 - > &#8220;502&#8221;User imported successfully. ID:502
12-21-2023 @ 11:28:58 - > Finished importing user 502
12-21-2023 @ 11:28:58 - Row :23 - User imported successfully.
12-21-2023 @ 11:28:58 - Row :24 - Parsing item.
12-21-2023 @ 11:28:58 - Row :24 - Processing item.
12-21-2023 @ 11:28:58 - Processing users.
12-21-2023 @ 11:28:58 - > &#8220;503&#8221;User imported successfully. ID:503
12-21-2023 @ 11:28:58 - > Finished importing user 503
12-21-2023 @ 11:28:58 - Row :24 - User imported successfully.
12-21-2023 @ 11:28:58 - Row :25 - Parsing item.
12-21-2023 @ 11:28:58 - Row :25 - Processing item.
12-21-2023 @ 11:28:58 - Processing users.
12-21-2023 @ 11:28:58 - > &#8220;504&#8221;User imported successfully. ID:504
12-21-2023 @ 11:28:58 - > Finished importing user 504
12-21-2023 @ 11:28:58 - Row :25 - User imported successfully.
12-21-2023 @ 11:28:58 - Row :26 - Parsing item.
12-21-2023 @ 11:28:58 - Row :26 - Processing item.
12-21-2023 @ 11:28:58 - Processing users.
12-21-2023 @ 11:28:58 - > &#8220;505&#8221;User imported successfully. ID:505
12-21-2023 @ 11:28:58 - > Finished importing user 505
12-21-2023 @ 11:28:58 - Row :26 - User imported successfully.
12-21-2023 @ 11:28:58 - Row :27 - Parsing item.
12-21-2023 @ 11:28:58 - Row :27 - Processing item.
12-21-2023 @ 11:28:58 - Processing users.
12-21-2023 @ 11:28:59 - > &#8220;506&#8221;User imported successfully. ID:506
12-21-2023 @ 11:28:59 - > Finished importing user 506
12-21-2023 @ 11:28:59 - Row :27 - User imported successfully.
12-21-2023 @ 11:28:59 - Row :28 - Parsing item.
12-21-2023 @ 11:28:59 - Row :28 - Processing item.
12-21-2023 @ 11:28:59 - Processing users.
12-21-2023 @ 11:28:59 - > &#8220;507&#8221;User imported successfully. ID:507
12-21-2023 @ 11:28:59 - > Finished importing user 507
12-21-2023 @ 11:28:59 - Row :28 - User imported successfully.
12-21-2023 @ 11:28:59 - Row :29 - Parsing item.
12-21-2023 @ 11:28:59 - Row :29 - Processing item.
12-21-2023 @ 11:28:59 - Processing users.
12-21-2023 @ 11:28:59 - > &#8220;508&#8221;User imported successfully. ID:508
12-21-2023 @ 11:28:59 - > Finished importing user 508
12-21-2023 @ 11:28:59 - Row :29 - User imported successfully.
12-21-2023 @ 11:28:59 - Row :30 - Parsing item.
12-21-2023 @ 11:28:59 - Row :30 - Processing item.
12-21-2023 @ 11:28:59 - Processing users.
12-21-2023 @ 11:28:59 - > &#8220;509&#8221;User imported successfully. ID:509
12-21-2023 @ 11:28:59 - > Finished importing user 509
12-21-2023 @ 11:28:59 - Row :30 - User imported successfully.
12-21-2023 @ 11:29:00 - Preparing for import.
12-21-2023 @ 11:29:00 - Row :31 - Parsing item.
12-21-2023 @ 11:29:00 - Row :31 - Processing item.
12-21-2023 @ 11:29:00 - Processing users.
12-21-2023 @ 11:29:00 - > &#8220;510&#8221;User imported successfully. ID:510
12-21-2023 @ 11:29:00 - > Finished importing user 510
12-21-2023 @ 11:29:00 - Row :31 - User imported successfully.
12-21-2023 @ 11:29:00 - Row :32 - Parsing item.
12-21-2023 @ 11:29:00 - Row :32 - Processing item.
12-21-2023 @ 11:29:00 - Processing users.
12-21-2023 @ 11:29:00 - > &#8220;511&#8221;User imported successfully. ID:511
12-21-2023 @ 11:29:00 - > Finished importing user 511
12-21-2023 @ 11:29:00 - Row :32 - User imported successfully.
12-21-2023 @ 11:29:00 - Row :33 - Parsing item.
12-21-2023 @ 11:29:00 - Row :33 - Processing item.
12-21-2023 @ 11:29:00 - Processing users.
12-21-2023 @ 11:29:00 - > &#8220;512&#8221;User imported successfully. ID:512
12-21-2023 @ 11:29:00 - > Finished importing user 512
12-21-2023 @ 11:29:00 - Row :33 - User imported successfully.
12-21-2023 @ 11:29:00 - Row :34 - Parsing item.
12-21-2023 @ 11:29:00 - Row :34 - Processing item.
12-21-2023 @ 11:29:00 - Processing users.
12-21-2023 @ 11:29:00 - > &#8220;513&#8221;User imported successfully. ID:513
12-21-2023 @ 11:29:00 - > Finished importing user 513
12-21-2023 @ 11:29:00 - Row :34 - User imported successfully.
12-21-2023 @ 11:29:00 - ---[ Import ended at 2023-12-21 11:29:00]---
